[0.005s] Invoking command in '/workspaces/isaac_ros-dev/build/zed_components': CMAKE_PREFIX_PATH=${CMAKE_PREFIX_PATH}:/opt/ros/humble /usr/bin/cmake --build /workspaces/isaac_ros-dev/build/zed_components -- -j20 -l20
[0.056s] -- Found CUDA: /usr/local/cuda (found suitable version "12.6", minimum required is "12") 
[0.097s] -- Found CUDA: /usr/local/cuda (found version "12.6") 
[0.098s] -- Found ament_cmake_auto: 1.3.14 (/opt/ros/humble/share/ament_cmake_auto/cmake)
[0.194s] -- Override CMake install command with custom implementation using symlinks instead of copying resources
[0.282s] -- Found rosidl_generator_c: 3.1.8 (/opt/ros/humble/share/rosidl_generator_c/cmake)
[0.284s] -- Found rosidl_adapter: 3.1.8 (/opt/ros/humble/share/rosidl_adapter/cmake)
[0.290s] -- Found rosidl_generator_cpp: 3.1.8 (/opt/ros/humble/share/rosidl_generator_cpp/cmake)
[0.301s] -- Using all available rosidl_typesupport_c: rosidl_typesupport_fastrtps_c;rosidl_typesupport_introspection_c
[0.317s] -- Using all available rosidl_typesupport_cpp: rosidl_typesupport_fastrtps_cpp;rosidl_typesupport_introspection_cpp
[0.397s] -- Found rmw_implementation_cmake: 6.1.2 (/opt/ros/humble/share/rmw_implementation_cmake/cmake)
[0.399s] -- Found rmw_fastrtps_cpp: 6.2.10 (/opt/ros/humble/share/rmw_fastrtps_cpp/cmake)
[0.507s] -- Using RMW implementation 'rmw_fastrtps_cpp' as default
[0.681s] -- Found eigen3_cmake_module: 0.1.1 (/opt/ros/humble/share/eigen3_cmake_module/cmake)
[0.682s] -- Ensuring Eigen3 include directory is part of orocos-kdl CMake target
[0.765s] -- Found ament_lint_auto: 0.12.15 (/opt/ros/humble/share/ament_lint_auto/cmake)
[0.786s] -- Added test 'copyright' to check source files copyright and LICENSE
[0.787s] -- Added test 'cppcheck' to perform static code analysis on C / C++ code
[0.787s] -- Configured cppcheck include dirs: /workspaces/isaac_ros-dev/src/zed-ros2-wrapper/zed_components/src/include;/workspaces/isaac_ros-dev/src/zed-ros2-wrapper/zed_components/src/zed_camera/include;/workspaces/isaac_ros-dev/src/zed-ros2-wrapper/zed_components/src/tools/include
[0.787s] -- Configured cppcheck exclude dirs and/or files: 
[0.787s] -- Added test 'lint_cmake' to check CMake code style
[0.789s] -- Added test 'uncrustify' to check C / C++ code style
[0.789s] -- Configured uncrustify additional arguments: 
[0.789s] -- Added test 'xmllint' to check XML markup files
[0.792s] -- Configuring done
[0.817s] -- Generating done
[0.823s] -- Build files have been written to: /workspaces/isaac_ros-dev/build/zed_components
[0.850s] [35m[1mConsolidate compiler generated dependencies of target zed_camera_one_component[0m
[0.850s] [35m[1mConsolidate compiler generated dependencies of target zed_camera_component[0m
[0.868s] [ 10%] [32mBuilding CXX object CMakeFiles/zed_camera_component.dir/src/tools/src/gnss_replay.cpp.o[0m
[0.869s] [ 20%] [32mBuilding CXX object CMakeFiles/zed_camera_component.dir/src/tools/src/sl_tools.cpp.o[0m
[0.870s] [ 30%] [32mBuilding CXX object CMakeFiles/zed_camera_component.dir/src/zed_camera/src/zed_camera_component.cpp.o[0m
[0.870s] [ 40%] [32mBuilding CXX object CMakeFiles/zed_camera_one_component.dir/src/tools/src/sl_tools.cpp.o[0m
[0.870s] [ 50%] [32mBuilding CXX object CMakeFiles/zed_camera_one_component.dir/src/tools/src/gnss_replay.cpp.o[0m
[0.871s] [ 60%] [32mBuilding CXX object CMakeFiles/zed_camera_one_component.dir/src/zed_camera/src/zed_camera_one_component.cpp.o[0m
[11.750s] [ 70%] [32m[1mLinking CXX shared library libzed_camera_one_component.so[0m
[12.042s] [ 80%] Built target zed_camera_one_component
[37.187s] [ 90%] [32m[1mLinking CXX shared library libzed_camera_component.so[0m
[37.506s] [100%] Built target zed_camera_component
[37.514s] Invoked command in '/workspaces/isaac_ros-dev/build/zed_components' returned '0': CMAKE_PREFIX_PATH=${CMAKE_PREFIX_PATH}:/opt/ros/humble /usr/bin/cmake --build /workspaces/isaac_ros-dev/build/zed_components -- -j20 -l20
[37.523s] Invoking command in '/workspaces/isaac_ros-dev/build/zed_components': CMAKE_PREFIX_PATH=${CMAKE_PREFIX_PATH}:/opt/ros/humble /usr/bin/cmake --install /workspaces/isaac_ros-dev/build/zed_components
[37.533s] -- Install configuration: "Release"
[37.533s] -- Execute custom install script
[37.533s] -- Up-to-date symlink: /workspaces/isaac_ros-dev/install/zed_components/lib/libzed_camera_component.so
[37.534s] -- Up-to-date symlink: /workspaces/isaac_ros-dev/install/zed_components/lib/libzed_camera_one_component.so
[37.534s] -- Up-to-date symlink: /workspaces/isaac_ros-dev/install/zed_components/include/zed_components//cost_traversability.hpp
[37.534s] -- Up-to-date symlink: /workspaces/isaac_ros-dev/install/zed_components/include/zed_components//sl_types.hpp
[37.534s] -- Up-to-date symlink: /workspaces/isaac_ros-dev/install/zed_components/include/zed_components//zed_camera_component.hpp
[37.534s] -- Up-to-date symlink: /workspaces/isaac_ros-dev/install/zed_components/include/zed_components//zed_camera_one_component.hpp
[37.535s] -- Up-to-date symlink: /workspaces/isaac_ros-dev/install/zed_components/include/zed_components//gnss_replay.hpp
[37.535s] -- Up-to-date symlink: /workspaces/isaac_ros-dev/install/zed_components/include/zed_components//json.hpp
[37.535s] -- Up-to-date symlink: /workspaces/isaac_ros-dev/install/zed_components/include/zed_components//sl_logging.hpp
[37.535s] -- Up-to-date symlink: /workspaces/isaac_ros-dev/install/zed_components/include/zed_components//sl_tools.hpp
[37.535s] -- Up-to-date symlink: /workspaces/isaac_ros-dev/install/zed_components/include/zed_components//sl_win_avg.hpp
[37.535s] -- Up-to-date symlink: /workspaces/isaac_ros-dev/install/zed_components/include/zed_components//visibility_control.hpp
[37.535s] -- Up-to-date symlink: /workspaces/isaac_ros-dev/install/zed_components/share/zed_components/environment/library_path.sh
[37.535s] -- Up-to-date symlink: /workspaces/isaac_ros-dev/install/zed_components/share/zed_components/environment/library_path.dsv
[37.535s] -- Up-to-date symlink: /workspaces/isaac_ros-dev/install/zed_components/share/ament_index/resource_index/package_run_dependencies/zed_components
[37.536s] -- Up-to-date symlink: /workspaces/isaac_ros-dev/install/zed_components/share/ament_index/resource_index/parent_prefix_path/zed_components
[37.536s] -- Up-to-date symlink: /workspaces/isaac_ros-dev/install/zed_components/share/zed_components/environment/ament_prefix_path.sh
[37.536s] -- Up-to-date symlink: /workspaces/isaac_ros-dev/install/zed_components/share/zed_components/environment/ament_prefix_path.dsv
[37.536s] -- Up-to-date symlink: /workspaces/isaac_ros-dev/install/zed_components/share/zed_components/environment/path.sh
[37.536s] -- Up-to-date symlink: /workspaces/isaac_ros-dev/install/zed_components/share/zed_components/environment/path.dsv
[37.536s] -- Up-to-date symlink: /workspaces/isaac_ros-dev/install/zed_components/share/zed_components/local_setup.bash
[37.536s] -- Up-to-date symlink: /workspaces/isaac_ros-dev/install/zed_components/share/zed_components/local_setup.sh
[37.536s] -- Up-to-date symlink: /workspaces/isaac_ros-dev/install/zed_components/share/zed_components/local_setup.zsh
[37.536s] -- Up-to-date symlink: /workspaces/isaac_ros-dev/install/zed_components/share/zed_components/local_setup.dsv
[37.536s] -- Symlinking: /workspaces/isaac_ros-dev/install/zed_components/share/zed_components/package.dsv
[37.542s] -- Up-to-date symlink: /workspaces/isaac_ros-dev/install/zed_components/share/ament_index/resource_index/packages/zed_components
[37.543s] -- Up-to-date symlink: /workspaces/isaac_ros-dev/install/zed_components/share/ament_index/resource_index/rclcpp_components/zed_components
[37.543s] -- Up-to-date symlink: /workspaces/isaac_ros-dev/install/zed_components/share/zed_components/cmake/ament_cmake_export_include_directories-extras.cmake
[37.543s] -- Up-to-date symlink: /workspaces/isaac_ros-dev/install/zed_components/share/zed_components/cmake/ament_cmake_export_libraries-extras.cmake
[37.543s] -- Up-to-date symlink: /workspaces/isaac_ros-dev/install/zed_components/share/zed_components/cmake/ament_cmake_export_dependencies-extras.cmake
[37.543s] -- Up-to-date symlink: /workspaces/isaac_ros-dev/install/zed_components/share/zed_components/cmake/zed_componentsConfig.cmake
[37.543s] -- Up-to-date symlink: /workspaces/isaac_ros-dev/install/zed_components/share/zed_components/cmake/zed_componentsConfig-version.cmake
[37.543s] -- Up-to-date symlink: /workspaces/isaac_ros-dev/install/zed_components/share/zed_components/package.xml
[37.545s] Invoked command in '/workspaces/isaac_ros-dev/build/zed_components' returned '0': CMAKE_PREFIX_PATH=${CMAKE_PREFIX_PATH}:/opt/ros/humble /usr/bin/cmake --install /workspaces/isaac_ros-dev/build/zed_components
