[0.007s] Invoking command in '/home/xplore/dev_ws/src/localization/camera/isaac/build/zed_wrapper': AMENT_PREFIX_PATH=/home/xplore/dev_ws/src/localization/camera/isaac/install/zed_components:${AMENT_PREFIX_PATH} CMAKE_PREFIX_PATH=/home/xplore/dev_ws/src/localization/camera/isaac/install/zed_components:/usr/local/zed:/home/xplore/dev_ws/install/ros2_aruco_opti:/home/xplore/dev_ws/install/ros2_aruco_interfaces:/home/xplore/dev_ws/install/ros2_aruco:/opt/ros/humble LD_LIBRARY_PATH=/home/xplore/dev_ws/src/localization/camera/isaac/install/zed_components/lib:${LD_LIBRARY_PATH} /usr/bin/cmake /home/xplore/dev_ws/src/localization/camera/isaac/src/zed-ros2-wrapper/zed_wrapper -DCMAKE_BUILD_TYPE=Release -DAMENT_CMAKE_SYMLINK_INSTALL=1 -DCMAKE_INSTALL_PREFIX=/home/xplore/dev_ws/src/localization/camera/isaac/install/zed_wrapper
[0.073s] -- The C compiler identification is GNU 11.4.0
[0.126s] -- The CXX compiler identification is GNU 11.4.0
[0.131s] -- Detecting C compiler ABI info
[0.205s] -- Detecting C compiler ABI info - done
[0.210s] -- Check for working C compiler: /usr/bin/cc - skipped
[0.211s] -- Detecting C compile features
[0.211s] -- Detecting C compile features - done
[0.213s] -- Detecting CXX compiler ABI info
[0.288s] -- Detecting CXX compiler ABI info - done
[0.292s] -- Check for working CXX compiler: /usr/bin/c++ - skipped
[0.292s] -- Detecting CXX compile features
[0.293s] -- Detecting CXX compile features - done
[0.295s] -- Found ament_cmake_auto: 1.3.13 (/opt/ros/humble/share/ament_cmake_auto/cmake)
[0.417s] -- Found Python3: /usr/bin/python3 (found version "3.10.12") found components: Interpreter 
[0.461s] -- Override CMake install command with custom implementation using symlinks instead of copying resources
[0.582s] -- Found rosidl_generator_c: 3.1.8 (/opt/ros/humble/share/rosidl_generator_c/cmake)
[0.587s] -- Found rosidl_adapter: 3.1.8 (/opt/ros/humble/share/rosidl_adapter/cmake)
[0.595s] -- Found rosidl_generator_cpp: 3.1.8 (/opt/ros/humble/share/rosidl_generator_cpp/cmake)
[0.604s] -- Using all available rosidl_typesupport_c: rosidl_typesupport_fastrtps_c;rosidl_typesupport_introspection_c
[0.616s] -- Using all available rosidl_typesupport_cpp: rosidl_typesupport_fastrtps_cpp;rosidl_typesupport_introspection_cpp
[0.652s] -- Found rmw_implementation_cmake: 6.1.2 (/opt/ros/humble/share/rmw_implementation_cmake/cmake)
[0.657s] -- Found rmw_cyclonedds_cpp: 1.3.4 (/opt/ros/humble/share/rmw_cyclonedds_cpp/cmake)
[0.678s] -- Using RMW implementation 'rmw_cyclonedds_cpp' as default
[0.686s] -- Looking for pthread.h
[0.739s] -- Looking for pthread.h - found
[0.739s] -- Performing Test CMAKE_HAVE_LIBC_PTHREAD
[0.790s] -- Performing Test CMAKE_HAVE_LIBC_PTHREAD - Success
[0.791s] -- Found Threads: TRUE  
[0.973s] -- Found eigen3_cmake_module: 0.1.1 (/opt/ros/humble/share/eigen3_cmake_module/cmake)
[0.973s] -- Found Eigen3: TRUE (found version "3.4.0") 
[0.973s] -- Ensuring Eigen3 include directory is part of orocos-kdl CMake target
[1.121s] -- Configuring done
[1.124s] -- Generating done
[1.126s] -- Build files have been written to: /home/xplore/dev_ws/src/localization/camera/isaac/build/zed_wrapper
[1.132s] Invoked command in '/home/xplore/dev_ws/src/localization/camera/isaac/build/zed_wrapper' returned '0': AMENT_PREFIX_PATH=/home/xplore/dev_ws/src/localization/camera/isaac/install/zed_components:${AMENT_PREFIX_PATH} CMAKE_PREFIX_PATH=/home/xplore/dev_ws/src/localization/camera/isaac/install/zed_components:/usr/local/zed:/home/xplore/dev_ws/install/ros2_aruco_opti:/home/xplore/dev_ws/install/ros2_aruco_interfaces:/home/xplore/dev_ws/install/ros2_aruco:/opt/ros/humble LD_LIBRARY_PATH=/home/xplore/dev_ws/src/localization/camera/isaac/install/zed_components/lib:${LD_LIBRARY_PATH} /usr/bin/cmake /home/xplore/dev_ws/src/localization/camera/isaac/src/zed-ros2-wrapper/zed_wrapper -DCMAKE_BUILD_TYPE=Release -DAMENT_CMAKE_SYMLINK_INSTALL=1 -DCMAKE_INSTALL_PREFIX=/home/xplore/dev_ws/src/localization/camera/isaac/install/zed_wrapper
[1.133s] Invoking command in '/home/xplore/dev_ws/src/localization/camera/isaac/build/zed_wrapper': AMENT_PREFIX_PATH=/home/xplore/dev_ws/src/localization/camera/isaac/install/zed_components:${AMENT_PREFIX_PATH} CMAKE_PREFIX_PATH=/home/xplore/dev_ws/src/localization/camera/isaac/install/zed_components:/usr/local/zed:/home/xplore/dev_ws/install/ros2_aruco_opti:/home/xplore/dev_ws/install/ros2_aruco_interfaces:/home/xplore/dev_ws/install/ros2_aruco:/opt/ros/humble LD_LIBRARY_PATH=/home/xplore/dev_ws/src/localization/camera/isaac/install/zed_components/lib:${LD_LIBRARY_PATH} /usr/bin/cmake --build /home/xplore/dev_ws/src/localization/camera/isaac/build/zed_wrapper -- -j20 -l20
[1.174s] Invoked command in '/home/xplore/dev_ws/src/localization/camera/isaac/build/zed_wrapper' returned '0': AMENT_PREFIX_PATH=/home/xplore/dev_ws/src/localization/camera/isaac/install/zed_components:${AMENT_PREFIX_PATH} CMAKE_PREFIX_PATH=/home/xplore/dev_ws/src/localization/camera/isaac/install/zed_components:/usr/local/zed:/home/xplore/dev_ws/install/ros2_aruco_opti:/home/xplore/dev_ws/install/ros2_aruco_interfaces:/home/xplore/dev_ws/install/ros2_aruco:/opt/ros/humble LD_LIBRARY_PATH=/home/xplore/dev_ws/src/localization/camera/isaac/install/zed_components/lib:${LD_LIBRARY_PATH} /usr/bin/cmake --build /home/xplore/dev_ws/src/localization/camera/isaac/build/zed_wrapper -- -j20 -l20
[1.175s] Invoking command in '/home/xplore/dev_ws/src/localization/camera/isaac/build/zed_wrapper': AMENT_PREFIX_PATH=/home/xplore/dev_ws/src/localization/camera/isaac/install/zed_components:${AMENT_PREFIX_PATH} CMAKE_PREFIX_PATH=/home/xplore/dev_ws/src/localization/camera/isaac/install/zed_components:/usr/local/zed:/home/xplore/dev_ws/install/ros2_aruco_opti:/home/xplore/dev_ws/install/ros2_aruco_interfaces:/home/xplore/dev_ws/install/ros2_aruco:/opt/ros/humble LD_LIBRARY_PATH=/home/xplore/dev_ws/src/localization/camera/isaac/install/zed_components/lib:${LD_LIBRARY_PATH} /usr/bin/cmake --install /home/xplore/dev_ws/src/localization/camera/isaac/build/zed_wrapper
[1.183s] -- Install configuration: "Release"
[1.183s] -- Execute custom install script
[1.183s] -- Symlinking: /home/xplore/dev_ws/src/localization/camera/isaac/install/zed_wrapper/share/zed_wrapper/config/common_mono.yaml
[1.193s] -- Symlinking: /home/xplore/dev_ws/src/localization/camera/isaac/install/zed_wrapper/share/zed_wrapper/config/common_stereo.yaml
[1.202s] -- Symlinking: /home/xplore/dev_ws/src/localization/camera/isaac/install/zed_wrapper/share/zed_wrapper/config/ffmpeg.yaml
[1.210s] -- Symlinking: /home/xplore/dev_ws/src/localization/camera/isaac/install/zed_wrapper/share/zed_wrapper/config/virtual.yaml
[1.218s] -- Symlinking: /home/xplore/dev_ws/src/localization/camera/isaac/install/zed_wrapper/share/zed_wrapper/config/zed.yaml
[1.227s] -- Symlinking: /home/xplore/dev_ws/src/localization/camera/isaac/install/zed_wrapper/share/zed_wrapper/config/zed2.yaml
[1.234s] -- Symlinking: /home/xplore/dev_ws/src/localization/camera/isaac/install/zed_wrapper/share/zed_wrapper/config/zed2i.yaml
[1.240s] -- Symlinking: /home/xplore/dev_ws/src/localization/camera/isaac/install/zed_wrapper/share/zed_wrapper/config/zedm.yaml
[1.250s] -- Symlinking: /home/xplore/dev_ws/src/localization/camera/isaac/install/zed_wrapper/share/zed_wrapper/config/zedx.yaml
[1.260s] -- Symlinking: /home/xplore/dev_ws/src/localization/camera/isaac/install/zed_wrapper/share/zed_wrapper/config/zedxm.yaml
[1.267s] -- Symlinking: /home/xplore/dev_ws/src/localization/camera/isaac/install/zed_wrapper/share/zed_wrapper/config/zedxone4k.yaml
[1.275s] -- Symlinking: /home/xplore/dev_ws/src/localization/camera/isaac/install/zed_wrapper/share/zed_wrapper/config/zedxonegs.yaml
[1.284s] -- Symlinking: /home/xplore/dev_ws/src/localization/camera/isaac/install/zed_wrapper/share/zed_wrapper/urdf/include/materials.urdf.xacro
[1.294s] -- Symlinking: /home/xplore/dev_ws/src/localization/camera/isaac/install/zed_wrapper/share/zed_wrapper/urdf/zed_descr.urdf.xacro
[1.300s] -- Symlinking: /home/xplore/dev_ws/src/localization/camera/isaac/install/zed_wrapper/share/zed_wrapper/urdf/zed_macro.urdf.xacro
[1.307s] -- Symlinking: /home/xplore/dev_ws/src/localization/camera/isaac/install/zed_wrapper/share/zed_wrapper/launch/__pycache__/zed_camera.launch.cpython-310.pyc
[1.313s] -- Symlinking: /home/xplore/dev_ws/src/localization/camera/isaac/install/zed_wrapper/share/zed_wrapper/launch/zed_camera.launch.py
[1.322s] -- Symlinking: /home/xplore/dev_ws/src/localization/camera/isaac/install/zed_wrapper/share/ament_index/resource_index/package_run_dependencies/zed_wrapper
[1.329s] -- Symlinking: /home/xplore/dev_ws/src/localization/camera/isaac/install/zed_wrapper/share/ament_index/resource_index/parent_prefix_path/zed_wrapper
[1.336s] -- Symlinking: /home/xplore/dev_ws/src/localization/camera/isaac/install/zed_wrapper/share/zed_wrapper/environment/ament_prefix_path.sh
[1.343s] -- Symlinking: /home/xplore/dev_ws/src/localization/camera/isaac/install/zed_wrapper/share/zed_wrapper/environment/ament_prefix_path.dsv
[1.353s] -- Symlinking: /home/xplore/dev_ws/src/localization/camera/isaac/install/zed_wrapper/share/zed_wrapper/environment/path.sh
[1.361s] -- Symlinking: /home/xplore/dev_ws/src/localization/camera/isaac/install/zed_wrapper/share/zed_wrapper/environment/path.dsv
[1.366s] -- Symlinking: /home/xplore/dev_ws/src/localization/camera/isaac/install/zed_wrapper/share/zed_wrapper/local_setup.bash
[1.373s] -- Symlinking: /home/xplore/dev_ws/src/localization/camera/isaac/install/zed_wrapper/share/zed_wrapper/local_setup.sh
[1.384s] -- Symlinking: /home/xplore/dev_ws/src/localization/camera/isaac/install/zed_wrapper/share/zed_wrapper/local_setup.zsh
[1.391s] -- Symlinking: /home/xplore/dev_ws/src/localization/camera/isaac/install/zed_wrapper/share/zed_wrapper/local_setup.dsv
[1.399s] -- Symlinking: /home/xplore/dev_ws/src/localization/camera/isaac/install/zed_wrapper/share/zed_wrapper/package.dsv
[1.407s] -- Symlinking: /home/xplore/dev_ws/src/localization/camera/isaac/install/zed_wrapper/share/ament_index/resource_index/packages/zed_wrapper
[1.414s] -- Symlinking: /home/xplore/dev_ws/src/localization/camera/isaac/install/zed_wrapper/share/zed_wrapper/cmake/zed_wrapperConfig.cmake
[1.420s] -- Symlinking: /home/xplore/dev_ws/src/localization/camera/isaac/install/zed_wrapper/share/zed_wrapper/cmake/zed_wrapperConfig-version.cmake
[1.428s] -- Symlinking: /home/xplore/dev_ws/src/localization/camera/isaac/install/zed_wrapper/share/zed_wrapper/package.xml
[1.437s] Invoked command in '/home/xplore/dev_ws/src/localization/camera/isaac/build/zed_wrapper' returned '0': AMENT_PREFIX_PATH=/home/xplore/dev_ws/src/localization/camera/isaac/install/zed_components:${AMENT_PREFIX_PATH} CMAKE_PREFIX_PATH=/home/xplore/dev_ws/src/localization/camera/isaac/install/zed_components:/usr/local/zed:/home/xplore/dev_ws/install/ros2_aruco_opti:/home/xplore/dev_ws/install/ros2_aruco_interfaces:/home/xplore/dev_ws/install/ros2_aruco:/opt/ros/humble LD_LIBRARY_PATH=/home/xplore/dev_ws/src/localization/camera/isaac/install/zed_components/lib:${LD_LIBRARY_PATH} /usr/bin/cmake --install /home/xplore/dev_ws/src/localization/camera/isaac/build/zed_wrapper
