[0.007s] Invoking command in '/workspaces/isaac_ros-dev/build/zed_components': CMAKE_PREFIX_PATH=${CMAKE_PREFIX_PATH}:/opt/ros/humble /usr/bin/cmake --build /workspaces/isaac_ros-dev/build/zed_components -- -j20 -l20
[0.050s] -- Found CUDA: /usr/local/cuda (found suitable version "12.6", minimum required is "12") 
[0.093s] -- Found CUDA: /usr/local/cuda (found version "12.6") 
[0.093s] -- Found ament_cmake_auto: 1.3.14 (/opt/ros/humble/share/ament_cmake_auto/cmake)
[0.186s] -- Override CMake install command with custom implementation using symlinks instead of copying resources
[0.269s] -- Found rosidl_generator_c: 3.1.8 (/opt/ros/humble/share/rosidl_generator_c/cmake)
[0.270s] -- Found rosidl_adapter: 3.1.8 (/opt/ros/humble/share/rosidl_adapter/cmake)
[0.273s] -- Found rosidl_generator_cpp: 3.1.8 (/opt/ros/humble/share/rosidl_generator_cpp/cmake)
[0.278s] -- Using all available rosidl_typesupport_c: rosidl_typesupport_fastrtps_c;rosidl_typesupport_introspection_c
[0.284s] -- Using all available rosidl_typesupport_cpp: rosidl_typesupport_fastrtps_cpp;rosidl_typesupport_introspection_cpp
[0.335s] -- Found rmw_implementation_cmake: 6.1.2 (/opt/ros/humble/share/rmw_implementation_cmake/cmake)
[0.336s] -- Found rmw_fastrtps_cpp: 6.2.10 (/opt/ros/humble/share/rmw_fastrtps_cpp/cmake)
[0.416s] -- Using RMW implementation 'rmw_fastrtps_cpp' as default
[0.529s] -- Found eigen3_cmake_module: 0.1.1 (/opt/ros/humble/share/eigen3_cmake_module/cmake)
[0.530s] -- Ensuring Eigen3 include directory is part of orocos-kdl CMake target
[0.596s] -- Found ament_lint_auto: 0.12.15 (/opt/ros/humble/share/ament_lint_auto/cmake)
[0.612s] -- Added test 'copyright' to check source files copyright and LICENSE
[0.613s] -- Added test 'cppcheck' to perform static code analysis on C / C++ code
[0.613s] -- Configured cppcheck include dirs: /workspaces/isaac_ros-dev/src/zed-ros2-wrapper/zed_components/src/include;/workspaces/isaac_ros-dev/src/zed-ros2-wrapper/zed_components/src/zed_camera/include;/workspaces/isaac_ros-dev/src/zed-ros2-wrapper/zed_components/src/tools/include
[0.613s] -- Configured cppcheck exclude dirs and/or files: 
[0.614s] -- Added test 'lint_cmake' to check CMake code style
[0.615s] -- Added test 'uncrustify' to check C / C++ code style
[0.615s] -- Configured uncrustify additional arguments: 
[0.616s] -- Added test 'xmllint' to check XML markup files
[0.617s] -- Configuring done
[0.635s] -- Generating done
[0.640s] -- Build files have been written to: /workspaces/isaac_ros-dev/build/zed_components
[0.663s] [35m[1mConsolidate compiler generated dependencies of target zed_camera_one_component[0m
[0.663s] [35m[1mConsolidate compiler generated dependencies of target zed_camera_component[0m
[0.684s] [ 50%] Built target zed_camera_component
[0.684s] [100%] Built target zed_camera_one_component
[0.691s] Invoked command in '/workspaces/isaac_ros-dev/build/zed_components' returned '0': CMAKE_PREFIX_PATH=${CMAKE_PREFIX_PATH}:/opt/ros/humble /usr/bin/cmake --build /workspaces/isaac_ros-dev/build/zed_components -- -j20 -l20
[0.697s] Invoking command in '/workspaces/isaac_ros-dev/build/zed_components': CMAKE_PREFIX_PATH=${CMAKE_PREFIX_PATH}:/opt/ros/humble /usr/bin/cmake --install /workspaces/isaac_ros-dev/build/zed_components
[0.702s] -- Install configuration: "Release"
[0.702s] -- Execute custom install script
[0.703s] -- Up-to-date symlink: /workspaces/isaac_ros-dev/install/zed_components/lib/libzed_camera_component.so
[0.703s] -- Up-to-date symlink: /workspaces/isaac_ros-dev/install/zed_components/lib/libzed_camera_one_component.so
[0.703s] -- Up-to-date symlink: /workspaces/isaac_ros-dev/install/zed_components/include/zed_components//cost_traversability.hpp
[0.703s] -- Up-to-date symlink: /workspaces/isaac_ros-dev/install/zed_components/include/zed_components//sl_types.hpp
[0.703s] -- Up-to-date symlink: /workspaces/isaac_ros-dev/install/zed_components/include/zed_components//zed_camera_component.hpp
[0.703s] -- Up-to-date symlink: /workspaces/isaac_ros-dev/install/zed_components/include/zed_components//zed_camera_one_component.hpp
[0.703s] -- Up-to-date symlink: /workspaces/isaac_ros-dev/install/zed_components/include/zed_components//gnss_replay.hpp
[0.703s] -- Up-to-date symlink: /workspaces/isaac_ros-dev/install/zed_components/include/zed_components//json.hpp
[0.703s] -- Up-to-date symlink: /workspaces/isaac_ros-dev/install/zed_components/include/zed_components//sl_logging.hpp
[0.703s] -- Up-to-date symlink: /workspaces/isaac_ros-dev/install/zed_components/include/zed_components//sl_tools.hpp
[0.703s] -- Up-to-date symlink: /workspaces/isaac_ros-dev/install/zed_components/include/zed_components//sl_win_avg.hpp
[0.703s] -- Up-to-date symlink: /workspaces/isaac_ros-dev/install/zed_components/include/zed_components//visibility_control.hpp
[0.703s] -- Up-to-date symlink: /workspaces/isaac_ros-dev/install/zed_components/share/zed_components/environment/library_path.sh
[0.703s] -- Up-to-date symlink: /workspaces/isaac_ros-dev/install/zed_components/share/zed_components/environment/library_path.dsv
[0.704s] -- Up-to-date symlink: /workspaces/isaac_ros-dev/install/zed_components/share/ament_index/resource_index/package_run_dependencies/zed_components
[0.704s] -- Up-to-date symlink: /workspaces/isaac_ros-dev/install/zed_components/share/ament_index/resource_index/parent_prefix_path/zed_components
[0.704s] -- Up-to-date symlink: /workspaces/isaac_ros-dev/install/zed_components/share/zed_components/environment/ament_prefix_path.sh
[0.704s] -- Up-to-date symlink: /workspaces/isaac_ros-dev/install/zed_components/share/zed_components/environment/ament_prefix_path.dsv
[0.704s] -- Up-to-date symlink: /workspaces/isaac_ros-dev/install/zed_components/share/zed_components/environment/path.sh
[0.704s] -- Up-to-date symlink: /workspaces/isaac_ros-dev/install/zed_components/share/zed_components/environment/path.dsv
[0.704s] -- Up-to-date symlink: /workspaces/isaac_ros-dev/install/zed_components/share/zed_components/local_setup.bash
[0.704s] -- Up-to-date symlink: /workspaces/isaac_ros-dev/install/zed_components/share/zed_components/local_setup.sh
[0.704s] -- Up-to-date symlink: /workspaces/isaac_ros-dev/install/zed_components/share/zed_components/local_setup.zsh
[0.704s] -- Up-to-date symlink: /workspaces/isaac_ros-dev/install/zed_components/share/zed_components/local_setup.dsv
[0.704s] -- Symlinking: /workspaces/isaac_ros-dev/install/zed_components/share/zed_components/package.dsv
[0.710s] -- Up-to-date symlink: /workspaces/isaac_ros-dev/install/zed_components/share/ament_index/resource_index/packages/zed_components
[0.710s] -- Up-to-date symlink: /workspaces/isaac_ros-dev/install/zed_components/share/ament_index/resource_index/rclcpp_components/zed_components
[0.711s] -- Up-to-date symlink: /workspaces/isaac_ros-dev/install/zed_components/share/zed_components/cmake/ament_cmake_export_include_directories-extras.cmake
[0.711s] -- Up-to-date symlink: /workspaces/isaac_ros-dev/install/zed_components/share/zed_components/cmake/ament_cmake_export_libraries-extras.cmake
[0.711s] -- Up-to-date symlink: /workspaces/isaac_ros-dev/install/zed_components/share/zed_components/cmake/ament_cmake_export_dependencies-extras.cmake
[0.711s] -- Up-to-date symlink: /workspaces/isaac_ros-dev/install/zed_components/share/zed_components/cmake/zed_componentsConfig.cmake
[0.711s] -- Up-to-date symlink: /workspaces/isaac_ros-dev/install/zed_components/share/zed_components/cmake/zed_componentsConfig-version.cmake
[0.711s] -- Up-to-date symlink: /workspaces/isaac_ros-dev/install/zed_components/share/zed_components/package.xml
[0.712s] Invoked command in '/workspaces/isaac_ros-dev/build/zed_components' returned '0': CMAKE_PREFIX_PATH=${CMAKE_PREFIX_PATH}:/opt/ros/humble /usr/bin/cmake --install /workspaces/isaac_ros-dev/build/zed_components
