[0.007s] Invoking command in '/workspaces/isaac_ros-dev/build/zed_components': /usr/bin/cmake --build /workspaces/isaac_ros-dev/build/zed_components -- -j20 -l20
[0.091s] -- Found CUDA: /usr/local/cuda (found suitable version "12.6", minimum required is "12") 
[0.288s] -- Found CUDA: /usr/local/cuda (found version "12.6") 
[0.289s] -- Found ament_cmake_auto: 1.3.14 (/opt/ros/humble/share/ament_cmake_auto/cmake)
[0.378s] Traceback (most recent call last):
[0.378s]   File "/opt/ros/humble/share/ament_cmake_core/cmake/package_templates/templates_2_cmake.py", line 21, in <module>
[0.378s]     from ament_package.templates import get_environment_hook_template_path
[0.378s] ModuleNotFoundError: No module named 'ament_package'
[0.379s] [31mCMake Error at /opt/ros/humble/share/ament_cmake_core/cmake/ament_cmake_package_templates-extras.cmake:41 (message):
[0.379s]   execute_process(/usr/bin/python3
[0.379s]   /opt/ros/humble/share/ament_cmake_core/cmake/package_templates/templates_2_cmake.py
[0.379s]   /workspaces/isaac_ros-dev/build/zed_components/ament_cmake_package_templates/templates.cmake)
[0.379s]   returned error code 1
[0.379s] Call Stack (most recent call first):
[0.379s]   /opt/ros/humble/share/ament_cmake_core/cmake/ament_cmake_coreConfig.cmake:41 (include)
[0.379s]   /opt/ros/humble/share/ament_cmake/cmake/ament_cmake_export_dependencies-extras.cmake:15 (find_package)
[0.379s]   /opt/ros/humble/share/ament_cmake/cmake/ament_cmakeConfig.cmake:41 (include)
[0.380s]   /opt/ros/humble/share/ament_cmake_auto/cmake/ament_cmake_auto-extras.cmake:17 (find_package)
[0.380s]   /opt/ros/humble/share/ament_cmake_auto/cmake/ament_cmake_autoConfig.cmake:41 (include)
[0.380s]   CMakeLists.txt:118 (find_package)
[0.380s] 
[0.380s] [0m
[0.380s] -- Configuring incomplete, errors occurred!
[0.380s] See also "/workspaces/isaac_ros-dev/build/zed_components/CMakeFiles/CMakeOutput.log".
[0.380s] See also "/workspaces/isaac_ros-dev/build/zed_components/CMakeFiles/CMakeError.log".
[0.383s] gmake: *** [Makefile:412: cmake_check_build_system] Error 1
[0.384s] Invoked command in '/workspaces/isaac_ros-dev/build/zed_components' returned '2': /usr/bin/cmake --build /workspaces/isaac_ros-dev/build/zed_components -- -j20 -l20
