[0.007s] Invoking command in '/workspaces/isaac_ros-dev/build/zed_components': CMAKE_PREFIX_PATH=${CMAKE_PREFIX_PATH}:/opt/ros/humble /usr/bin/cmake --build /workspaces/isaac_ros-dev/build/zed_components -- -j20 -l20
[0.051s] -- Found CUDA: /usr/local/cuda (found suitable version "12.6", minimum required is "12") 
[0.089s] -- Found CUDA: /usr/local/cuda (found version "12.6") 
[0.090s] -- Found ament_cmake_auto: 1.3.14 (/opt/ros/humble/share/ament_cmake_auto/cmake)
[0.181s] -- Override CMake install command with custom implementation using symlinks instead of copying resources
[0.248s] -- Found rosidl_generator_c: 3.1.8 (/opt/ros/humble/share/rosidl_generator_c/cmake)
[0.249s] -- Found rosidl_adapter: 3.1.8 (/opt/ros/humble/share/rosidl_adapter/cmake)
[0.252s] -- Found rosidl_generator_cpp: 3.1.8 (/opt/ros/humble/share/rosidl_generator_cpp/cmake)
[0.257s] -- Using all available rosidl_typesupport_c: rosidl_typesupport_fastrtps_c;rosidl_typesupport_introspection_c
[0.264s] -- Using all available rosidl_typesupport_cpp: rosidl_typesupport_fastrtps_cpp;rosidl_typesupport_introspection_cpp
[0.312s] -- Found rmw_implementation_cmake: 6.1.2 (/opt/ros/humble/share/rmw_implementation_cmake/cmake)
[0.313s] -- Found rmw_fastrtps_cpp: 6.2.10 (/opt/ros/humble/share/rmw_fastrtps_cpp/cmake)
[0.404s] -- Using RMW implementation 'rmw_fastrtps_cpp' as default
[0.537s] -- Found eigen3_cmake_module: 0.1.1 (/opt/ros/humble/share/eigen3_cmake_module/cmake)
[0.538s] -- Ensuring Eigen3 include directory is part of orocos-kdl CMake target
[0.622s] [31mCMake Error at CMakeLists.txt:139 (find_package):
[0.622s]   By not providing "Findcob_srvs.cmake" in CMAKE_MODULE_PATH this project has
[0.622s]   asked CMake to find a package configuration file provided by "cob_srvs",
[0.622s]   but CMake did not find one.
[0.622s] 
[0.623s]   Could not find a package configuration file provided by "cob_srvs" with any
[0.623s]   of the following names:
[0.623s] 
[0.623s]     cob_srvsConfig.cmake
[0.623s]     cob_srvs-config.cmake
[0.623s] 
[0.623s]   Add the installation prefix of "cob_srvs" to CMAKE_PREFIX_PATH or set
[0.623s]   "cob_srvs_DIR" to a directory containing one of the above files.  If
[0.623s]   "cob_srvs" provides a separate development package or SDK, be sure it has
[0.623s]   been installed.
[0.623s] 
[0.623s] [0m
[0.623s] -- Configuring incomplete, errors occurred!
[0.623s] See also "/workspaces/isaac_ros-dev/build/zed_components/CMakeFiles/CMakeOutput.log".
[0.623s] See also "/workspaces/isaac_ros-dev/build/zed_components/CMakeFiles/CMakeError.log".
[0.627s] gmake: *** [Makefile:412: cmake_check_build_system] Error 1
[0.629s] Invoked command in '/workspaces/isaac_ros-dev/build/zed_components' returned '2': CMAKE_PREFIX_PATH=${CMAKE_PREFIX_PATH}:/opt/ros/humble /usr/bin/cmake --build /workspaces/isaac_ros-dev/build/zed_components -- -j20 -l20
