[0.008s] Invoking command in '/workspaces/isaac_ros-dev/build/zed_wrapper': CMAKE_PREFIX_PATH=/workspaces/isaac_ros-dev/install/zed_components:/workspaces/isaac_ros-dev/install/zed_wrapper:/usr/local/libcudss-linux-0.3.0.9_cuda12-archive:/opt/ros/humble /usr/bin/cmake --build /workspaces/isaac_ros-dev/build/zed_wrapper -- -j20 -l20
[0.040s] Invoked command in '/workspaces/isaac_ros-dev/build/zed_wrapper' returned '0': CMAKE_PREFIX_PATH=/workspaces/isaac_ros-dev/install/zed_components:/workspaces/isaac_ros-dev/install/zed_wrapper:/usr/local/libcudss-linux-0.3.0.9_cuda12-archive:/opt/ros/humble /usr/bin/cmake --build /workspaces/isaac_ros-dev/build/zed_wrapper -- -j20 -l20
[0.041s] Invoking command in '/workspaces/isaac_ros-dev/build/zed_wrapper': CMAKE_PREFIX_PATH=/workspaces/isaac_ros-dev/install/zed_components:/workspaces/isaac_ros-dev/install/zed_wrapper:/usr/local/libcudss-linux-0.3.0.9_cuda12-archive:/opt/ros/humble /usr/bin/cmake --install /workspaces/isaac_ros-dev/build/zed_wrapper
[0.045s] -- Install configuration: "Release"
[0.045s] -- Execute custom install script
[0.045s] -- Up-to-date symlink: /workspaces/isaac_ros-dev/install/zed_wrapper/share/zed_wrapper/config/common_mono.yaml
[0.046s] -- Up-to-date symlink: /workspaces/isaac_ros-dev/install/zed_wrapper/share/zed_wrapper/config/common_stereo.yaml
[0.046s] -- Up-to-date symlink: /workspaces/isaac_ros-dev/install/zed_wrapper/share/zed_wrapper/config/ffmpeg.yaml
[0.046s] -- Up-to-date symlink: /workspaces/isaac_ros-dev/install/zed_wrapper/share/zed_wrapper/config/virtual.yaml
[0.046s] -- Up-to-date symlink: /workspaces/isaac_ros-dev/install/zed_wrapper/share/zed_wrapper/config/zed.yaml
[0.046s] -- Up-to-date symlink: /workspaces/isaac_ros-dev/install/zed_wrapper/share/zed_wrapper/config/zed2.yaml
[0.046s] -- Up-to-date symlink: /workspaces/isaac_ros-dev/install/zed_wrapper/share/zed_wrapper/config/zed2i.yaml
[0.046s] -- Up-to-date symlink: /workspaces/isaac_ros-dev/install/zed_wrapper/share/zed_wrapper/config/zedm.yaml
[0.046s] -- Up-to-date symlink: /workspaces/isaac_ros-dev/install/zed_wrapper/share/zed_wrapper/config/zedx.yaml
[0.046s] -- Up-to-date symlink: /workspaces/isaac_ros-dev/install/zed_wrapper/share/zed_wrapper/config/zedxm.yaml
[0.046s] -- Up-to-date symlink: /workspaces/isaac_ros-dev/install/zed_wrapper/share/zed_wrapper/config/zedxone4k.yaml
[0.046s] -- Up-to-date symlink: /workspaces/isaac_ros-dev/install/zed_wrapper/share/zed_wrapper/config/zedxonegs.yaml
[0.046s] -- Up-to-date symlink: /workspaces/isaac_ros-dev/install/zed_wrapper/share/zed_wrapper/urdf/include/materials.urdf.xacro
[0.046s] -- Up-to-date symlink: /workspaces/isaac_ros-dev/install/zed_wrapper/share/zed_wrapper/urdf/zed_descr.urdf.xacro
[0.046s] -- Up-to-date symlink: /workspaces/isaac_ros-dev/install/zed_wrapper/share/zed_wrapper/urdf/zed_macro.urdf.xacro
[0.046s] -- Symlinking: /workspaces/isaac_ros-dev/install/zed_wrapper/share/zed_wrapper/launch/__pycache__/zed_camera.launch.cpython-310.pyc
[0.051s] -- Up-to-date symlink: /workspaces/isaac_ros-dev/install/zed_wrapper/share/zed_wrapper/launch/zed_camera.launch.py
[0.051s] -- Up-to-date symlink: /workspaces/isaac_ros-dev/install/zed_wrapper/share/ament_index/resource_index/package_run_dependencies/zed_wrapper
[0.051s] -- Up-to-date symlink: /workspaces/isaac_ros-dev/install/zed_wrapper/share/ament_index/resource_index/parent_prefix_path/zed_wrapper
[0.051s] -- Up-to-date symlink: /workspaces/isaac_ros-dev/install/zed_wrapper/share/zed_wrapper/environment/ament_prefix_path.sh
[0.051s] -- Up-to-date symlink: /workspaces/isaac_ros-dev/install/zed_wrapper/share/zed_wrapper/environment/ament_prefix_path.dsv
[0.051s] -- Up-to-date symlink: /workspaces/isaac_ros-dev/install/zed_wrapper/share/zed_wrapper/environment/path.sh
[0.052s] -- Up-to-date symlink: /workspaces/isaac_ros-dev/install/zed_wrapper/share/zed_wrapper/environment/path.dsv
[0.052s] -- Up-to-date symlink: /workspaces/isaac_ros-dev/install/zed_wrapper/share/zed_wrapper/local_setup.bash
[0.052s] -- Up-to-date symlink: /workspaces/isaac_ros-dev/install/zed_wrapper/share/zed_wrapper/local_setup.sh
[0.052s] -- Up-to-date symlink: /workspaces/isaac_ros-dev/install/zed_wrapper/share/zed_wrapper/local_setup.zsh
[0.052s] -- Up-to-date symlink: /workspaces/isaac_ros-dev/install/zed_wrapper/share/zed_wrapper/local_setup.dsv
[0.052s] -- Symlinking: /workspaces/isaac_ros-dev/install/zed_wrapper/share/zed_wrapper/package.dsv
[0.057s] -- Up-to-date symlink: /workspaces/isaac_ros-dev/install/zed_wrapper/share/ament_index/resource_index/packages/zed_wrapper
[0.057s] -- Up-to-date symlink: /workspaces/isaac_ros-dev/install/zed_wrapper/share/zed_wrapper/cmake/zed_wrapperConfig.cmake
[0.057s] -- Up-to-date symlink: /workspaces/isaac_ros-dev/install/zed_wrapper/share/zed_wrapper/cmake/zed_wrapperConfig-version.cmake
[0.058s] -- Up-to-date symlink: /workspaces/isaac_ros-dev/install/zed_wrapper/share/zed_wrapper/package.xml
[0.059s] Invoked command in '/workspaces/isaac_ros-dev/build/zed_wrapper' returned '0': CMAKE_PREFIX_PATH=/workspaces/isaac_ros-dev/install/zed_components:/workspaces/isaac_ros-dev/install/zed_wrapper:/usr/local/libcudss-linux-0.3.0.9_cuda12-archive:/opt/ros/humble /usr/bin/cmake --install /workspaces/isaac_ros-dev/build/zed_wrapper
