[0.024s] Invoking command in '/home/xplore/dev_ws/src/localization/camera/isaac/build/zed2i_isaac_vslam': AMENT_PREFIX_PATH=/home/xplore/dev_ws/src/localization/camera/isaac/install/zed_wrapper:/home/xplore/dev_ws/src/localization/camera/isaac/install/zed_components:${AMENT_PREFIX_PATH} CMAKE_PREFIX_PATH=/home/xplore/dev_ws/src/localization/camera/isaac/install/zed_wrapper:/home/xplore/dev_ws/src/localization/camera/isaac/install/zed_components:/usr/local/zed:/home/xplore/dev_ws/install/ros2_aruco_opti:/home/xplore/dev_ws/install/ros2_aruco_interfaces:/home/xplore/dev_ws/install/ros2_aruco:/opt/ros/humble LD_LIBRARY_PATH=/home/xplore/dev_ws/src/localization/camera/isaac/install/zed_components/lib:${LD_LIBRARY_PATH} /usr/bin/cmake /home/xplore/dev_ws/src/localization/camera/isaac/src/zed2i_isaac_vslam -DCMAKE_BUILD_TYPE=Release -DAMENT_CMAKE_SYMLINK_INSTALL=1 -DCMAKE_INSTALL_PREFIX=/home/xplore/dev_ws/src/localization/camera/isaac/install/zed2i_isaac_vslam
[0.068s] -- The C compiler identification is GNU 11.4.0
[0.118s] -- The CXX compiler identification is GNU 11.4.0
[0.123s] -- Detecting C compiler ABI info
[0.195s] -- Detecting C compiler ABI info - done
[0.206s] -- Check for working C compiler: /usr/bin/cc - skipped
[0.206s] -- Detecting C compile features
[0.207s] -- Detecting C compile features - done
[0.213s] -- Detecting CXX compiler ABI info
[0.303s] -- Detecting CXX compiler ABI info - done
[0.311s] -- Check for working CXX compiler: /usr/bin/c++ - skipped
[0.312s] -- Detecting CXX compile features
[0.312s] -- Detecting CXX compile features - done
[0.316s] -- Found ament_cmake: 1.3.13 (/opt/ros/humble/share/ament_cmake/cmake)
[0.458s] -- Found Python3: /usr/bin/python3 (found version "3.10.12") found components: Interpreter 
[0.506s] -- Override CMake install command with custom implementation using symlinks instead of copying resources
[0.584s] -- Configuring done
[0.585s] -- Generating done
[0.586s] -- Build files have been written to: /home/xplore/dev_ws/src/localization/camera/isaac/build/zed2i_isaac_vslam
[0.590s] Invoked command in '/home/xplore/dev_ws/src/localization/camera/isaac/build/zed2i_isaac_vslam' returned '0': AMENT_PREFIX_PATH=/home/xplore/dev_ws/src/localization/camera/isaac/install/zed_wrapper:/home/xplore/dev_ws/src/localization/camera/isaac/install/zed_components:${AMENT_PREFIX_PATH} CMAKE_PREFIX_PATH=/home/xplore/dev_ws/src/localization/camera/isaac/install/zed_wrapper:/home/xplore/dev_ws/src/localization/camera/isaac/install/zed_components:/usr/local/zed:/home/xplore/dev_ws/install/ros2_aruco_opti:/home/xplore/dev_ws/install/ros2_aruco_interfaces:/home/xplore/dev_ws/install/ros2_aruco:/opt/ros/humble LD_LIBRARY_PATH=/home/xplore/dev_ws/src/localization/camera/isaac/install/zed_components/lib:${LD_LIBRARY_PATH} /usr/bin/cmake /home/xplore/dev_ws/src/localization/camera/isaac/src/zed2i_isaac_vslam -DCMAKE_BUILD_TYPE=Release -DAMENT_CMAKE_SYMLINK_INSTALL=1 -DCMAKE_INSTALL_PREFIX=/home/xplore/dev_ws/src/localization/camera/isaac/install/zed2i_isaac_vslam
[0.591s] Invoking command in '/home/xplore/dev_ws/src/localization/camera/isaac/build/zed2i_isaac_vslam': AMENT_PREFIX_PATH=/home/xplore/dev_ws/src/localization/camera/isaac/install/zed_wrapper:/home/xplore/dev_ws/src/localization/camera/isaac/install/zed_components:${AMENT_PREFIX_PATH} CMAKE_PREFIX_PATH=/home/xplore/dev_ws/src/localization/camera/isaac/install/zed_wrapper:/home/xplore/dev_ws/src/localization/camera/isaac/install/zed_components:/usr/local/zed:/home/xplore/dev_ws/install/ros2_aruco_opti:/home/xplore/dev_ws/install/ros2_aruco_interfaces:/home/xplore/dev_ws/install/ros2_aruco:/opt/ros/humble LD_LIBRARY_PATH=/home/xplore/dev_ws/src/localization/camera/isaac/install/zed_components/lib:${LD_LIBRARY_PATH} /usr/bin/cmake --build /home/xplore/dev_ws/src/localization/camera/isaac/build/zed2i_isaac_vslam -- -j20 -l20
[0.645s] Invoked command in '/home/xplore/dev_ws/src/localization/camera/isaac/build/zed2i_isaac_vslam' returned '0': AMENT_PREFIX_PATH=/home/xplore/dev_ws/src/localization/camera/isaac/install/zed_wrapper:/home/xplore/dev_ws/src/localization/camera/isaac/install/zed_components:${AMENT_PREFIX_PATH} CMAKE_PREFIX_PATH=/home/xplore/dev_ws/src/localization/camera/isaac/install/zed_wrapper:/home/xplore/dev_ws/src/localization/camera/isaac/install/zed_components:/usr/local/zed:/home/xplore/dev_ws/install/ros2_aruco_opti:/home/xplore/dev_ws/install/ros2_aruco_interfaces:/home/xplore/dev_ws/install/ros2_aruco:/opt/ros/humble LD_LIBRARY_PATH=/home/xplore/dev_ws/src/localization/camera/isaac/install/zed_components/lib:${LD_LIBRARY_PATH} /usr/bin/cmake --build /home/xplore/dev_ws/src/localization/camera/isaac/build/zed2i_isaac_vslam -- -j20 -l20
[0.647s] Invoking command in '/home/xplore/dev_ws/src/localization/camera/isaac/build/zed2i_isaac_vslam': AMENT_PREFIX_PATH=/home/xplore/dev_ws/src/localization/camera/isaac/install/zed_wrapper:/home/xplore/dev_ws/src/localization/camera/isaac/install/zed_components:${AMENT_PREFIX_PATH} CMAKE_PREFIX_PATH=/home/xplore/dev_ws/src/localization/camera/isaac/install/zed_wrapper:/home/xplore/dev_ws/src/localization/camera/isaac/install/zed_components:/usr/local/zed:/home/xplore/dev_ws/install/ros2_aruco_opti:/home/xplore/dev_ws/install/ros2_aruco_interfaces:/home/xplore/dev_ws/install/ros2_aruco:/opt/ros/humble LD_LIBRARY_PATH=/home/xplore/dev_ws/src/localization/camera/isaac/install/zed_components/lib:${LD_LIBRARY_PATH} /usr/bin/cmake --install /home/xplore/dev_ws/src/localization/camera/isaac/build/zed2i_isaac_vslam
[0.657s] -- Install configuration: "Release"
[0.657s] -- Execute custom install script
[0.657s] -- Symlinking: /home/xplore/dev_ws/src/localization/camera/isaac/install/zed2i_isaac_vslam/share/zed2i_isaac_vslam/config/SN32835549.conf
[0.668s] -- Symlinking: /home/xplore/dev_ws/src/localization/camera/isaac/install/zed2i_isaac_vslam/share/zed2i_isaac_vslam/config/visual_slam.yaml
[0.677s] -- Symlinking: /home/xplore/dev_ws/src/localization/camera/isaac/install/zed2i_isaac_vslam/share/zed2i_isaac_vslam/config/zed2i_camera.yaml
[0.688s] -- Symlinking: /home/xplore/dev_ws/src/localization/camera/isaac/install/zed2i_isaac_vslam/share/zed2i_isaac_vslam/launch/zed2i_isaac_vslam.launch.py
[0.698s] -- Symlinking: /home/xplore/dev_ws/src/localization/camera/isaac/install/zed2i_isaac_vslam/share/zed2i_isaac_vslam/rviz/zed2i_isaac_vslam.rviz
[0.716s] -- Symlinking: /home/xplore/dev_ws/src/localization/camera/isaac/install/zed2i_isaac_vslam/share/ament_index/resource_index/package_run_dependencies/zed2i_isaac_vslam
[0.732s] -- Symlinking: /home/xplore/dev_ws/src/localization/camera/isaac/install/zed2i_isaac_vslam/share/ament_index/resource_index/parent_prefix_path/zed2i_isaac_vslam
[0.739s] -- Symlinking: /home/xplore/dev_ws/src/localization/camera/isaac/install/zed2i_isaac_vslam/share/zed2i_isaac_vslam/environment/ament_prefix_path.sh
[0.749s] -- Symlinking: /home/xplore/dev_ws/src/localization/camera/isaac/install/zed2i_isaac_vslam/share/zed2i_isaac_vslam/environment/ament_prefix_path.dsv
[0.759s] -- Symlinking: /home/xplore/dev_ws/src/localization/camera/isaac/install/zed2i_isaac_vslam/share/zed2i_isaac_vslam/environment/path.sh
[0.770s] -- Symlinking: /home/xplore/dev_ws/src/localization/camera/isaac/install/zed2i_isaac_vslam/share/zed2i_isaac_vslam/environment/path.dsv
[0.781s] -- Symlinking: /home/xplore/dev_ws/src/localization/camera/isaac/install/zed2i_isaac_vslam/share/zed2i_isaac_vslam/local_setup.bash
[0.794s] -- Symlinking: /home/xplore/dev_ws/src/localization/camera/isaac/install/zed2i_isaac_vslam/share/zed2i_isaac_vslam/local_setup.sh
[0.801s] -- Symlinking: /home/xplore/dev_ws/src/localization/camera/isaac/install/zed2i_isaac_vslam/share/zed2i_isaac_vslam/local_setup.zsh
[0.824s] -- Symlinking: /home/xplore/dev_ws/src/localization/camera/isaac/install/zed2i_isaac_vslam/share/zed2i_isaac_vslam/local_setup.dsv
[0.836s] -- Symlinking: /home/xplore/dev_ws/src/localization/camera/isaac/install/zed2i_isaac_vslam/share/zed2i_isaac_vslam/package.dsv
[0.846s] -- Symlinking: /home/xplore/dev_ws/src/localization/camera/isaac/install/zed2i_isaac_vslam/share/ament_index/resource_index/packages/zed2i_isaac_vslam
[0.855s] -- Symlinking: /home/xplore/dev_ws/src/localization/camera/isaac/install/zed2i_isaac_vslam/share/zed2i_isaac_vslam/cmake/zed2i_isaac_vslamConfig.cmake
[0.863s] -- Symlinking: /home/xplore/dev_ws/src/localization/camera/isaac/install/zed2i_isaac_vslam/share/zed2i_isaac_vslam/cmake/zed2i_isaac_vslamConfig-version.cmake
[0.873s] -- Symlinking: /home/xplore/dev_ws/src/localization/camera/isaac/install/zed2i_isaac_vslam/share/zed2i_isaac_vslam/package.xml
[0.882s] Invoked command in '/home/xplore/dev_ws/src/localization/camera/isaac/build/zed2i_isaac_vslam' returned '0': AMENT_PREFIX_PATH=/home/xplore/dev_ws/src/localization/camera/isaac/install/zed_wrapper:/home/xplore/dev_ws/src/localization/camera/isaac/install/zed_components:${AMENT_PREFIX_PATH} CMAKE_PREFIX_PATH=/home/xplore/dev_ws/src/localization/camera/isaac/install/zed_wrapper:/home/xplore/dev_ws/src/localization/camera/isaac/install/zed_components:/usr/local/zed:/home/xplore/dev_ws/install/ros2_aruco_opti:/home/xplore/dev_ws/install/ros2_aruco_interfaces:/home/xplore/dev_ws/install/ros2_aruco:/opt/ros/humble LD_LIBRARY_PATH=/home/xplore/dev_ws/src/localization/camera/isaac/install/zed_components/lib:${LD_LIBRARY_PATH} /usr/bin/cmake --install /home/xplore/dev_ws/src/localization/camera/isaac/build/zed2i_isaac_vslam
