[0.011s] Invoking command in '/workspaces/isaac_ros-dev/build/zed_wrapper': CMAKE_PREFIX_PATH=/workspaces/isaac_ros-dev/install/zed_components:/workspaces/isaac_ros-dev/install/zed2i_isaac_vslam:/workspaces/isaac_ros-dev/install/zed_wrapper:/usr/local/libcudss-linux-0.3.0.9_cuda12-archive:/opt/ros/humble /usr/bin/cmake /workspaces/isaac_ros-dev/src/zed-ros2-wrapper/zed_wrapper -DCMAKE_BUILD_TYPE=Release -DAMENT_CMAKE_SYMLINK_INSTALL=1 -DCMAKE_INSTALL_PREFIX=/workspaces/isaac_ros-dev/install/zed_wrapper
[0.082s] -- The C compiler identification is GNU 11.4.0
[0.117s] -- The CXX compiler identification is GNU 11.4.0
[0.121s] -- Detecting C compiler ABI info
[0.184s] -- Detecting C compiler ABI info - done
[0.188s] -- Check for working C compiler: /usr/bin/cc - skipped
[0.188s] -- Detecting C compile features
[0.188s] -- Detecting C compile features - done
[0.191s] -- Detecting CXX compiler ABI info
[0.289s] -- Detecting CXX compiler ABI info - done
[0.296s] -- Check for working CXX compiler: /usr/bin/c++ - skipped
[0.296s] -- Detecting CXX compile features
[0.296s] -- Detecting CXX compile features - done
[0.301s] -- Found ament_cmake_auto: 1.3.14 (/opt/ros/humble/share/ament_cmake_auto/cmake)
[0.710s] -- Found Python3: /usr/bin/python3 (found version "3.10.12") found components: Interpreter 
[0.747s] -- Override CMake install command with custom implementation using symlinks instead of copying resources
[0.874s] -- Found rosidl_generator_c: 3.1.8 (/opt/ros/humble/share/rosidl_generator_c/cmake)
[0.878s] -- Found rosidl_adapter: 3.1.8 (/opt/ros/humble/share/rosidl_adapter/cmake)
[0.885s] -- Found rosidl_generator_cpp: 3.1.8 (/opt/ros/humble/share/rosidl_generator_cpp/cmake)
[0.893s] -- Using all available rosidl_typesupport_c: rosidl_typesupport_fastrtps_c;rosidl_typesupport_introspection_c
[0.904s] -- Using all available rosidl_typesupport_cpp: rosidl_typesupport_fastrtps_cpp;rosidl_typesupport_introspection_cpp
[0.937s] -- Found rmw_implementation_cmake: 6.1.2 (/opt/ros/humble/share/rmw_implementation_cmake/cmake)
[0.941s] -- Found rmw_fastrtps_cpp: 6.2.10 (/opt/ros/humble/share/rmw_fastrtps_cpp/cmake)
[1.069s] -- Found OpenSSL: /usr/lib/x86_64-linux-gnu/libcrypto.so (found version "3.0.2")  
[1.098s] -- Found FastRTPS: /opt/ros/humble/include  
[1.135s] -- Using RMW implementation 'rmw_fastrtps_cpp' as default
[1.143s] -- Looking for pthread.h
[1.202s] -- Looking for pthread.h - found
[1.202s] -- Performing Test CMAKE_HAVE_LIBC_PTHREAD
[1.266s] -- Performing Test CMAKE_HAVE_LIBC_PTHREAD - Success
[1.267s] -- Found Threads: TRUE  
[1.426s] -- Found eigen3_cmake_module: 0.1.1 (/opt/ros/humble/share/eigen3_cmake_module/cmake)
[1.426s] -- Found Eigen3: TRUE (found version "3.4.0") 
[1.426s] -- Ensuring Eigen3 include directory is part of orocos-kdl CMake target
[1.556s] -- Configuring done
[1.560s] -- Generating done
[1.561s] -- Build files have been written to: /workspaces/isaac_ros-dev/build/zed_wrapper
[1.570s] Invoked command in '/workspaces/isaac_ros-dev/build/zed_wrapper' returned '0': CMAKE_PREFIX_PATH=/workspaces/isaac_ros-dev/install/zed_components:/workspaces/isaac_ros-dev/install/zed2i_isaac_vslam:/workspaces/isaac_ros-dev/install/zed_wrapper:/usr/local/libcudss-linux-0.3.0.9_cuda12-archive:/opt/ros/humble /usr/bin/cmake /workspaces/isaac_ros-dev/src/zed-ros2-wrapper/zed_wrapper -DCMAKE_BUILD_TYPE=Release -DAMENT_CMAKE_SYMLINK_INSTALL=1 -DCMAKE_INSTALL_PREFIX=/workspaces/isaac_ros-dev/install/zed_wrapper
[1.571s] Invoking command in '/workspaces/isaac_ros-dev/build/zed_wrapper': CMAKE_PREFIX_PATH=/workspaces/isaac_ros-dev/install/zed_components:/workspaces/isaac_ros-dev/install/zed2i_isaac_vslam:/workspaces/isaac_ros-dev/install/zed_wrapper:/usr/local/libcudss-linux-0.3.0.9_cuda12-archive:/opt/ros/humble /usr/bin/cmake --build /workspaces/isaac_ros-dev/build/zed_wrapper -- -j20 -l20
[1.597s] Invoked command in '/workspaces/isaac_ros-dev/build/zed_wrapper' returned '0': CMAKE_PREFIX_PATH=/workspaces/isaac_ros-dev/install/zed_components:/workspaces/isaac_ros-dev/install/zed2i_isaac_vslam:/workspaces/isaac_ros-dev/install/zed_wrapper:/usr/local/libcudss-linux-0.3.0.9_cuda12-archive:/opt/ros/humble /usr/bin/cmake --build /workspaces/isaac_ros-dev/build/zed_wrapper -- -j20 -l20
[1.599s] Invoking command in '/workspaces/isaac_ros-dev/build/zed_wrapper': CMAKE_PREFIX_PATH=/workspaces/isaac_ros-dev/install/zed_components:/workspaces/isaac_ros-dev/install/zed2i_isaac_vslam:/workspaces/isaac_ros-dev/install/zed_wrapper:/usr/local/libcudss-linux-0.3.0.9_cuda12-archive:/opt/ros/humble /usr/bin/cmake --install /workspaces/isaac_ros-dev/build/zed_wrapper
[1.605s] -- Install configuration: "Release"
[1.605s] -- Execute custom install script
[1.606s] -- Symlinking: /workspaces/isaac_ros-dev/install/zed_wrapper/share/zed_wrapper/config/common_mono.yaml
[1.614s] -- Symlinking: /workspaces/isaac_ros-dev/install/zed_wrapper/share/zed_wrapper/config/common_stereo.yaml
[1.624s] -- Symlinking: /workspaces/isaac_ros-dev/install/zed_wrapper/share/zed_wrapper/config/ffmpeg.yaml
[1.633s] -- Symlinking: /workspaces/isaac_ros-dev/install/zed_wrapper/share/zed_wrapper/config/virtual.yaml
[1.642s] -- Symlinking: /workspaces/isaac_ros-dev/install/zed_wrapper/share/zed_wrapper/config/zed.yaml
[1.649s] -- Symlinking: /workspaces/isaac_ros-dev/install/zed_wrapper/share/zed_wrapper/config/zed2.yaml
[1.658s] -- Symlinking: /workspaces/isaac_ros-dev/install/zed_wrapper/share/zed_wrapper/config/zed2i.yaml
[1.670s] -- Symlinking: /workspaces/isaac_ros-dev/install/zed_wrapper/share/zed_wrapper/config/zedm.yaml
[1.675s] -- Symlinking: /workspaces/isaac_ros-dev/install/zed_wrapper/share/zed_wrapper/config/zedx.yaml
[1.682s] -- Symlinking: /workspaces/isaac_ros-dev/install/zed_wrapper/share/zed_wrapper/config/zedxm.yaml
[1.691s] -- Symlinking: /workspaces/isaac_ros-dev/install/zed_wrapper/share/zed_wrapper/config/zedxone4k.yaml
[1.696s] -- Symlinking: /workspaces/isaac_ros-dev/install/zed_wrapper/share/zed_wrapper/config/zedxonegs.yaml
[1.704s] -- Symlinking: /workspaces/isaac_ros-dev/install/zed_wrapper/share/zed_wrapper/urdf/include/materials.urdf.xacro
[1.713s] -- Symlinking: /workspaces/isaac_ros-dev/install/zed_wrapper/share/zed_wrapper/urdf/zed_descr.urdf.xacro
[1.723s] -- Symlinking: /workspaces/isaac_ros-dev/install/zed_wrapper/share/zed_wrapper/urdf/zed_macro.urdf.xacro
[1.732s] -- Symlinking: /workspaces/isaac_ros-dev/install/zed_wrapper/share/zed_wrapper/launch/__pycache__/zed_camera.launch.cpython-310.pyc
[1.740s] -- Symlinking: /workspaces/isaac_ros-dev/install/zed_wrapper/share/zed_wrapper/launch/zed_camera.launch.py
[1.749s] -- Symlinking: /workspaces/isaac_ros-dev/install/zed_wrapper/share/ament_index/resource_index/package_run_dependencies/zed_wrapper
[1.756s] -- Symlinking: /workspaces/isaac_ros-dev/install/zed_wrapper/share/ament_index/resource_index/parent_prefix_path/zed_wrapper
[1.767s] -- Symlinking: /workspaces/isaac_ros-dev/install/zed_wrapper/share/zed_wrapper/environment/ament_prefix_path.sh
[1.774s] -- Symlinking: /workspaces/isaac_ros-dev/install/zed_wrapper/share/zed_wrapper/environment/ament_prefix_path.dsv
[1.781s] -- Symlinking: /workspaces/isaac_ros-dev/install/zed_wrapper/share/zed_wrapper/environment/path.sh
[1.790s] -- Symlinking: /workspaces/isaac_ros-dev/install/zed_wrapper/share/zed_wrapper/environment/path.dsv
[1.796s] -- Symlinking: /workspaces/isaac_ros-dev/install/zed_wrapper/share/zed_wrapper/local_setup.bash
[1.803s] -- Symlinking: /workspaces/isaac_ros-dev/install/zed_wrapper/share/zed_wrapper/local_setup.sh
[1.810s] -- Symlinking: /workspaces/isaac_ros-dev/install/zed_wrapper/share/zed_wrapper/local_setup.zsh
[1.816s] -- Symlinking: /workspaces/isaac_ros-dev/install/zed_wrapper/share/zed_wrapper/local_setup.dsv
[1.821s] -- Symlinking: /workspaces/isaac_ros-dev/install/zed_wrapper/share/zed_wrapper/package.dsv
[1.825s] -- Symlinking: /workspaces/isaac_ros-dev/install/zed_wrapper/share/ament_index/resource_index/packages/zed_wrapper
[1.834s] -- Symlinking: /workspaces/isaac_ros-dev/install/zed_wrapper/share/zed_wrapper/cmake/zed_wrapperConfig.cmake
[1.843s] -- Symlinking: /workspaces/isaac_ros-dev/install/zed_wrapper/share/zed_wrapper/cmake/zed_wrapperConfig-version.cmake
[1.852s] -- Symlinking: /workspaces/isaac_ros-dev/install/zed_wrapper/share/zed_wrapper/package.xml
[1.864s] Invoked command in '/workspaces/isaac_ros-dev/build/zed_wrapper' returned '0': CMAKE_PREFIX_PATH=/workspaces/isaac_ros-dev/install/zed_components:/workspaces/isaac_ros-dev/install/zed2i_isaac_vslam:/workspaces/isaac_ros-dev/install/zed_wrapper:/usr/local/libcudss-linux-0.3.0.9_cuda12-archive:/opt/ros/humble /usr/bin/cmake --install /workspaces/isaac_ros-dev/build/zed_wrapper
