[0.093s] DEBUG:colcon:Command line arguments: ['/usr/bin/colcon', 'list']
[0.093s] DEBUG:colcon:Parsed command line arguments: Namespace(log_base=None, log_level=None, verb_name='list', build_base='build', ignore_user_meta=False, metas=['./colcon.meta'], base_paths=['.'], packages_ignore=None, packages_ignore_regex=None, paths=None, packages_up_to=None, packages_up_to_regex=None, packages_above=None, packages_above_and_dependencies=None, packages_above_depth=None, packages_select_by_dep=None, packages_skip_by_dep=None, packages_skip_up_to=None, packages_select_build_failed=False, packages_skip_build_finished=False, packages_select_test_failures=False, packages_skip_test_passed=False, packages_select=None, packages_skip=None, packages_select_regex=None, packages_skip_regex=None, packages_start=None, packages_end=None, allow_overriding=[], topological_order=False, names_only=False, paths_only=False, topological_graph=False, topological_graph_dot=False, topological_graph_density=False, topological_graph_legend=False, topological_graph_dot_cluster=False, topological_graph_dot_include_skipped=False, mixin_files=None, mixin=None, verb_parser=<colcon_mixin.mixin.mixin_argument.MixinArgumentDecorator object at 0x7c7c57979300>, verb_extension=<colcon_package_information.verb.list.ListVerb object at 0x7c7c578f5ea0>, main=<bound method ListVerb.main of <colcon_package_information.verb.list.ListVerb object at 0x7c7c578f5ea0>>, mixin_verb=('list',))
[0.133s] Level 1:colcon.colcon_core.package_discovery:discover_packages(colcon_meta) check parameters
[0.133s] Level 1:colcon.colcon_core.package_discovery:discover_packages(recursive) check parameters
[0.133s] Level 1:colcon.colcon_core.package_discovery:discover_packages(ignore) check parameters
[0.133s] Level 1:colcon.colcon_core.package_discovery:discover_packages(path) check parameters
[0.133s] Level 1:colcon.colcon_core.package_discovery:discover_packages(colcon_meta) discover
[0.133s] Level 1:colcon.colcon_core.package_discovery:discover_packages(recursive) discover
[0.133s] INFO:colcon.colcon_core.package_discovery:Crawling recursively for packages in '/home/jsthope/Xplore/ERC_NAV/localization/camera/isaac'
[0.134s] Level 1:colcon.colcon_core.package_identification:_identify(.) by extensions ['ignore', 'ignore_ament_install']
[0.134s] Level 1:colcon.colcon_core.package_identification:_identify(.) by extension 'ignore'
[0.134s] Level 1:colcon.colcon_core.package_identification:_identify(.) by extension 'ignore_ament_install'
[0.134s] Level 1:colcon.colcon_core.package_identification:_identify(.) by extensions ['colcon_pkg']
[0.134s] Level 1:colcon.colcon_core.package_identification:_identify(.) by extension 'colcon_pkg'
[0.134s] Level 1:colcon.colcon_core.package_identification:_identify(.) by extensions ['colcon_meta']
[0.134s] Level 1:colcon.colcon_core.package_identification:_identify(.) by extension 'colcon_meta'
[0.134s] Level 1:colcon.colcon_core.package_identification:_identify(.) by extensions ['ros']
[0.134s] Level 1:colcon.colcon_core.package_identification:_identify(.) by extension 'ros'
[0.162s] Level 1:colcon.colcon_core.package_identification:_identify(.) by extensions ['cmake', 'python']
[0.162s] Level 1:colcon.colcon_core.package_identification:_identify(.) by extension 'cmake'
[0.162s] Level 1:colcon.colcon_core.package_identification:_identify(.) by extension 'python'
[0.162s] Level 1:colcon.colcon_core.package_identification:_identify(.) by extensions ['python_setup_py']
[0.162s] Level 1:colcon.colcon_core.package_identification:_identify(.) by extension 'python_setup_py'
[0.162s] Level 1:colcon.colcon_core.package_identification:_identify(build) by extensions ['ignore', 'ignore_ament_install']
[0.162s] Level 1:colcon.colcon_core.package_identification:_identify(build) by extension 'ignore'
[0.162s] Level 1:colcon.colcon_core.package_identification:_identify(build) ignored
[0.162s] Level 1:colcon.colcon_core.package_identification:_identify(build_opencode) by extensions ['ignore', 'ignore_ament_install']
[0.162s] Level 1:colcon.colcon_core.package_identification:_identify(build_opencode) by extension 'ignore'
[0.162s] Level 1:colcon.colcon_core.package_identification:_identify(build_opencode) ignored
[0.162s] Level 1:colcon.colcon_core.package_identification:_identify(install) by extensions ['ignore', 'ignore_ament_install']
[0.163s] Level 1:colcon.colcon_core.package_identification:_identify(install) by extension 'ignore'
[0.163s] Level 1:colcon.colcon_core.package_identification:_identify(install) ignored
[0.163s] Level 1:colcon.colcon_core.package_identification:_identify(install_opencode) by extensions ['ignore', 'ignore_ament_install']
[0.163s] Level 1:colcon.colcon_core.package_identification:_identify(install_opencode) by extension 'ignore'
[0.163s] Level 1:colcon.colcon_core.package_identification:_identify(install_opencode) ignored
[0.163s] Level 1:colcon.colcon_core.package_identification:_identify(log) by extensions ['ignore', 'ignore_ament_install']
[0.163s] Level 1:colcon.colcon_core.package_identification:_identify(log) by extension 'ignore'
[0.163s] Level 1:colcon.colcon_core.package_identification:_identify(log) ignored
[0.163s] Level 1:colcon.colcon_core.package_identification:_identify(log_opencode) by extensions ['ignore', 'ignore_ament_install']
[0.163s] Level 1:colcon.colcon_core.package_identification:_identify(log_opencode) by extension 'ignore'
[0.163s] Level 1:colcon.colcon_core.package_identification:_identify(log_opencode) ignored
[0.163s] Level 1:colcon.colcon_core.package_identification:_identify(scripts) by extensions ['ignore', 'ignore_ament_install']
[0.163s] Level 1:colcon.colcon_core.package_identification:_identify(scripts) by extension 'ignore'
[0.163s] Level 1:colcon.colcon_core.package_identification:_identify(scripts) by extension 'ignore_ament_install'
[0.163s] Level 1:colcon.colcon_core.package_identification:_identify(scripts) by extensions ['colcon_pkg']
[0.163s] Level 1:colcon.colcon_core.package_identification:_identify(scripts) by extension 'colcon_pkg'
[0.163s] Level 1:colcon.colcon_core.package_identification:_identify(scripts) by extensions ['colcon_meta']
[0.163s] Level 1:colcon.colcon_core.package_identification:_identify(scripts) by extension 'colcon_meta'
[0.163s] Level 1:colcon.colcon_core.package_identification:_identify(scripts) by extensions ['ros']
[0.163s] Level 1:colcon.colcon_core.package_identification:_identify(scripts) by extension 'ros'
[0.163s] Level 1:colcon.colcon_core.package_identification:_identify(scripts) by extensions ['cmake', 'python']
[0.163s] Level 1:colcon.colcon_core.package_identification:_identify(scripts) by extension 'cmake'
[0.163s] Level 1:colcon.colcon_core.package_identification:_identify(scripts) by extension 'python'
[0.163s] Level 1:colcon.colcon_core.package_identification:_identify(scripts) by extensions ['python_setup_py']
[0.163s] Level 1:colcon.colcon_core.package_identification:_identify(scripts) by extension 'python_setup_py'
[0.163s] Level 1:colcon.colcon_core.package_identification:_identify(src) by extensions ['ignore', 'ignore_ament_install']
[0.163s] Level 1:colcon.colcon_core.package_identification:_identify(src) by extension 'ignore'
[0.163s] Level 1:colcon.colcon_core.package_identification:_identify(src) by extension 'ignore_ament_install'
[0.163s] Level 1:colcon.colcon_core.package_identification:_identify(src) by extensions ['colcon_pkg']
[0.163s] Level 1:colcon.colcon_core.package_identification:_identify(src) by extension 'colcon_pkg'
[0.163s] Level 1:colcon.colcon_core.package_identification:_identify(src) by extensions ['colcon_meta']
[0.163s] Level 1:colcon.colcon_core.package_identification:_identify(src) by extension 'colcon_meta'
[0.164s] Level 1:colcon.colcon_core.package_identification:_identify(src) by extensions ['ros']
[0.164s] Level 1:colcon.colcon_core.package_identification:_identify(src) by extension 'ros'
[0.164s] Level 1:colcon.colcon_core.package_identification:_identify(src) by extensions ['cmake', 'python']
[0.164s] Level 1:colcon.colcon_core.package_identification:_identify(src) by extension 'cmake'
[0.164s] Level 1:colcon.colcon_core.package_identification:_identify(src) by extension 'python'
[0.164s] Level 1:colcon.colcon_core.package_identification:_identify(src) by extensions ['python_setup_py']
[0.164s] Level 1:colcon.colcon_core.package_identification:_identify(src) by extension 'python_setup_py'
[0.164s] Level 1:colcon.colcon_core.package_identification:_identify(src/isaac_ros_common) by extensions ['ignore', 'ignore_ament_install']
[0.164s] Level 1:colcon.colcon_core.package_identification:_identify(src/isaac_ros_common) by extension 'ignore'
[0.164s] Level 1:colcon.colcon_core.package_identification:_identify(src/isaac_ros_common) by extension 'ignore_ament_install'
[0.164s] Level 1:colcon.colcon_core.package_identification:_identify(src/isaac_ros_common) by extensions ['colcon_pkg']
[0.164s] Level 1:colcon.colcon_core.package_identification:_identify(src/isaac_ros_common) by extension 'colcon_pkg'
[0.164s] Level 1:colcon.colcon_core.package_identification:_identify(src/isaac_ros_common) by extensions ['colcon_meta']
[0.164s] Level 1:colcon.colcon_core.package_identification:_identify(src/isaac_ros_common) by extension 'colcon_meta'
[0.164s] Level 1:colcon.colcon_core.package_identification:_identify(src/isaac_ros_common) by extensions ['ros']
[0.164s] Level 1:colcon.colcon_core.package_identification:_identify(src/isaac_ros_common) by extension 'ros'
[0.164s] Level 1:colcon.colcon_core.package_identification:_identify(src/isaac_ros_common) by extensions ['cmake', 'python']
[0.164s] Level 1:colcon.colcon_core.package_identification:_identify(src/isaac_ros_common) by extension 'cmake'
[0.164s] Level 1:colcon.colcon_core.package_identification:_identify(src/isaac_ros_common) by extension 'python'
[0.164s] Level 1:colcon.colcon_core.package_identification:_identify(src/isaac_ros_common) by extensions ['python_setup_py']
[0.164s] Level 1:colcon.colcon_core.package_identification:_identify(src/isaac_ros_common) by extension 'python_setup_py'
[0.164s] Level 1:colcon.colcon_core.package_identification:_identify(src/isaac_ros_common/docker) by extensions ['ignore', 'ignore_ament_install']
[0.164s] Level 1:colcon.colcon_core.package_identification:_identify(src/isaac_ros_common/docker) by extension 'ignore'
[0.164s] Level 1:colcon.colcon_core.package_identification:_identify(src/isaac_ros_common/docker) by extension 'ignore_ament_install'
[0.164s] Level 1:colcon.colcon_core.package_identification:_identify(src/isaac_ros_common/docker) by extensions ['colcon_pkg']
[0.164s] Level 1:colcon.colcon_core.package_identification:_identify(src/isaac_ros_common/docker) by extension 'colcon_pkg'
[0.164s] Level 1:colcon.colcon_core.package_identification:_identify(src/isaac_ros_common/docker) by extensions ['colcon_meta']
[0.164s] Level 1:colcon.colcon_core.package_identification:_identify(src/isaac_ros_common/docker) by extension 'colcon_meta'
[0.165s] Level 1:colcon.colcon_core.package_identification:_identify(src/isaac_ros_common/docker) by extensions ['ros']
[0.165s] Level 1:colcon.colcon_core.package_identification:_identify(src/isaac_ros_common/docker) by extension 'ros'
[0.165s] Level 1:colcon.colcon_core.package_identification:_identify(src/isaac_ros_common/docker) by extensions ['cmake', 'python']
[0.165s] Level 1:colcon.colcon_core.package_identification:_identify(src/isaac_ros_common/docker) by extension 'cmake'
[0.165s] Level 1:colcon.colcon_core.package_identification:_identify(src/isaac_ros_common/docker) by extension 'python'
[0.165s] Level 1:colcon.colcon_core.package_identification:_identify(src/isaac_ros_common/docker) by extensions ['python_setup_py']
[0.165s] Level 1:colcon.colcon_core.package_identification:_identify(src/isaac_ros_common/docker) by extension 'python_setup_py'
[0.165s] Level 1:colcon.colcon_core.package_identification:_identify(src/isaac_ros_common/docker/middleware_profiles) by extensions ['ignore', 'ignore_ament_install']
[0.165s] Level 1:colcon.colcon_core.package_identification:_identify(src/isaac_ros_common/docker/middleware_profiles) by extension 'ignore'
[0.165s] Level 1:colcon.colcon_core.package_identification:_identify(src/isaac_ros_common/docker/middleware_profiles) by extension 'ignore_ament_install'
[0.165s] Level 1:colcon.colcon_core.package_identification:_identify(src/isaac_ros_common/docker/middleware_profiles) by extensions ['colcon_pkg']
[0.165s] Level 1:colcon.colcon_core.package_identification:_identify(src/isaac_ros_common/docker/middleware_profiles) by extension 'colcon_pkg'
[0.165s] Level 1:colcon.colcon_core.package_identification:_identify(src/isaac_ros_common/docker/middleware_profiles) by extensions ['colcon_meta']
[0.165s] Level 1:colcon.colcon_core.package_identification:_identify(src/isaac_ros_common/docker/middleware_profiles) by extension 'colcon_meta'
[0.165s] Level 1:colcon.colcon_core.package_identification:_identify(src/isaac_ros_common/docker/middleware_profiles) by extensions ['ros']
[0.165s] Level 1:colcon.colcon_core.package_identification:_identify(src/isaac_ros_common/docker/middleware_profiles) by extension 'ros'
[0.165s] Level 1:colcon.colcon_core.package_identification:_identify(src/isaac_ros_common/docker/middleware_profiles) by extensions ['cmake', 'python']
[0.165s] Level 1:colcon.colcon_core.package_identification:_identify(src/isaac_ros_common/docker/middleware_profiles) by extension 'cmake'
[0.165s] Level 1:colcon.colcon_core.package_identification:_identify(src/isaac_ros_common/docker/middleware_profiles) by extension 'python'
[0.165s] Level 1:colcon.colcon_core.package_identification:_identify(src/isaac_ros_common/docker/middleware_profiles) by extensions ['python_setup_py']
[0.165s] Level 1:colcon.colcon_core.package_identification:_identify(src/isaac_ros_common/docker/middleware_profiles) by extension 'python_setup_py'
[0.165s] Level 1:colcon.colcon_core.package_identification:_identify(src/isaac_ros_common/docker/patches) by extensions ['ignore', 'ignore_ament_install']
[0.165s] Level 1:colcon.colcon_core.package_identification:_identify(src/isaac_ros_common/docker/patches) by extension 'ignore'
[0.165s] Level 1:colcon.colcon_core.package_identification:_identify(src/isaac_ros_common/docker/patches) by extension 'ignore_ament_install'
[0.165s] Level 1:colcon.colcon_core.package_identification:_identify(src/isaac_ros_common/docker/patches) by extensions ['colcon_pkg']
[0.165s] Level 1:colcon.colcon_core.package_identification:_identify(src/isaac_ros_common/docker/patches) by extension 'colcon_pkg'
[0.165s] Level 1:colcon.colcon_core.package_identification:_identify(src/isaac_ros_common/docker/patches) by extensions ['colcon_meta']
[0.165s] Level 1:colcon.colcon_core.package_identification:_identify(src/isaac_ros_common/docker/patches) by extension 'colcon_meta'
[0.165s] Level 1:colcon.colcon_core.package_identification:_identify(src/isaac_ros_common/docker/patches) by extensions ['ros']
[0.165s] Level 1:colcon.colcon_core.package_identification:_identify(src/isaac_ros_common/docker/patches) by extension 'ros'
[0.165s] Level 1:colcon.colcon_core.package_identification:_identify(src/isaac_ros_common/docker/patches) by extensions ['cmake', 'python']
[0.165s] Level 1:colcon.colcon_core.package_identification:_identify(src/isaac_ros_common/docker/patches) by extension 'cmake'
[0.165s] Level 1:colcon.colcon_core.package_identification:_identify(src/isaac_ros_common/docker/patches) by extension 'python'
[0.166s] Level 1:colcon.colcon_core.package_identification:_identify(src/isaac_ros_common/docker/patches) by extensions ['python_setup_py']
[0.166s] Level 1:colcon.colcon_core.package_identification:_identify(src/isaac_ros_common/docker/patches) by extension 'python_setup_py'
[0.166s] Level 1:colcon.colcon_core.package_identification:_identify(src/isaac_ros_common/docker/rosdep) by extensions ['ignore', 'ignore_ament_install']
[0.166s] Level 1:colcon.colcon_core.package_identification:_identify(src/isaac_ros_common/docker/rosdep) by extension 'ignore'
[0.166s] Level 1:colcon.colcon_core.package_identification:_identify(src/isaac_ros_common/docker/rosdep) by extension 'ignore_ament_install'
[0.166s] Level 1:colcon.colcon_core.package_identification:_identify(src/isaac_ros_common/docker/rosdep) by extensions ['colcon_pkg']
[0.166s] Level 1:colcon.colcon_core.package_identification:_identify(src/isaac_ros_common/docker/rosdep) by extension 'colcon_pkg'
[0.166s] Level 1:colcon.colcon_core.package_identification:_identify(src/isaac_ros_common/docker/rosdep) by extensions ['colcon_meta']
[0.166s] Level 1:colcon.colcon_core.package_identification:_identify(src/isaac_ros_common/docker/rosdep) by extension 'colcon_meta'
[0.166s] Level 1:colcon.colcon_core.package_identification:_identify(src/isaac_ros_common/docker/rosdep) by extensions ['ros']
[0.166s] Level 1:colcon.colcon_core.package_identification:_identify(src/isaac_ros_common/docker/rosdep) by extension 'ros'
[0.166s] Level 1:colcon.colcon_core.package_identification:_identify(src/isaac_ros_common/docker/rosdep) by extensions ['cmake', 'python']
[0.166s] Level 1:colcon.colcon_core.package_identification:_identify(src/isaac_ros_common/docker/rosdep) by extension 'cmake'
[0.166s] Level 1:colcon.colcon_core.package_identification:_identify(src/isaac_ros_common/docker/rosdep) by extension 'python'
[0.166s] Level 1:colcon.colcon_core.package_identification:_identify(src/isaac_ros_common/docker/rosdep) by extensions ['python_setup_py']
[0.166s] Level 1:colcon.colcon_core.package_identification:_identify(src/isaac_ros_common/docker/rosdep) by extension 'python_setup_py'
[0.166s] Level 1:colcon.colcon_core.package_identification:_identify(src/isaac_ros_common/docker/rosdep/ros-humble-cuda-python-placeholder) by extensions ['ignore', 'ignore_ament_install']
[0.166s] Level 1:colcon.colcon_core.package_identification:_identify(src/isaac_ros_common/docker/rosdep/ros-humble-cuda-python-placeholder) by extension 'ignore'
[0.166s] Level 1:colcon.colcon_core.package_identification:_identify(src/isaac_ros_common/docker/rosdep/ros-humble-cuda-python-placeholder) by extension 'ignore_ament_install'
[0.166s] Level 1:colcon.colcon_core.package_identification:_identify(src/isaac_ros_common/docker/rosdep/ros-humble-cuda-python-placeholder) by extensions ['colcon_pkg']
[0.166s] Level 1:colcon.colcon_core.package_identification:_identify(src/isaac_ros_common/docker/rosdep/ros-humble-cuda-python-placeholder) by extension 'colcon_pkg'
[0.166s] Level 1:colcon.colcon_core.package_identification:_identify(src/isaac_ros_common/docker/rosdep/ros-humble-cuda-python-placeholder) by extensions ['colcon_meta']
[0.166s] Level 1:colcon.colcon_core.package_identification:_identify(src/isaac_ros_common/docker/rosdep/ros-humble-cuda-python-placeholder) by extension 'colcon_meta'
[0.166s] Level 1:colcon.colcon_core.package_identification:_identify(src/isaac_ros_common/docker/rosdep/ros-humble-cuda-python-placeholder) by extensions ['ros']
[0.166s] Level 1:colcon.colcon_core.package_identification:_identify(src/isaac_ros_common/docker/rosdep/ros-humble-cuda-python-placeholder) by extension 'ros'
[0.166s] Level 1:colcon.colcon_core.package_identification:_identify(src/isaac_ros_common/docker/rosdep/ros-humble-cuda-python-placeholder) by extensions ['cmake', 'python']
[0.166s] Level 1:colcon.colcon_core.package_identification:_identify(src/isaac_ros_common/docker/rosdep/ros-humble-cuda-python-placeholder) by extension 'cmake'
[0.166s] Level 1:colcon.colcon_core.package_identification:_identify(src/isaac_ros_common/docker/rosdep/ros-humble-cuda-python-placeholder) by extension 'python'
[0.166s] Level 1:colcon.colcon_core.package_identification:_identify(src/isaac_ros_common/docker/rosdep/ros-humble-cuda-python-placeholder) by extensions ['python_setup_py']
[0.166s] Level 1:colcon.colcon_core.package_identification:_identify(src/isaac_ros_common/docker/rosdep/ros-humble-cuda-python-placeholder) by extension 'python_setup_py'
[0.166s] Level 1:colcon.colcon_core.package_identification:_identify(src/isaac_ros_common/docker/rosdep/ros-humble-cuda-python-placeholder/DEBIAN) by extensions ['ignore', 'ignore_ament_install']
[0.167s] Level 1:colcon.colcon_core.package_identification:_identify(src/isaac_ros_common/docker/rosdep/ros-humble-cuda-python-placeholder/DEBIAN) by extension 'ignore'
[0.167s] Level 1:colcon.colcon_core.package_identification:_identify(src/isaac_ros_common/docker/rosdep/ros-humble-cuda-python-placeholder/DEBIAN) by extension 'ignore_ament_install'
[0.167s] Level 1:colcon.colcon_core.package_identification:_identify(src/isaac_ros_common/docker/rosdep/ros-humble-cuda-python-placeholder/DEBIAN) by extensions ['colcon_pkg']
[0.167s] Level 1:colcon.colcon_core.package_identification:_identify(src/isaac_ros_common/docker/rosdep/ros-humble-cuda-python-placeholder/DEBIAN) by extension 'colcon_pkg'
[0.167s] Level 1:colcon.colcon_core.package_identification:_identify(src/isaac_ros_common/docker/rosdep/ros-humble-cuda-python-placeholder/DEBIAN) by extensions ['colcon_meta']
[0.167s] Level 1:colcon.colcon_core.package_identification:_identify(src/isaac_ros_common/docker/rosdep/ros-humble-cuda-python-placeholder/DEBIAN) by extension 'colcon_meta'
[0.167s] Level 1:colcon.colcon_core.package_identification:_identify(src/isaac_ros_common/docker/rosdep/ros-humble-cuda-python-placeholder/DEBIAN) by extensions ['ros']
[0.167s] Level 1:colcon.colcon_core.package_identification:_identify(src/isaac_ros_common/docker/rosdep/ros-humble-cuda-python-placeholder/DEBIAN) by extension 'ros'
[0.167s] Level 1:colcon.colcon_core.package_identification:_identify(src/isaac_ros_common/docker/rosdep/ros-humble-cuda-python-placeholder/DEBIAN) by extensions ['cmake', 'python']
[0.167s] Level 1:colcon.colcon_core.package_identification:_identify(src/isaac_ros_common/docker/rosdep/ros-humble-cuda-python-placeholder/DEBIAN) by extension 'cmake'
[0.167s] Level 1:colcon.colcon_core.package_identification:_identify(src/isaac_ros_common/docker/rosdep/ros-humble-cuda-python-placeholder/DEBIAN) by extension 'python'
[0.167s] Level 1:colcon.colcon_core.package_identification:_identify(src/isaac_ros_common/docker/rosdep/ros-humble-cuda-python-placeholder/DEBIAN) by extensions ['python_setup_py']
[0.167s] Level 1:colcon.colcon_core.package_identification:_identify(src/isaac_ros_common/docker/rosdep/ros-humble-cuda-python-placeholder/DEBIAN) by extension 'python_setup_py'
[0.167s] Level 1:colcon.colcon_core.package_identification:_identify(src/isaac_ros_common/docker/scripts) by extensions ['ignore', 'ignore_ament_install']
[0.167s] Level 1:colcon.colcon_core.package_identification:_identify(src/isaac_ros_common/docker/scripts) by extension 'ignore'
[0.167s] Level 1:colcon.colcon_core.package_identification:_identify(src/isaac_ros_common/docker/scripts) by extension 'ignore_ament_install'
[0.167s] Level 1:colcon.colcon_core.package_identification:_identify(src/isaac_ros_common/docker/scripts) by extensions ['colcon_pkg']
[0.167s] Level 1:colcon.colcon_core.package_identification:_identify(src/isaac_ros_common/docker/scripts) by extension 'colcon_pkg'
[0.167s] Level 1:colcon.colcon_core.package_identification:_identify(src/isaac_ros_common/docker/scripts) by extensions ['colcon_meta']
[0.167s] Level 1:colcon.colcon_core.package_identification:_identify(src/isaac_ros_common/docker/scripts) by extension 'colcon_meta'
[0.167s] Level 1:colcon.colcon_core.package_identification:_identify(src/isaac_ros_common/docker/scripts) by extensions ['ros']
[0.167s] Level 1:colcon.colcon_core.package_identification:_identify(src/isaac_ros_common/docker/scripts) by extension 'ros'
[0.167s] Level 1:colcon.colcon_core.package_identification:_identify(src/isaac_ros_common/docker/scripts) by extensions ['cmake', 'python']
[0.167s] Level 1:colcon.colcon_core.package_identification:_identify(src/isaac_ros_common/docker/scripts) by extension 'cmake'
[0.167s] Level 1:colcon.colcon_core.package_identification:_identify(src/isaac_ros_common/docker/scripts) by extension 'python'
[0.167s] Level 1:colcon.colcon_core.package_identification:_identify(src/isaac_ros_common/docker/scripts) by extensions ['python_setup_py']
[0.167s] Level 1:colcon.colcon_core.package_identification:_identify(src/isaac_ros_common/docker/scripts) by extension 'python_setup_py'
[0.167s] Level 1:colcon.colcon_core.package_identification:_identify(src/isaac_ros_common/docker/udev_rules) by extensions ['ignore', 'ignore_ament_install']
[0.167s] Level 1:colcon.colcon_core.package_identification:_identify(src/isaac_ros_common/docker/udev_rules) by extension 'ignore'
[0.167s] Level 1:colcon.colcon_core.package_identification:_identify(src/isaac_ros_common/docker/udev_rules) by extension 'ignore_ament_install'
[0.167s] Level 1:colcon.colcon_core.package_identification:_identify(src/isaac_ros_common/docker/udev_rules) by extensions ['colcon_pkg']
[0.167s] Level 1:colcon.colcon_core.package_identification:_identify(src/isaac_ros_common/docker/udev_rules) by extension 'colcon_pkg'
[0.167s] Level 1:colcon.colcon_core.package_identification:_identify(src/isaac_ros_common/docker/udev_rules) by extensions ['colcon_meta']
[0.167s] Level 1:colcon.colcon_core.package_identification:_identify(src/isaac_ros_common/docker/udev_rules) by extension 'colcon_meta'
[0.167s] Level 1:colcon.colcon_core.package_identification:_identify(src/isaac_ros_common/docker/udev_rules) by extensions ['ros']
[0.167s] Level 1:colcon.colcon_core.package_identification:_identify(src/isaac_ros_common/docker/udev_rules) by extension 'ros'
[0.167s] Level 1:colcon.colcon_core.package_identification:_identify(src/isaac_ros_common/docker/udev_rules) by extensions ['cmake', 'python']
[0.167s] Level 1:colcon.colcon_core.package_identification:_identify(src/isaac_ros_common/docker/udev_rules) by extension 'cmake'
[0.168s] Level 1:colcon.colcon_core.package_identification:_identify(src/isaac_ros_common/docker/udev_rules) by extension 'python'
[0.168s] Level 1:colcon.colcon_core.package_identification:_identify(src/isaac_ros_common/docker/udev_rules) by extensions ['python_setup_py']
[0.168s] Level 1:colcon.colcon_core.package_identification:_identify(src/isaac_ros_common/docker/udev_rules) by extension 'python_setup_py'
[0.168s] Level 1:colcon.colcon_core.package_identification:_identify(src/isaac_ros_common/isaac_common) by extensions ['ignore', 'ignore_ament_install']
[0.168s] Level 1:colcon.colcon_core.package_identification:_identify(src/isaac_ros_common/isaac_common) by extension 'ignore'
[0.168s] Level 1:colcon.colcon_core.package_identification:_identify(src/isaac_ros_common/isaac_common) by extension 'ignore_ament_install'
[0.168s] Level 1:colcon.colcon_core.package_identification:_identify(src/isaac_ros_common/isaac_common) by extensions ['colcon_pkg']
[0.168s] Level 1:colcon.colcon_core.package_identification:_identify(src/isaac_ros_common/isaac_common) by extension 'colcon_pkg'
[0.168s] Level 1:colcon.colcon_core.package_identification:_identify(src/isaac_ros_common/isaac_common) by extensions ['colcon_meta']
[0.168s] Level 1:colcon.colcon_core.package_identification:_identify(src/isaac_ros_common/isaac_common) by extension 'colcon_meta'
[0.168s] Level 1:colcon.colcon_core.package_identification:_identify(src/isaac_ros_common/isaac_common) by extensions ['ros']
[0.168s] Level 1:colcon.colcon_core.package_identification:_identify(src/isaac_ros_common/isaac_common) by extension 'ros'
[0.170s] DEBUG:colcon.colcon_core.package_identification:Package 'src/isaac_ros_common/isaac_common' with type 'ros.ament_cmake' and name 'isaac_common'
[0.170s] Level 1:colcon.colcon_core.package_identification:_identify(src/isaac_ros_common/isaac_common_py) by extensions ['ignore', 'ignore_ament_install']
[0.170s] Level 1:colcon.colcon_core.package_identification:_identify(src/isaac_ros_common/isaac_common_py) by extension 'ignore'
[0.170s] Level 1:colcon.colcon_core.package_identification:_identify(src/isaac_ros_common/isaac_common_py) by extension 'ignore_ament_install'
[0.170s] Level 1:colcon.colcon_core.package_identification:_identify(src/isaac_ros_common/isaac_common_py) by extensions ['colcon_pkg']
[0.170s] Level 1:colcon.colcon_core.package_identification:_identify(src/isaac_ros_common/isaac_common_py) by extension 'colcon_pkg'
[0.170s] Level 1:colcon.colcon_core.package_identification:_identify(src/isaac_ros_common/isaac_common_py) by extensions ['colcon_meta']
[0.170s] Level 1:colcon.colcon_core.package_identification:_identify(src/isaac_ros_common/isaac_common_py) by extension 'colcon_meta'
[0.170s] Level 1:colcon.colcon_core.package_identification:_identify(src/isaac_ros_common/isaac_common_py) by extensions ['ros']
[0.171s] Level 1:colcon.colcon_core.package_identification:_identify(src/isaac_ros_common/isaac_common_py) by extension 'ros'
[0.171s] DEBUG:colcon.colcon_core.package_identification:Package 'src/isaac_ros_common/isaac_common_py' with type 'ros.ament_python' and name 'isaac_common_py'
[0.171s] Level 1:colcon.colcon_core.package_identification:_identify(src/isaac_ros_common/isaac_ros_apriltag_interfaces) by extensions ['ignore', 'ignore_ament_install']
[0.171s] Level 1:colcon.colcon_core.package_identification:_identify(src/isaac_ros_common/isaac_ros_apriltag_interfaces) by extension 'ignore'
[0.171s] Level 1:colcon.colcon_core.package_identification:_identify(src/isaac_ros_common/isaac_ros_apriltag_interfaces) by extension 'ignore_ament_install'
[0.171s] Level 1:colcon.colcon_core.package_identification:_identify(src/isaac_ros_common/isaac_ros_apriltag_interfaces) by extensions ['colcon_pkg']
[0.171s] Level 1:colcon.colcon_core.package_identification:_identify(src/isaac_ros_common/isaac_ros_apriltag_interfaces) by extension 'colcon_pkg'
[0.171s] Level 1:colcon.colcon_core.package_identification:_identify(src/isaac_ros_common/isaac_ros_apriltag_interfaces) by extensions ['colcon_meta']
[0.171s] Level 1:colcon.colcon_core.package_identification:_identify(src/isaac_ros_common/isaac_ros_apriltag_interfaces) by extension 'colcon_meta'
[0.171s] Level 1:colcon.colcon_core.package_identification:_identify(src/isaac_ros_common/isaac_ros_apriltag_interfaces) by extensions ['ros']
[0.172s] Level 1:colcon.colcon_core.package_identification:_identify(src/isaac_ros_common/isaac_ros_apriltag_interfaces) by extension 'ros'
[0.172s] DEBUG:colcon.colcon_core.package_identification:Package 'src/isaac_ros_common/isaac_ros_apriltag_interfaces' with type 'ros.ament_cmake' and name 'isaac_ros_apriltag_interfaces'
[0.172s] Level 1:colcon.colcon_core.package_identification:_identify(src/isaac_ros_common/isaac_ros_bi3d_interfaces) by extensions ['ignore', 'ignore_ament_install']
[0.172s] Level 1:colcon.colcon_core.package_identification:_identify(src/isaac_ros_common/isaac_ros_bi3d_interfaces) by extension 'ignore'
[0.172s] Level 1:colcon.colcon_core.package_identification:_identify(src/isaac_ros_common/isaac_ros_bi3d_interfaces) by extension 'ignore_ament_install'
[0.172s] Level 1:colcon.colcon_core.package_identification:_identify(src/isaac_ros_common/isaac_ros_bi3d_interfaces) by extensions ['colcon_pkg']
[0.172s] Level 1:colcon.colcon_core.package_identification:_identify(src/isaac_ros_common/isaac_ros_bi3d_interfaces) by extension 'colcon_pkg'
[0.172s] Level 1:colcon.colcon_core.package_identification:_identify(src/isaac_ros_common/isaac_ros_bi3d_interfaces) by extensions ['colcon_meta']
[0.172s] Level 1:colcon.colcon_core.package_identification:_identify(src/isaac_ros_common/isaac_ros_bi3d_interfaces) by extension 'colcon_meta'
[0.172s] Level 1:colcon.colcon_core.package_identification:_identify(src/isaac_ros_common/isaac_ros_bi3d_interfaces) by extensions ['ros']
[0.172s] Level 1:colcon.colcon_core.package_identification:_identify(src/isaac_ros_common/isaac_ros_bi3d_interfaces) by extension 'ros'
[0.173s] DEBUG:colcon.colcon_core.package_identification:Package 'src/isaac_ros_common/isaac_ros_bi3d_interfaces' with type 'ros.ament_cmake' and name 'isaac_ros_bi3d_interfaces'
[0.173s] Level 1:colcon.colcon_core.package_identification:_identify(src/isaac_ros_common/isaac_ros_common) by extensions ['ignore', 'ignore_ament_install']
[0.173s] Level 1:colcon.colcon_core.package_identification:_identify(src/isaac_ros_common/isaac_ros_common) by extension 'ignore'
[0.173s] Level 1:colcon.colcon_core.package_identification:_identify(src/isaac_ros_common/isaac_ros_common) by extension 'ignore_ament_install'
[0.173s] Level 1:colcon.colcon_core.package_identification:_identify(src/isaac_ros_common/isaac_ros_common) by extensions ['colcon_pkg']
[0.173s] Level 1:colcon.colcon_core.package_identification:_identify(src/isaac_ros_common/isaac_ros_common) by extension 'colcon_pkg'
[0.173s] Level 1:colcon.colcon_core.package_identification:_identify(src/isaac_ros_common/isaac_ros_common) by extensions ['colcon_meta']
[0.173s] Level 1:colcon.colcon_core.package_identification:_identify(src/isaac_ros_common/isaac_ros_common) by extension 'colcon_meta'
[0.173s] Level 1:colcon.colcon_core.package_identification:_identify(src/isaac_ros_common/isaac_ros_common) by extensions ['ros']
[0.173s] Level 1:colcon.colcon_core.package_identification:_identify(src/isaac_ros_common/isaac_ros_common) by extension 'ros'
[0.174s] DEBUG:colcon.colcon_core.package_identification:Package 'src/isaac_ros_common/isaac_ros_common' with type 'ros.ament_cmake' and name 'isaac_ros_common'
[0.174s] Level 1:colcon.colcon_core.package_identification:_identify(src/isaac_ros_common/isaac_ros_launch_utils) by extensions ['ignore', 'ignore_ament_install']
[0.174s] Level 1:colcon.colcon_core.package_identification:_identify(src/isaac_ros_common/isaac_ros_launch_utils) by extension 'ignore'
[0.174s] Level 1:colcon.colcon_core.package_identification:_identify(src/isaac_ros_common/isaac_ros_launch_utils) by extension 'ignore_ament_install'
[0.174s] Level 1:colcon.colcon_core.package_identification:_identify(src/isaac_ros_common/isaac_ros_launch_utils) by extensions ['colcon_pkg']
[0.174s] Level 1:colcon.colcon_core.package_identification:_identify(src/isaac_ros_common/isaac_ros_launch_utils) by extension 'colcon_pkg'
[0.174s] Level 1:colcon.colcon_core.package_identification:_identify(src/isaac_ros_common/isaac_ros_launch_utils) by extensions ['colcon_meta']
[0.174s] Level 1:colcon.colcon_core.package_identification:_identify(src/isaac_ros_common/isaac_ros_launch_utils) by extension 'colcon_meta'
[0.174s] Level 1:colcon.colcon_core.package_identification:_identify(src/isaac_ros_common/isaac_ros_launch_utils) by extensions ['ros']
[0.174s] Level 1:colcon.colcon_core.package_identification:_identify(src/isaac_ros_common/isaac_ros_launch_utils) by extension 'ros'
[0.174s] DEBUG:colcon.colcon_core.package_identification:Package 'src/isaac_ros_common/isaac_ros_launch_utils' with type 'ros.ament_python' and name 'isaac_ros_launch_utils'
[0.174s] Level 1:colcon.colcon_core.package_identification:_identify(src/isaac_ros_common/isaac_ros_nitros_bridge_interfaces) by extensions ['ignore', 'ignore_ament_install']
[0.175s] Level 1:colcon.colcon_core.package_identification:_identify(src/isaac_ros_common/isaac_ros_nitros_bridge_interfaces) by extension 'ignore'
[0.175s] Level 1:colcon.colcon_core.package_identification:_identify(src/isaac_ros_common/isaac_ros_nitros_bridge_interfaces) by extension 'ignore_ament_install'
[0.175s] Level 1:colcon.colcon_core.package_identification:_identify(src/isaac_ros_common/isaac_ros_nitros_bridge_interfaces) by extensions ['colcon_pkg']
[0.175s] Level 1:colcon.colcon_core.package_identification:_identify(src/isaac_ros_common/isaac_ros_nitros_bridge_interfaces) by extension 'colcon_pkg'
[0.175s] Level 1:colcon.colcon_core.package_identification:_identify(src/isaac_ros_common/isaac_ros_nitros_bridge_interfaces) by extensions ['colcon_meta']
[0.175s] Level 1:colcon.colcon_core.package_identification:_identify(src/isaac_ros_common/isaac_ros_nitros_bridge_interfaces) by extension 'colcon_meta'
[0.175s] Level 1:colcon.colcon_core.package_identification:_identify(src/isaac_ros_common/isaac_ros_nitros_bridge_interfaces) by extensions ['ros']
[0.175s] Level 1:colcon.colcon_core.package_identification:_identify(src/isaac_ros_common/isaac_ros_nitros_bridge_interfaces) by extension 'ros'
[0.175s] DEBUG:colcon.colcon_core.package_identification:Package 'src/isaac_ros_common/isaac_ros_nitros_bridge_interfaces' with type 'ros.ament_cmake' and name 'isaac_ros_nitros_bridge_interfaces'
[0.175s] Level 1:colcon.colcon_core.package_identification:_identify(src/isaac_ros_common/isaac_ros_nova_interfaces) by extensions ['ignore', 'ignore_ament_install']
[0.175s] Level 1:colcon.colcon_core.package_identification:_identify(src/isaac_ros_common/isaac_ros_nova_interfaces) by extension 'ignore'
[0.175s] Level 1:colcon.colcon_core.package_identification:_identify(src/isaac_ros_common/isaac_ros_nova_interfaces) by extension 'ignore_ament_install'
[0.175s] Level 1:colcon.colcon_core.package_identification:_identify(src/isaac_ros_common/isaac_ros_nova_interfaces) by extensions ['colcon_pkg']
[0.175s] Level 1:colcon.colcon_core.package_identification:_identify(src/isaac_ros_common/isaac_ros_nova_interfaces) by extension 'colcon_pkg'
[0.175s] Level 1:colcon.colcon_core.package_identification:_identify(src/isaac_ros_common/isaac_ros_nova_interfaces) by extensions ['colcon_meta']
[0.175s] Level 1:colcon.colcon_core.package_identification:_identify(src/isaac_ros_common/isaac_ros_nova_interfaces) by extension 'colcon_meta'
[0.175s] Level 1:colcon.colcon_core.package_identification:_identify(src/isaac_ros_common/isaac_ros_nova_interfaces) by extensions ['ros']
[0.175s] Level 1:colcon.colcon_core.package_identification:_identify(src/isaac_ros_common/isaac_ros_nova_interfaces) by extension 'ros'
[0.176s] DEBUG:colcon.colcon_core.package_identification:Package 'src/isaac_ros_common/isaac_ros_nova_interfaces' with type 'ros.ament_cmake' and name 'isaac_ros_nova_interfaces'
[0.176s] Level 1:colcon.colcon_core.package_identification:_identify(src/isaac_ros_common/isaac_ros_pointcloud_interfaces) by extensions ['ignore', 'ignore_ament_install']
[0.176s] Level 1:colcon.colcon_core.package_identification:_identify(src/isaac_ros_common/isaac_ros_pointcloud_interfaces) by extension 'ignore'
[0.176s] Level 1:colcon.colcon_core.package_identification:_identify(src/isaac_ros_common/isaac_ros_pointcloud_interfaces) by extension 'ignore_ament_install'
[0.176s] Level 1:colcon.colcon_core.package_identification:_identify(src/isaac_ros_common/isaac_ros_pointcloud_interfaces) by extensions ['colcon_pkg']
[0.176s] Level 1:colcon.colcon_core.package_identification:_identify(src/isaac_ros_common/isaac_ros_pointcloud_interfaces) by extension 'colcon_pkg'
[0.176s] Level 1:colcon.colcon_core.package_identification:_identify(src/isaac_ros_common/isaac_ros_pointcloud_interfaces) by extensions ['colcon_meta']
[0.176s] Level 1:colcon.colcon_core.package_identification:_identify(src/isaac_ros_common/isaac_ros_pointcloud_interfaces) by extension 'colcon_meta'
[0.177s] Level 1:colcon.colcon_core.package_identification:_identify(src/isaac_ros_common/isaac_ros_pointcloud_interfaces) by extensions ['ros']
[0.177s] Level 1:colcon.colcon_core.package_identification:_identify(src/isaac_ros_common/isaac_ros_pointcloud_interfaces) by extension 'ros'
[0.178s] DEBUG:colcon.colcon_core.package_identification:Package 'src/isaac_ros_common/isaac_ros_pointcloud_interfaces' with type 'ros.ament_cmake' and name 'isaac_ros_pointcloud_interfaces'
[0.178s] Level 1:colcon.colcon_core.package_identification:_identify(src/isaac_ros_common/isaac_ros_r2b_galileo) by extensions ['ignore', 'ignore_ament_install']
[0.178s] Level 1:colcon.colcon_core.package_identification:_identify(src/isaac_ros_common/isaac_ros_r2b_galileo) by extension 'ignore'
[0.178s] Level 1:colcon.colcon_core.package_identification:_identify(src/isaac_ros_common/isaac_ros_r2b_galileo) by extension 'ignore_ament_install'
[0.178s] Level 1:colcon.colcon_core.package_identification:_identify(src/isaac_ros_common/isaac_ros_r2b_galileo) by extensions ['colcon_pkg']
[0.178s] Level 1:colcon.colcon_core.package_identification:_identify(src/isaac_ros_common/isaac_ros_r2b_galileo) by extension 'colcon_pkg'
[0.178s] Level 1:colcon.colcon_core.package_identification:_identify(src/isaac_ros_common/isaac_ros_r2b_galileo) by extensions ['colcon_meta']
[0.178s] Level 1:colcon.colcon_core.package_identification:_identify(src/isaac_ros_common/isaac_ros_r2b_galileo) by extension 'colcon_meta'
[0.178s] Level 1:colcon.colcon_core.package_identification:_identify(src/isaac_ros_common/isaac_ros_r2b_galileo) by extensions ['ros']
[0.178s] Level 1:colcon.colcon_core.package_identification:_identify(src/isaac_ros_common/isaac_ros_r2b_galileo) by extension 'ros'
[0.179s] DEBUG:colcon.colcon_core.package_identification:Package 'src/isaac_ros_common/isaac_ros_r2b_galileo' with type 'ros.ament_cmake' and name 'isaac_ros_r2b_galileo'
[0.179s] Level 1:colcon.colcon_core.package_identification:_identify(src/isaac_ros_common/isaac_ros_rosbag_utils) by extensions ['ignore', 'ignore_ament_install']
[0.179s] Level 1:colcon.colcon_core.package_identification:_identify(src/isaac_ros_common/isaac_ros_rosbag_utils) by extension 'ignore'
[0.179s] Level 1:colcon.colcon_core.package_identification:_identify(src/isaac_ros_common/isaac_ros_rosbag_utils) by extension 'ignore_ament_install'
[0.179s] Level 1:colcon.colcon_core.package_identification:_identify(src/isaac_ros_common/isaac_ros_rosbag_utils) by extensions ['colcon_pkg']
[0.179s] Level 1:colcon.colcon_core.package_identification:_identify(src/isaac_ros_common/isaac_ros_rosbag_utils) by extension 'colcon_pkg'
[0.179s] Level 1:colcon.colcon_core.package_identification:_identify(src/isaac_ros_common/isaac_ros_rosbag_utils) by extensions ['colcon_meta']
[0.179s] Level 1:colcon.colcon_core.package_identification:_identify(src/isaac_ros_common/isaac_ros_rosbag_utils) by extension 'colcon_meta'
[0.179s] Level 1:colcon.colcon_core.package_identification:_identify(src/isaac_ros_common/isaac_ros_rosbag_utils) by extensions ['ros']
[0.180s] Level 1:colcon.colcon_core.package_identification:_identify(src/isaac_ros_common/isaac_ros_rosbag_utils) by extension 'ros'
[0.180s] DEBUG:colcon.colcon_core.package_identification:Package 'src/isaac_ros_common/isaac_ros_rosbag_utils' with type 'ros.ament_python' and name 'isaac_ros_rosbag_utils'
[0.180s] Level 1:colcon.colcon_core.package_identification:_identify(src/isaac_ros_common/isaac_ros_tensor_list_interfaces) by extensions ['ignore', 'ignore_ament_install']
[0.180s] Level 1:colcon.colcon_core.package_identification:_identify(src/isaac_ros_common/isaac_ros_tensor_list_interfaces) by extension 'ignore'
[0.180s] Level 1:colcon.colcon_core.package_identification:_identify(src/isaac_ros_common/isaac_ros_tensor_list_interfaces) by extension 'ignore_ament_install'
[0.180s] Level 1:colcon.colcon_core.package_identification:_identify(src/isaac_ros_common/isaac_ros_tensor_list_interfaces) by extensions ['colcon_pkg']
[0.180s] Level 1:colcon.colcon_core.package_identification:_identify(src/isaac_ros_common/isaac_ros_tensor_list_interfaces) by extension 'colcon_pkg'
[0.181s] Level 1:colcon.colcon_core.package_identification:_identify(src/isaac_ros_common/isaac_ros_tensor_list_interfaces) by extensions ['colcon_meta']
[0.181s] Level 1:colcon.colcon_core.package_identification:_identify(src/isaac_ros_common/isaac_ros_tensor_list_interfaces) by extension 'colcon_meta'
[0.181s] Level 1:colcon.colcon_core.package_identification:_identify(src/isaac_ros_common/isaac_ros_tensor_list_interfaces) by extensions ['ros']
[0.181s] Level 1:colcon.colcon_core.package_identification:_identify(src/isaac_ros_common/isaac_ros_tensor_list_interfaces) by extension 'ros'
[0.181s] DEBUG:colcon.colcon_core.package_identification:Package 'src/isaac_ros_common/isaac_ros_tensor_list_interfaces' with type 'ros.ament_cmake' and name 'isaac_ros_tensor_list_interfaces'
[0.182s] Level 1:colcon.colcon_core.package_identification:_identify(src/isaac_ros_common/isaac_ros_test) by extensions ['ignore', 'ignore_ament_install']
[0.182s] Level 1:colcon.colcon_core.package_identification:_identify(src/isaac_ros_common/isaac_ros_test) by extension 'ignore'
[0.182s] Level 1:colcon.colcon_core.package_identification:_identify(src/isaac_ros_common/isaac_ros_test) by extension 'ignore_ament_install'
[0.182s] Level 1:colcon.colcon_core.package_identification:_identify(src/isaac_ros_common/isaac_ros_test) by extensions ['colcon_pkg']
[0.182s] Level 1:colcon.colcon_core.package_identification:_identify(src/isaac_ros_common/isaac_ros_test) by extension 'colcon_pkg'
[0.182s] Level 1:colcon.colcon_core.package_identification:_identify(src/isaac_ros_common/isaac_ros_test) by extensions ['colcon_meta']
[0.182s] Level 1:colcon.colcon_core.package_identification:_identify(src/isaac_ros_common/isaac_ros_test) by extension 'colcon_meta'
[0.182s] Level 1:colcon.colcon_core.package_identification:_identify(src/isaac_ros_common/isaac_ros_test) by extensions ['ros']
[0.182s] Level 1:colcon.colcon_core.package_identification:_identify(src/isaac_ros_common/isaac_ros_test) by extension 'ros'
[0.183s] DEBUG:colcon.colcon_core.package_identification:Package 'src/isaac_ros_common/isaac_ros_test' with type 'ros.ament_python' and name 'isaac_ros_test'
[0.183s] Level 1:colcon.colcon_core.package_identification:_identify(src/isaac_ros_common/isaac_ros_test_cmake) by extensions ['ignore', 'ignore_ament_install']
[0.183s] Level 1:colcon.colcon_core.package_identification:_identify(src/isaac_ros_common/isaac_ros_test_cmake) by extension 'ignore'
[0.184s] Level 1:colcon.colcon_core.package_identification:_identify(src/isaac_ros_common/isaac_ros_test_cmake) by extension 'ignore_ament_install'
[0.184s] Level 1:colcon.colcon_core.package_identification:_identify(src/isaac_ros_common/isaac_ros_test_cmake) by extensions ['colcon_pkg']
[0.184s] Level 1:colcon.colcon_core.package_identification:_identify(src/isaac_ros_common/isaac_ros_test_cmake) by extension 'colcon_pkg'
[0.184s] Level 1:colcon.colcon_core.package_identification:_identify(src/isaac_ros_common/isaac_ros_test_cmake) by extensions ['colcon_meta']
[0.184s] Level 1:colcon.colcon_core.package_identification:_identify(src/isaac_ros_common/isaac_ros_test_cmake) by extension 'colcon_meta'
[0.184s] Level 1:colcon.colcon_core.package_identification:_identify(src/isaac_ros_common/isaac_ros_test_cmake) by extensions ['ros']
[0.184s] Level 1:colcon.colcon_core.package_identification:_identify(src/isaac_ros_common/isaac_ros_test_cmake) by extension 'ros'
[0.184s] DEBUG:colcon.colcon_core.package_identification:Package 'src/isaac_ros_common/isaac_ros_test_cmake' with type 'ros.ament_cmake' and name 'isaac_ros_test_cmake'
[0.185s] Level 1:colcon.colcon_core.package_identification:_identify(src/isaac_ros_common/scripts) by extensions ['ignore', 'ignore_ament_install']
[0.185s] Level 1:colcon.colcon_core.package_identification:_identify(src/isaac_ros_common/scripts) by extension 'ignore'
[0.185s] Level 1:colcon.colcon_core.package_identification:_identify(src/isaac_ros_common/scripts) by extension 'ignore_ament_install'
[0.185s] Level 1:colcon.colcon_core.package_identification:_identify(src/isaac_ros_common/scripts) by extensions ['colcon_pkg']
[0.185s] Level 1:colcon.colcon_core.package_identification:_identify(src/isaac_ros_common/scripts) by extension 'colcon_pkg'
[0.185s] Level 1:colcon.colcon_core.package_identification:_identify(src/isaac_ros_common/scripts) by extensions ['colcon_meta']
[0.185s] Level 1:colcon.colcon_core.package_identification:_identify(src/isaac_ros_common/scripts) by extension 'colcon_meta'
[0.185s] Level 1:colcon.colcon_core.package_identification:_identify(src/isaac_ros_common/scripts) by extensions ['ros']
[0.185s] Level 1:colcon.colcon_core.package_identification:_identify(src/isaac_ros_common/scripts) by extension 'ros'
[0.185s] Level 1:colcon.colcon_core.package_identification:_identify(src/isaac_ros_common/scripts) by extensions ['cmake', 'python']
[0.185s] Level 1:colcon.colcon_core.package_identification:_identify(src/isaac_ros_common/scripts) by extension 'cmake'
[0.185s] Level 1:colcon.colcon_core.package_identification:_identify(src/isaac_ros_common/scripts) by extension 'python'
[0.185s] Level 1:colcon.colcon_core.package_identification:_identify(src/isaac_ros_common/scripts) by extensions ['python_setup_py']
[0.185s] Level 1:colcon.colcon_core.package_identification:_identify(src/isaac_ros_common/scripts) by extension 'python_setup_py'
[0.185s] Level 1:colcon.colcon_core.package_identification:_identify(src/isaac_ros_common/scripts/deploy) by extensions ['ignore', 'ignore_ament_install']
[0.185s] Level 1:colcon.colcon_core.package_identification:_identify(src/isaac_ros_common/scripts/deploy) by extension 'ignore'
[0.185s] Level 1:colcon.colcon_core.package_identification:_identify(src/isaac_ros_common/scripts/deploy) by extension 'ignore_ament_install'
[0.185s] Level 1:colcon.colcon_core.package_identification:_identify(src/isaac_ros_common/scripts/deploy) by extensions ['colcon_pkg']
[0.185s] Level 1:colcon.colcon_core.package_identification:_identify(src/isaac_ros_common/scripts/deploy) by extension 'colcon_pkg'
[0.185s] Level 1:colcon.colcon_core.package_identification:_identify(src/isaac_ros_common/scripts/deploy) by extensions ['colcon_meta']
[0.185s] Level 1:colcon.colcon_core.package_identification:_identify(src/isaac_ros_common/scripts/deploy) by extension 'colcon_meta'
[0.185s] Level 1:colcon.colcon_core.package_identification:_identify(src/isaac_ros_common/scripts/deploy) by extensions ['ros']
[0.185s] Level 1:colcon.colcon_core.package_identification:_identify(src/isaac_ros_common/scripts/deploy) by extension 'ros'
[0.185s] Level 1:colcon.colcon_core.package_identification:_identify(src/isaac_ros_common/scripts/deploy) by extensions ['cmake', 'python']
[0.185s] Level 1:colcon.colcon_core.package_identification:_identify(src/isaac_ros_common/scripts/deploy) by extension 'cmake'
[0.185s] Level 1:colcon.colcon_core.package_identification:_identify(src/isaac_ros_common/scripts/deploy) by extension 'python'
[0.185s] Level 1:colcon.colcon_core.package_identification:_identify(src/isaac_ros_common/scripts/deploy) by extensions ['python_setup_py']
[0.185s] Level 1:colcon.colcon_core.package_identification:_identify(src/isaac_ros_common/scripts/deploy) by extension 'python_setup_py'
[0.186s] Level 1:colcon.colcon_core.package_identification:_identify(src/isaac_ros_common/scripts/utils) by extensions ['ignore', 'ignore_ament_install']
[0.186s] Level 1:colcon.colcon_core.package_identification:_identify(src/isaac_ros_common/scripts/utils) by extension 'ignore'
[0.186s] Level 1:colcon.colcon_core.package_identification:_identify(src/isaac_ros_common/scripts/utils) by extension 'ignore_ament_install'
[0.186s] Level 1:colcon.colcon_core.package_identification:_identify(src/isaac_ros_common/scripts/utils) by extensions ['colcon_pkg']
[0.186s] Level 1:colcon.colcon_core.package_identification:_identify(src/isaac_ros_common/scripts/utils) by extension 'colcon_pkg'
[0.186s] Level 1:colcon.colcon_core.package_identification:_identify(src/isaac_ros_common/scripts/utils) by extensions ['colcon_meta']
[0.186s] Level 1:colcon.colcon_core.package_identification:_identify(src/isaac_ros_common/scripts/utils) by extension 'colcon_meta'
[0.186s] Level 1:colcon.colcon_core.package_identification:_identify(src/isaac_ros_common/scripts/utils) by extensions ['ros']
[0.186s] Level 1:colcon.colcon_core.package_identification:_identify(src/isaac_ros_common/scripts/utils) by extension 'ros'
[0.186s] Level 1:colcon.colcon_core.package_identification:_identify(src/isaac_ros_common/scripts/utils) by extensions ['cmake', 'python']
[0.186s] Level 1:colcon.colcon_core.package_identification:_identify(src/isaac_ros_common/scripts/utils) by extension 'cmake'
[0.186s] Level 1:colcon.colcon_core.package_identification:_identify(src/isaac_ros_common/scripts/utils) by extension 'python'
[0.186s] Level 1:colcon.colcon_core.package_identification:_identify(src/isaac_ros_common/scripts/utils) by extensions ['python_setup_py']
[0.186s] Level 1:colcon.colcon_core.package_identification:_identify(src/isaac_ros_common/scripts/utils) by extension 'python_setup_py'
[0.186s] Level 1:colcon.colcon_core.package_identification:_identify(src/zed-ros2-wrapper) by extensions ['ignore', 'ignore_ament_install']
[0.186s] Level 1:colcon.colcon_core.package_identification:_identify(src/zed-ros2-wrapper) by extension 'ignore'
[0.186s] Level 1:colcon.colcon_core.package_identification:_identify(src/zed-ros2-wrapper) by extension 'ignore_ament_install'
[0.186s] Level 1:colcon.colcon_core.package_identification:_identify(src/zed-ros2-wrapper) by extensions ['colcon_pkg']
[0.186s] Level 1:colcon.colcon_core.package_identification:_identify(src/zed-ros2-wrapper) by extension 'colcon_pkg'
[0.186s] Level 1:colcon.colcon_core.package_identification:_identify(src/zed-ros2-wrapper) by extensions ['colcon_meta']
[0.186s] Level 1:colcon.colcon_core.package_identification:_identify(src/zed-ros2-wrapper) by extension 'colcon_meta'
[0.186s] Level 1:colcon.colcon_core.package_identification:_identify(src/zed-ros2-wrapper) by extensions ['ros']
[0.186s] Level 1:colcon.colcon_core.package_identification:_identify(src/zed-ros2-wrapper) by extension 'ros'
[0.186s] Level 1:colcon.colcon_core.package_identification:_identify(src/zed-ros2-wrapper) by extensions ['cmake', 'python']
[0.186s] Level 1:colcon.colcon_core.package_identification:_identify(src/zed-ros2-wrapper) by extension 'cmake'
[0.187s] Level 1:colcon.colcon_core.package_identification:_identify(src/zed-ros2-wrapper) by extension 'python'
[0.187s] Level 1:colcon.colcon_core.package_identification:_identify(src/zed-ros2-wrapper) by extensions ['python_setup_py']
[0.187s] Level 1:colcon.colcon_core.package_identification:_identify(src/zed-ros2-wrapper) by extension 'python_setup_py'
[0.187s] Level 1:colcon.colcon_core.package_identification:_identify(src/zed-ros2-wrapper/docker) by extensions ['ignore', 'ignore_ament_install']
[0.187s] Level 1:colcon.colcon_core.package_identification:_identify(src/zed-ros2-wrapper/docker) by extension 'ignore'
[0.187s] Level 1:colcon.colcon_core.package_identification:_identify(src/zed-ros2-wrapper/docker) by extension 'ignore_ament_install'
[0.187s] Level 1:colcon.colcon_core.package_identification:_identify(src/zed-ros2-wrapper/docker) by extensions ['colcon_pkg']
[0.187s] Level 1:colcon.colcon_core.package_identification:_identify(src/zed-ros2-wrapper/docker) by extension 'colcon_pkg'
[0.187s] Level 1:colcon.colcon_core.package_identification:_identify(src/zed-ros2-wrapper/docker) by extensions ['colcon_meta']
[0.187s] Level 1:colcon.colcon_core.package_identification:_identify(src/zed-ros2-wrapper/docker) by extension 'colcon_meta'
[0.187s] Level 1:colcon.colcon_core.package_identification:_identify(src/zed-ros2-wrapper/docker) by extensions ['ros']
[0.187s] Level 1:colcon.colcon_core.package_identification:_identify(src/zed-ros2-wrapper/docker) by extension 'ros'
[0.187s] Level 1:colcon.colcon_core.package_identification:_identify(src/zed-ros2-wrapper/docker) by extensions ['cmake', 'python']
[0.187s] Level 1:colcon.colcon_core.package_identification:_identify(src/zed-ros2-wrapper/docker) by extension 'cmake'
[0.187s] Level 1:colcon.colcon_core.package_identification:_identify(src/zed-ros2-wrapper/docker) by extension 'python'
[0.187s] Level 1:colcon.colcon_core.package_identification:_identify(src/zed-ros2-wrapper/docker) by extensions ['python_setup_py']
[0.187s] Level 1:colcon.colcon_core.package_identification:_identify(src/zed-ros2-wrapper/docker) by extension 'python_setup_py'
[0.187s] Level 1:colcon.colcon_core.package_identification:_identify(src/zed-ros2-wrapper/images) by extensions ['ignore', 'ignore_ament_install']
[0.187s] Level 1:colcon.colcon_core.package_identification:_identify(src/zed-ros2-wrapper/images) by extension 'ignore'
[0.187s] Level 1:colcon.colcon_core.package_identification:_identify(src/zed-ros2-wrapper/images) by extension 'ignore_ament_install'
[0.187s] Level 1:colcon.colcon_core.package_identification:_identify(src/zed-ros2-wrapper/images) by extensions ['colcon_pkg']
[0.187s] Level 1:colcon.colcon_core.package_identification:_identify(src/zed-ros2-wrapper/images) by extension 'colcon_pkg'
[0.187s] Level 1:colcon.colcon_core.package_identification:_identify(src/zed-ros2-wrapper/images) by extensions ['colcon_meta']
[0.187s] Level 1:colcon.colcon_core.package_identification:_identify(src/zed-ros2-wrapper/images) by extension 'colcon_meta'
[0.187s] Level 1:colcon.colcon_core.package_identification:_identify(src/zed-ros2-wrapper/images) by extensions ['ros']
[0.187s] Level 1:colcon.colcon_core.package_identification:_identify(src/zed-ros2-wrapper/images) by extension 'ros'
[0.187s] Level 1:colcon.colcon_core.package_identification:_identify(src/zed-ros2-wrapper/images) by extensions ['cmake', 'python']
[0.187s] Level 1:colcon.colcon_core.package_identification:_identify(src/zed-ros2-wrapper/images) by extension 'cmake'
[0.188s] Level 1:colcon.colcon_core.package_identification:_identify(src/zed-ros2-wrapper/images) by extension 'python'
[0.188s] Level 1:colcon.colcon_core.package_identification:_identify(src/zed-ros2-wrapper/images) by extensions ['python_setup_py']
[0.188s] Level 1:colcon.colcon_core.package_identification:_identify(src/zed-ros2-wrapper/images) by extension 'python_setup_py'
[0.188s] Level 1:colcon.colcon_core.package_identification:_identify(src/zed-ros2-wrapper/zed_components) by extensions ['ignore', 'ignore_ament_install']
[0.188s] Level 1:colcon.colcon_core.package_identification:_identify(src/zed-ros2-wrapper/zed_components) by extension 'ignore'
[0.188s] Level 1:colcon.colcon_core.package_identification:_identify(src/zed-ros2-wrapper/zed_components) by extension 'ignore_ament_install'
[0.188s] Level 1:colcon.colcon_core.package_identification:_identify(src/zed-ros2-wrapper/zed_components) by extensions ['colcon_pkg']
[0.188s] Level 1:colcon.colcon_core.package_identification:_identify(src/zed-ros2-wrapper/zed_components) by extension 'colcon_pkg'
[0.188s] Level 1:colcon.colcon_core.package_identification:_identify(src/zed-ros2-wrapper/zed_components) by extensions ['colcon_meta']
[0.188s] Level 1:colcon.colcon_core.package_identification:_identify(src/zed-ros2-wrapper/zed_components) by extension 'colcon_meta'
[0.188s] Level 1:colcon.colcon_core.package_identification:_identify(src/zed-ros2-wrapper/zed_components) by extensions ['ros']
[0.188s] Level 1:colcon.colcon_core.package_identification:_identify(src/zed-ros2-wrapper/zed_components) by extension 'ros'
[0.190s] DEBUG:colcon.colcon_core.package_identification:Package 'src/zed-ros2-wrapper/zed_components' with type 'ros.ament_cmake' and name 'zed_components'
[0.190s] Level 1:colcon.colcon_core.package_identification:_identify(src/zed-ros2-wrapper/zed_ros2) by extensions ['ignore', 'ignore_ament_install']
[0.190s] Level 1:colcon.colcon_core.package_identification:_identify(src/zed-ros2-wrapper/zed_ros2) by extension 'ignore'
[0.190s] Level 1:colcon.colcon_core.package_identification:_identify(src/zed-ros2-wrapper/zed_ros2) by extension 'ignore_ament_install'
[0.190s] Level 1:colcon.colcon_core.package_identification:_identify(src/zed-ros2-wrapper/zed_ros2) by extensions ['colcon_pkg']
[0.190s] Level 1:colcon.colcon_core.package_identification:_identify(src/zed-ros2-wrapper/zed_ros2) by extension 'colcon_pkg'
[0.190s] Level 1:colcon.colcon_core.package_identification:_identify(src/zed-ros2-wrapper/zed_ros2) by extensions ['colcon_meta']
[0.190s] Level 1:colcon.colcon_core.package_identification:_identify(src/zed-ros2-wrapper/zed_ros2) by extension 'colcon_meta'
[0.191s] Level 1:colcon.colcon_core.package_identification:_identify(src/zed-ros2-wrapper/zed_ros2) by extensions ['ros']
[0.191s] Level 1:colcon.colcon_core.package_identification:_identify(src/zed-ros2-wrapper/zed_ros2) by extension 'ros'
[0.191s] DEBUG:colcon.colcon_core.package_identification:Package 'src/zed-ros2-wrapper/zed_ros2' with type 'ros.ament_cmake' and name 'zed_ros2'
[0.191s] Level 1:colcon.colcon_core.package_identification:_identify(src/zed-ros2-wrapper/zed_wrapper) by extensions ['ignore', 'ignore_ament_install']
[0.191s] Level 1:colcon.colcon_core.package_identification:_identify(src/zed-ros2-wrapper/zed_wrapper) by extension 'ignore'
[0.191s] Level 1:colcon.colcon_core.package_identification:_identify(src/zed-ros2-wrapper/zed_wrapper) by extension 'ignore_ament_install'
[0.191s] Level 1:colcon.colcon_core.package_identification:_identify(src/zed-ros2-wrapper/zed_wrapper) by extensions ['colcon_pkg']
[0.192s] Level 1:colcon.colcon_core.package_identification:_identify(src/zed-ros2-wrapper/zed_wrapper) by extension 'colcon_pkg'
[0.192s] Level 1:colcon.colcon_core.package_identification:_identify(src/zed-ros2-wrapper/zed_wrapper) by extensions ['colcon_meta']
[0.192s] Level 1:colcon.colcon_core.package_identification:_identify(src/zed-ros2-wrapper/zed_wrapper) by extension 'colcon_meta'
[0.192s] Level 1:colcon.colcon_core.package_identification:_identify(src/zed-ros2-wrapper/zed_wrapper) by extensions ['ros']
[0.192s] Level 1:colcon.colcon_core.package_identification:_identify(src/zed-ros2-wrapper/zed_wrapper) by extension 'ros'
[0.192s] DEBUG:colcon.colcon_core.package_identification:Package 'src/zed-ros2-wrapper/zed_wrapper' with type 'ros.ament_cmake' and name 'zed_wrapper'
[0.193s] Level 1:colcon.colcon_core.package_identification:_identify(src/zed2i_isaac_vslam) by extensions ['ignore', 'ignore_ament_install']
[0.193s] Level 1:colcon.colcon_core.package_identification:_identify(src/zed2i_isaac_vslam) by extension 'ignore'
[0.193s] Level 1:colcon.colcon_core.package_identification:_identify(src/zed2i_isaac_vslam) by extension 'ignore_ament_install'
[0.193s] Level 1:colcon.colcon_core.package_identification:_identify(src/zed2i_isaac_vslam) by extensions ['colcon_pkg']
[0.193s] Level 1:colcon.colcon_core.package_identification:_identify(src/zed2i_isaac_vslam) by extension 'colcon_pkg'
[0.193s] Level 1:colcon.colcon_core.package_identification:_identify(src/zed2i_isaac_vslam) by extensions ['colcon_meta']
[0.193s] Level 1:colcon.colcon_core.package_identification:_identify(src/zed2i_isaac_vslam) by extension 'colcon_meta'
[0.193s] Level 1:colcon.colcon_core.package_identification:_identify(src/zed2i_isaac_vslam) by extensions ['ros']
[0.193s] Level 1:colcon.colcon_core.package_identification:_identify(src/zed2i_isaac_vslam) by extension 'ros'
[0.193s] DEBUG:colcon.colcon_core.package_identification:Package 'src/zed2i_isaac_vslam' with type 'ros.ament_cmake' and name 'zed2i_isaac_vslam'
[0.193s] Level 1:colcon.colcon_core.package_discovery:discover_packages(recursive) using defaults
[0.193s] Level 1:colcon.colcon_core.package_discovery:discover_packages(ignore) discover
[0.193s] Level 1:colcon.colcon_core.package_discovery:discover_packages(ignore) using defaults
[0.193s] Level 1:colcon.colcon_core.package_discovery:discover_packages(path) discover
[0.193s] Level 1:colcon.colcon_core.package_discovery:discover_packages(path) using defaults
