[0.009s] Invoking command in '/home/xplore/dev_ws/src/localization/camera/isaac/build/zed_components': CMAKE_PREFIX_PATH=${CMAKE_PREFIX_PATH}:/home/xplore/dev_ws/install/ros2_aruco:/opt/ros/humble /usr/bin/cmake /home/xplore/dev_ws/src/localization/camera/isaac/src/zed-ros2-wrapper/zed_components -DCMAKE_BUILD_TYPE=Release -DAMENT_CMAKE_SYMLINK_INSTALL=1 -DCMAKE_INSTALL_PREFIX=/home/xplore/dev_ws/src/localization/camera/isaac/install/zed_components
[0.144s] -- The C compiler identification is GNU 11.4.0
[0.236s] -- The CXX compiler identification is GNU 11.4.0
[0.244s] -- Detecting C compiler ABI info
[0.327s] -- Detecting C compiler ABI info - done
[0.332s] -- Check for working C compiler: /usr/bin/cc - skipped
[0.333s] -- Detecting C compile features
[0.334s] -- Detecting C compile features - done
[0.336s] -- Detecting CXX compiler ABI info
[0.410s] -- Detecting CXX compiler ABI info - done
[0.419s] -- Check for working CXX compiler: /usr/bin/c++ - skipped
[0.419s] -- Detecting CXX compile features
[0.419s] -- Detecting CXX compile features - done
[0.422s] -- Looking for sgemm_
[0.477s] -- Looking for sgemm_ - not found
[0.479s] -- Looking for pthread.h
[0.543s] -- Looking for pthread.h - found
[0.543s] -- Performing Test CMAKE_HAVE_LIBC_PTHREAD
[0.608s] -- Performing Test CMAKE_HAVE_LIBC_PTHREAD - Success
[0.609s] -- Found Threads: TRUE  
[0.634s] -- Looking for sgemm_
[0.707s] -- Looking for sgemm_ - found
[0.708s] -- Found BLAS: /usr/lib/x86_64-linux-gnu/libopenblas.so  
[0.729s] -- Found CUDA: /usr/local/cuda-11.8 (found suitable version "11.8", minimum required is "11") 
[0.909s] -- Found CUDA: /usr/local/cuda-11.8 (found version "11.8") 
[0.915s] -- Found ament_cmake_auto: 1.3.13 (/opt/ros/humble/share/ament_cmake_auto/cmake)
[1.031s] -- Found Python3: /usr/bin/python3 (found version "3.10.12") found components: Interpreter 
[1.077s] -- Override CMake install command with custom implementation using symlinks instead of copying resources
[1.218s] -- Found rosidl_generator_c: 3.1.8 (/opt/ros/humble/share/rosidl_generator_c/cmake)
[1.227s] -- Found rosidl_adapter: 3.1.8 (/opt/ros/humble/share/rosidl_adapter/cmake)
[1.238s] -- Found rosidl_generator_cpp: 3.1.8 (/opt/ros/humble/share/rosidl_generator_cpp/cmake)
[1.253s] -- Using all available rosidl_typesupport_c: rosidl_typesupport_fastrtps_c;rosidl_typesupport_introspection_c
[1.271s] -- Using all available rosidl_typesupport_cpp: rosidl_typesupport_fastrtps_cpp;rosidl_typesupport_introspection_cpp
[1.389s] -- Found rmw_implementation_cmake: 6.1.2 (/opt/ros/humble/share/rmw_implementation_cmake/cmake)
[1.393s] -- Found rmw_cyclonedds_cpp: 1.3.4 (/opt/ros/humble/share/rmw_cyclonedds_cpp/cmake)
[1.419s] -- Using RMW implementation 'rmw_cyclonedds_cpp' as default
[1.667s] -- Found eigen3_cmake_module: 0.1.1 (/opt/ros/humble/share/eigen3_cmake_module/cmake)
[1.668s] -- Found Eigen3: TRUE (found version "3.4.0") 
[1.668s] -- Ensuring Eigen3 include directory is part of orocos-kdl CMake target
[1.781s] -- Found ament_lint_auto: 0.12.15 (/opt/ros/humble/share/ament_lint_auto/cmake)
[1.816s] -- Added test 'copyright' to check source files copyright and LICENSE
[1.818s] -- Added test 'cppcheck' to perform static code analysis on C / C++ code
[1.818s] -- Configured cppcheck include dirs: /home/xplore/dev_ws/src/localization/camera/isaac/src/zed-ros2-wrapper/zed_components/src/include;/home/xplore/dev_ws/src/localization/camera/isaac/src/zed-ros2-wrapper/zed_components/src/zed_camera/include;/home/xplore/dev_ws/src/localization/camera/isaac/src/zed-ros2-wrapper/zed_components/src/tools/include
[1.818s] -- Configured cppcheck exclude dirs and/or files: 
[1.819s] -- Added test 'lint_cmake' to check CMake code style
[1.820s] -- Added test 'uncrustify' to check C / C++ code style
[1.820s] -- Configured uncrustify additional arguments: 
[1.821s] -- Added test 'xmllint' to check XML markup files
[1.824s] -- Configuring done
[1.842s] -- Generating done
[1.847s] -- Build files have been written to: /home/xplore/dev_ws/src/localization/camera/isaac/build/zed_components
[1.854s] Invoked command in '/home/xplore/dev_ws/src/localization/camera/isaac/build/zed_components' returned '0': CMAKE_PREFIX_PATH=${CMAKE_PREFIX_PATH}:/home/xplore/dev_ws/install/ros2_aruco:/opt/ros/humble /usr/bin/cmake /home/xplore/dev_ws/src/localization/camera/isaac/src/zed-ros2-wrapper/zed_components -DCMAKE_BUILD_TYPE=Release -DAMENT_CMAKE_SYMLINK_INSTALL=1 -DCMAKE_INSTALL_PREFIX=/home/xplore/dev_ws/src/localization/camera/isaac/install/zed_components
[1.855s] Invoking command in '/home/xplore/dev_ws/src/localization/camera/isaac/build/zed_components': CMAKE_PREFIX_PATH=${CMAKE_PREFIX_PATH}:/home/xplore/dev_ws/install/ros2_aruco:/opt/ros/humble /usr/bin/cmake --build /home/xplore/dev_ws/src/localization/camera/isaac/build/zed_components -- -j20 -l20
[1.908s] [ 10%] [32mBuilding CXX object CMakeFiles/zed_camera_component.dir/src/zed_camera/src/zed_camera_component.cpp.o[0m
[1.909s] [ 20%] [32mBuilding CXX object CMakeFiles/zed_camera_component.dir/src/tools/src/sl_win_avg.cpp.o[0m
[1.909s] [ 30%] [32mBuilding CXX object CMakeFiles/zed_camera_component.dir/src/tools/src/sl_tools.cpp.o[0m
[1.909s] [ 40%] [32mBuilding CXX object CMakeFiles/zed_camera_one_component.dir/src/tools/src/sl_win_avg.cpp.o[0m
[1.910s] [ 50%] [32mBuilding CXX object CMakeFiles/zed_camera_one_component.dir/src/tools/src/sl_tools.cpp.o[0m
[1.911s] [ 60%] [32mBuilding CXX object CMakeFiles/zed_camera_component.dir/src/tools/src/gnss_replay.cpp.o[0m
[1.916s] [ 70%] [32mBuilding CXX object CMakeFiles/zed_camera_one_component.dir/src/zed_camera/src/zed_camera_one_component.cpp.o[0m
[1.917s] [ 80%] [32mBuilding CXX object CMakeFiles/zed_camera_one_component.dir/src/tools/src/gnss_replay.cpp.o[0m
[5.066s] In file included from [01m[K/opt/ros/humble/include/rclcpp/rclcpp/logging.hpp:24[m[K,
[5.066s]                  from [01m[K/opt/ros/humble/include/rclcpp/rclcpp/client.hpp:40[m[K,
[5.066s]                  from [01m[K/opt/ros/humble/include/rclcpp/rclcpp/callback_group.hpp:24[m[K,
[5.066s]                  from [01m[K/opt/ros/humble/include/rclcpp/rclcpp/any_executable.hpp:20[m[K,
[5.066s]                  from [01m[K/opt/ros/humble/include/rclcpp/rclcpp/memory_strategy.hpp:25[m[K,
[5.067s]                  from [01m[K/opt/ros/humble/include/rclcpp/rclcpp/memory_strategies.hpp:18[m[K,
[5.067s]                  from [01m[K/opt/ros/humble/include/rclcpp/rclcpp/executor_options.hpp:20[m[K,
[5.067s]                  from [01m[K/opt/ros/humble/include/rclcpp/rclcpp/executor.hpp:37[m[K,
[5.067s]                  from [01m[K/opt/ros/humble/include/rclcpp/rclcpp/executors/multi_threaded_executor.hpp:25[m[K,
[5.067s]                  from [01m[K/opt/ros/humble/include/rclcpp/rclcpp/executors.hpp:21[m[K,
[5.067s]                  from [01m[K/opt/ros/humble/include/rclcpp/rclcpp/rclcpp.hpp:155[m[K,
[5.067s]                  from [01m[K/opt/ros/humble/include/tf2_ros/tf2_ros/buffer_interface.hpp:50[m[K,
[5.067s]                  from [01m[K/opt/ros/humble/include/tf2_ros/tf2_ros/buffer.hpp:44[m[K,
[5.067s]                  from [01m[K/opt/ros/humble/include/tf2_ros/tf2_ros/buffer.h:35[m[K,
[5.067s]                  from [01m[K/home/xplore/dev_ws/src/localization/camera/isaac/src/zed-ros2-wrapper/zed_components/src/zed_camera/include/sl_types.hpp:18[m[K,
[5.067s]                  from [01m[K/home/xplore/dev_ws/src/localization/camera/isaac/src/zed-ros2-wrapper/zed_components/src/zed_camera/include/zed_camera_component.hpp:24[m[K,
[5.067s]                  from [01m[K/home/xplore/dev_ws/src/localization/camera/isaac/src/zed-ros2-wrapper/zed_components/src/zed_camera/src/zed_camera_component.cpp:15[m[K:
[5.067s] [01m[K/home/xplore/dev_ws/src/localization/camera/isaac/src/zed-ros2-wrapper/zed_components/src/zed_camera/src/zed_camera_component.cpp:[m[K In member function ‘[01m[Kbool stereolabs::ZedCamera::startCamera()[m[K’:
[5.067s] [01m[K/home/xplore/dev_ws/src/localization/camera/isaac/src/zed-ros2-wrapper/zed_components/src/zed_camera/src/zed_camera_component.cpp:4249:21:[m[K [01;35m[Kwarning: [m[Kformat ‘[01m[K%d[m[K’ expects argument of type ‘[01m[Kint[m[K’, but argument 5 has type ‘[01m[Ksize_t[m[K’ {aka ‘[01m[Klong unsigned int[m[K’} [[01;35m[K-Wformat=[m[K]
[5.067s]  4249 |       get_logger(), [01;35m[K" * SVO resolution -> %dx%d"[m[K,
[5.067s]       |                     [01;35m[K^~~~~~~~~~~~~~~~~~~~~~~~~~~~[m[K
[5.068s]  4250 |       [32m[KmZed->getCameraInformation().camera_configuration.resolution.width[m[K,
[5.068s]       |       [32m[K~~~~~~~~~~~~~~~~~~~~~~~~~~~~~~~~~~~~~~~~~~~~~~~~~~~~~~~~~~~~~~~~~~[m[K
[5.068s]       |                                                                    [32m[K|[m[K
[5.068s]       |                                                                    [32m[Ksize_t {aka long unsigned int}[m[K
[5.068s] [01m[K/home/xplore/dev_ws/src/localization/camera/isaac/src/zed-ros2-wrapper/zed_components/src/zed_camera/src/zed_camera_component.cpp:4249:44:[m[K [01;36m[Knote: [m[Kformat string is defined here
[5.068s]  4249 |       get_logger(), " * SVO resolution -> [01;36m[K%d[m[Kx%d",
[5.068s]       |                                           [01;36m[K~^[m[K
[5.068s]       |                                            [01;36m[K|[m[K
[5.068s]       |                                            [01;36m[Kint[m[K
[5.068s]       |                                           [32m[K%ld[m[K
[5.068s] In file included from [01m[K/opt/ros/humble/include/rclcpp/rclcpp/logging.hpp:24[m[K,
[5.068s]                  from [01m[K/opt/ros/humble/include/rclcpp/rclcpp/client.hpp:40[m[K,
[5.068s]                  from [01m[K/opt/ros/humble/include/rclcpp/rclcpp/callback_group.hpp:24[m[K,
[5.068s]                  from [01m[K/opt/ros/humble/include/rclcpp/rclcpp/any_executable.hpp:20[m[K,
[5.068s]                  from [01m[K/opt/ros/humble/include/rclcpp/rclcpp/memory_strategy.hpp:25[m[K,
[5.068s]                  from [01m[K/opt/ros/humble/include/rclcpp/rclcpp/memory_strategies.hpp:18[m[K,
[5.068s]                  from [01m[K/opt/ros/humble/include/rclcpp/rclcpp/executor_options.hpp:20[m[K,
[5.068s]                  from [01m[K/opt/ros/humble/include/rclcpp/rclcpp/executor.hpp:37[m[K,
[5.068s]                  from [01m[K/opt/ros/humble/include/rclcpp/rclcpp/executors/multi_threaded_executor.hpp:25[m[K,
[5.068s]                  from [01m[K/opt/ros/humble/include/rclcpp/rclcpp/executors.hpp:21[m[K,
[5.068s]                  from [01m[K/opt/ros/humble/include/rclcpp/rclcpp/rclcpp.hpp:155[m[K,
[5.068s]                  from [01m[K/opt/ros/humble/include/tf2_ros/tf2_ros/buffer_interface.hpp:50[m[K,
[5.068s]                  from [01m[K/opt/ros/humble/include/tf2_ros/tf2_ros/buffer.hpp:44[m[K,
[5.068s]                  from [01m[K/opt/ros/humble/include/tf2_ros/tf2_ros/buffer.h:35[m[K,
[5.068s]                  from [01m[K/home/xplore/dev_ws/src/localization/camera/isaac/src/zed-ros2-wrapper/zed_components/src/zed_camera/include/sl_types.hpp:18[m[K,
[5.068s]                  from [01m[K/home/xplore/dev_ws/src/localization/camera/isaac/src/zed-ros2-wrapper/zed_components/src/zed_camera/include/zed_camera_component.hpp:24[m[K,
[5.068s]                  from [01m[K/home/xplore/dev_ws/src/localization/camera/isaac/src/zed-ros2-wrapper/zed_components/src/zed_camera/src/zed_camera_component.cpp:15[m[K:
[5.068s] [01m[K/home/xplore/dev_ws/src/localization/camera/isaac/src/zed-ros2-wrapper/zed_components/src/zed_camera/src/zed_camera_component.cpp:4249:21:[m[K [01;35m[Kwarning: [m[Kformat ‘[01m[K%d[m[K’ expects argument of type ‘[01m[Kint[m[K’, but argument 6 has type ‘[01m[Ksize_t[m[K’ {aka ‘[01m[Klong unsigned int[m[K’} [[01;35m[K-Wformat=[m[K]
[5.068s]  4249 |       get_logger(), [01;35m[K" * SVO resolution -> %dx%d"[m[K,
[5.068s]       |                     [01;35m[K^~~~~~~~~~~~~~~~~~~~~~~~~~~~[m[K
[5.068s]  4250 |       mZed->getCameraInformation().camera_configuration.resolution.width,
[5.068s]  4251 |       [32m[KmZed->getCameraInformation().camera_configuration.resolution.height[m[K);
[5.068s]       |       [32m[K~~~~~~~~~~~~~~~~~~~~~~~~~~~~~~~~~~~~~~~~~~~~~~~~~~~~~~~~~~~~~~~~~~~[m[K
[5.068s]       |                                                                    [32m[K|[m[K
[5.068s]       |                                                                    [32m[Ksize_t {aka long unsigned int}[m[K
[5.068s] [01m[K/home/xplore/dev_ws/src/localization/camera/isaac/src/zed-ros2-wrapper/zed_components/src/zed_camera/src/zed_camera_component.cpp:4249:47:[m[K [01;36m[Knote: [m[Kformat string is defined here
[5.068s]  4249 |       get_logger(), " * SVO resolution -> %dx[01;36m[K%d[m[K",
[5.068s]       |                                              [01;36m[K~^[m[K
[5.068s]       |                                               [01;36m[K|[m[K
[5.068s]       |                                               [01;36m[Kint[m[K
[5.068s]       |                                              [32m[K%ld[m[K
[12.755s] [ 90%] [32m[1mLinking CXX shared library libzed_camera_one_component.so[0m
[13.021s] [ 90%] Built target zed_camera_one_component
[39.879s] [100%] [32m[1mLinking CXX shared library libzed_camera_component.so[0m
[40.233s] [100%] Built target zed_camera_component
[40.241s] Invoked command in '/home/xplore/dev_ws/src/localization/camera/isaac/build/zed_components' returned '0': CMAKE_PREFIX_PATH=${CMAKE_PREFIX_PATH}:/home/xplore/dev_ws/install/ros2_aruco:/opt/ros/humble /usr/bin/cmake --build /home/xplore/dev_ws/src/localization/camera/isaac/build/zed_components -- -j20 -l20
[40.249s] Invoking command in '/home/xplore/dev_ws/src/localization/camera/isaac/build/zed_components': CMAKE_PREFIX_PATH=${CMAKE_PREFIX_PATH}:/home/xplore/dev_ws/install/ros2_aruco:/opt/ros/humble /usr/bin/cmake --install /home/xplore/dev_ws/src/localization/camera/isaac/build/zed_components
[40.255s] -- Install configuration: "Release"
[40.255s] -- Execute custom install script
[40.255s] -- Symlinking: /home/xplore/dev_ws/src/localization/camera/isaac/install/zed_components/lib/libzed_camera_component.so
[40.261s] -- Symlinking: /home/xplore/dev_ws/src/localization/camera/isaac/install/zed_components/lib/libzed_camera_one_component.so
[40.268s] -- Symlinking: /home/xplore/dev_ws/src/localization/camera/isaac/install/zed_components/include/zed_components//cost_traversability.hpp
[40.276s] -- Symlinking: /home/xplore/dev_ws/src/localization/camera/isaac/install/zed_components/include/zed_components//sl_types.hpp
[40.285s] -- Symlinking: /home/xplore/dev_ws/src/localization/camera/isaac/install/zed_components/include/zed_components//zed_camera_component.hpp
[40.298s] -- Symlinking: /home/xplore/dev_ws/src/localization/camera/isaac/install/zed_components/include/zed_components//zed_camera_one_component.hpp
[40.307s] -- Symlinking: /home/xplore/dev_ws/src/localization/camera/isaac/install/zed_components/include/zed_components//gnss_replay.hpp
[40.313s] -- Symlinking: /home/xplore/dev_ws/src/localization/camera/isaac/install/zed_components/include/zed_components//json.hpp
[40.322s] -- Symlinking: /home/xplore/dev_ws/src/localization/camera/isaac/install/zed_components/include/zed_components//sl_logging.hpp
[40.338s] -- Symlinking: /home/xplore/dev_ws/src/localization/camera/isaac/install/zed_components/include/zed_components//sl_tools.hpp
[40.351s] -- Symlinking: /home/xplore/dev_ws/src/localization/camera/isaac/install/zed_components/include/zed_components//sl_win_avg.hpp
[40.361s] -- Symlinking: /home/xplore/dev_ws/src/localization/camera/isaac/install/zed_components/include/zed_components//visibility_control.hpp
[40.369s] -- Symlinking: /home/xplore/dev_ws/src/localization/camera/isaac/install/zed_components/share/zed_components/environment/library_path.sh
[40.375s] -- Symlinking: /home/xplore/dev_ws/src/localization/camera/isaac/install/zed_components/share/zed_components/environment/library_path.dsv
[40.380s] -- Symlinking: /home/xplore/dev_ws/src/localization/camera/isaac/install/zed_components/share/ament_index/resource_index/package_run_dependencies/zed_components
[40.385s] -- Symlinking: /home/xplore/dev_ws/src/localization/camera/isaac/install/zed_components/share/ament_index/resource_index/parent_prefix_path/zed_components
[40.393s] -- Symlinking: /home/xplore/dev_ws/src/localization/camera/isaac/install/zed_components/share/zed_components/environment/ament_prefix_path.sh
[40.402s] -- Symlinking: /home/xplore/dev_ws/src/localization/camera/isaac/install/zed_components/share/zed_components/environment/ament_prefix_path.dsv
[40.412s] -- Symlinking: /home/xplore/dev_ws/src/localization/camera/isaac/install/zed_components/share/zed_components/environment/path.sh
[40.423s] -- Symlinking: /home/xplore/dev_ws/src/localization/camera/isaac/install/zed_components/share/zed_components/environment/path.dsv
[40.436s] -- Symlinking: /home/xplore/dev_ws/src/localization/camera/isaac/install/zed_components/share/zed_components/local_setup.bash
[40.443s] -- Symlinking: /home/xplore/dev_ws/src/localization/camera/isaac/install/zed_components/share/zed_components/local_setup.sh
[40.449s] -- Symlinking: /home/xplore/dev_ws/src/localization/camera/isaac/install/zed_components/share/zed_components/local_setup.zsh
[40.459s] -- Symlinking: /home/xplore/dev_ws/src/localization/camera/isaac/install/zed_components/share/zed_components/local_setup.dsv
[40.470s] -- Symlinking: /home/xplore/dev_ws/src/localization/camera/isaac/install/zed_components/share/zed_components/package.dsv
[40.480s] -- Symlinking: /home/xplore/dev_ws/src/localization/camera/isaac/install/zed_components/share/ament_index/resource_index/packages/zed_components
[40.487s] -- Symlinking: /home/xplore/dev_ws/src/localization/camera/isaac/install/zed_components/share/ament_index/resource_index/rclcpp_components/zed_components
[40.498s] -- Symlinking: /home/xplore/dev_ws/src/localization/camera/isaac/install/zed_components/share/zed_components/cmake/ament_cmake_export_include_directories-extras.cmake
[40.508s] -- Symlinking: /home/xplore/dev_ws/src/localization/camera/isaac/install/zed_components/share/zed_components/cmake/ament_cmake_export_libraries-extras.cmake
[40.518s] -- Symlinking: /home/xplore/dev_ws/src/localization/camera/isaac/install/zed_components/share/zed_components/cmake/ament_cmake_export_dependencies-extras.cmake
[40.525s] -- Symlinking: /home/xplore/dev_ws/src/localization/camera/isaac/install/zed_components/share/zed_components/cmake/zed_componentsConfig.cmake
[40.536s] -- Symlinking: /home/xplore/dev_ws/src/localization/camera/isaac/install/zed_components/share/zed_components/cmake/zed_componentsConfig-version.cmake
[40.543s] -- Symlinking: /home/xplore/dev_ws/src/localization/camera/isaac/install/zed_components/share/zed_components/package.xml
[40.554s] Invoked command in '/home/xplore/dev_ws/src/localization/camera/isaac/build/zed_components' returned '0': CMAKE_PREFIX_PATH=${CMAKE_PREFIX_PATH}:/home/xplore/dev_ws/install/ros2_aruco:/opt/ros/humble /usr/bin/cmake --install /home/xplore/dev_ws/src/localization/camera/isaac/build/zed_components
