[0.006s] Invoking command in '/workspaces/isaac_ros-dev/build/zed_components': CMAKE_PREFIX_PATH=${CMAKE_PREFIX_PATH}:/opt/ros/humble /usr/bin/cmake /workspaces/isaac_ros-dev/src/zed-ros2-wrapper/zed_components -DCMAKE_BUILD_TYPE=Release -DAMENT_CMAKE_SYMLINK_INSTALL=1 -DCMAKE_INSTALL_PREFIX=/workspaces/isaac_ros-dev/install/zed_components
[0.132s] -- The C compiler identification is GNU 11.4.0
[0.228s] -- The CXX compiler identification is GNU 11.4.0
[0.234s] -- Detecting C compiler ABI info
[0.311s] -- Detecting C compiler ABI info - done
[0.319s] -- Check for working C compiler: /usr/bin/cc - skipped
[0.319s] -- Detecting C compile features
[0.320s] -- Detecting C compile features - done
[0.322s] -- Detecting CXX compiler ABI info
[0.404s] -- Detecting CXX compiler ABI info - done
[0.409s] -- Check for working CXX compiler: /usr/bin/c++ - skipped
[0.409s] -- Detecting CXX compile features
[0.410s] -- Detecting CXX compile features - done
[0.417s] -- Looking for sgemm_
[0.484s] -- Looking for sgemm_ - not found
[0.486s] -- Looking for pthread.h
[0.549s] -- Looking for pthread.h - found
[0.549s] -- Performing Test CMAKE_HAVE_LIBC_PTHREAD
[0.611s] -- Performing Test CMAKE_HAVE_LIBC_PTHREAD - Success
[0.612s] -- Found Threads: TRUE  
[0.637s] -- Looking for sgemm_
[0.742s] -- Looking for sgemm_ - found
[0.742s] -- Found BLAS: /usr/lib/x86_64-linux-gnu/libopenblas.so  
[0.776s] -- Found CUDA: /usr/local/cuda (found suitable version "12.6", minimum required is "12") 
[0.840s] -- Found CUDA: /usr/local/cuda (found version "12.6") 
[0.843s] -- Found ament_cmake_auto: 1.3.14 (/opt/ros/humble/share/ament_cmake_auto/cmake)
[1.241s] -- Found Python3: /usr/bin/python3 (found version "3.10.12") found components: Interpreter 
[1.284s] -- Override CMake install command with custom implementation using symlinks instead of copying resources
[1.391s] -- Found rosidl_generator_c: 3.1.8 (/opt/ros/humble/share/rosidl_generator_c/cmake)
[1.395s] -- Found rosidl_adapter: 3.1.8 (/opt/ros/humble/share/rosidl_adapter/cmake)
[1.401s] -- Found rosidl_generator_cpp: 3.1.8 (/opt/ros/humble/share/rosidl_generator_cpp/cmake)
[1.409s] -- Using all available rosidl_typesupport_c: rosidl_typesupport_fastrtps_c;rosidl_typesupport_introspection_c
[1.424s] -- Using all available rosidl_typesupport_cpp: rosidl_typesupport_fastrtps_cpp;rosidl_typesupport_introspection_cpp
[1.493s] -- Found rmw_implementation_cmake: 6.1.2 (/opt/ros/humble/share/rmw_implementation_cmake/cmake)
[1.495s] -- Found rmw_fastrtps_cpp: 6.2.10 (/opt/ros/humble/share/rmw_fastrtps_cpp/cmake)
[1.587s] -- Found OpenSSL: /usr/lib/x86_64-linux-gnu/libcrypto.so (found version "3.0.2")  
[1.620s] -- Found FastRTPS: /opt/ros/humble/include  
[1.675s] -- Using RMW implementation 'rmw_fastrtps_cpp' as default
[1.854s] -- Found eigen3_cmake_module: 0.1.1 (/opt/ros/humble/share/eigen3_cmake_module/cmake)
[1.854s] -- Found Eigen3: TRUE (found version "3.4.0") 
[1.854s] -- Ensuring Eigen3 include directory is part of orocos-kdl CMake target
[1.944s] -- Found ament_lint_auto: 0.12.15 (/opt/ros/humble/share/ament_lint_auto/cmake)
[1.969s] -- Added test 'copyright' to check source files copyright and LICENSE
[1.970s] -- Added test 'cppcheck' to perform static code analysis on C / C++ code
[1.970s] -- Configured cppcheck include dirs: /workspaces/isaac_ros-dev/src/zed-ros2-wrapper/zed_components/src/include;/workspaces/isaac_ros-dev/src/zed-ros2-wrapper/zed_components/src/zed_camera/include;/workspaces/isaac_ros-dev/src/zed-ros2-wrapper/zed_components/src/tools/include
[1.970s] -- Configured cppcheck exclude dirs and/or files: 
[1.970s] -- Added test 'lint_cmake' to check CMake code style
[1.971s] -- Added test 'uncrustify' to check C / C++ code style
[1.971s] -- Configured uncrustify additional arguments: 
[1.971s] -- Added test 'xmllint' to check XML markup files
[1.973s] -- Configuring done
[1.988s] -- Generating done
[1.993s] -- Build files have been written to: /workspaces/isaac_ros-dev/build/zed_components
[2.002s] Invoked command in '/workspaces/isaac_ros-dev/build/zed_components' returned '0': CMAKE_PREFIX_PATH=${CMAKE_PREFIX_PATH}:/opt/ros/humble /usr/bin/cmake /workspaces/isaac_ros-dev/src/zed-ros2-wrapper/zed_components -DCMAKE_BUILD_TYPE=Release -DAMENT_CMAKE_SYMLINK_INSTALL=1 -DCMAKE_INSTALL_PREFIX=/workspaces/isaac_ros-dev/install/zed_components
[2.002s] Invoking command in '/workspaces/isaac_ros-dev/build/zed_components': CMAKE_PREFIX_PATH=${CMAKE_PREFIX_PATH}:/opt/ros/humble /usr/bin/cmake --build /workspaces/isaac_ros-dev/build/zed_components -- -j20 -l20
[2.055s] [ 20%] [32mBuilding CXX object CMakeFiles/zed_camera_one_component.dir/src/tools/src/sl_tools.cpp.o[0m
[2.055s] [ 20%] [32mBuilding CXX object CMakeFiles/zed_camera_component.dir/src/tools/src/gnss_replay.cpp.o[0m
[2.055s] [ 30%] [32mBuilding CXX object CMakeFiles/zed_camera_one_component.dir/src/tools/src/gnss_replay.cpp.o[0m
[2.055s] [ 40%] [32mBuilding CXX object CMakeFiles/zed_camera_component.dir/src/zed_camera/src/zed_camera_component.cpp.o[0m
[2.056s] [ 50%] [32mBuilding CXX object CMakeFiles/zed_camera_component.dir/src/tools/src/sl_win_avg.cpp.o[0m
[2.057s] [ 60%] [32mBuilding CXX object CMakeFiles/zed_camera_component.dir/src/tools/src/sl_tools.cpp.o[0m
[2.058s] [ 70%] [32mBuilding CXX object CMakeFiles/zed_camera_one_component.dir/src/tools/src/sl_win_avg.cpp.o[0m
[2.060s] [ 80%] [32mBuilding CXX object CMakeFiles/zed_camera_one_component.dir/src/zed_camera/src/zed_camera_one_component.cpp.o[0m
[12.776s] [ 90%] [32m[1mLinking CXX shared library libzed_camera_one_component.so[0m
[13.049s] [ 90%] Built target zed_camera_one_component
[39.442s] [100%] [32m[1mLinking CXX shared library libzed_camera_component.so[0m
[39.784s] [100%] Built target zed_camera_component
[39.791s] Invoked command in '/workspaces/isaac_ros-dev/build/zed_components' returned '0': CMAKE_PREFIX_PATH=${CMAKE_PREFIX_PATH}:/opt/ros/humble /usr/bin/cmake --build /workspaces/isaac_ros-dev/build/zed_components -- -j20 -l20
[39.799s] Invoking command in '/workspaces/isaac_ros-dev/build/zed_components': CMAKE_PREFIX_PATH=${CMAKE_PREFIX_PATH}:/opt/ros/humble /usr/bin/cmake --install /workspaces/isaac_ros-dev/build/zed_components
[39.805s] -- Install configuration: "Release"
[39.806s] -- Execute custom install script
[39.806s] -- Symlinking: /workspaces/isaac_ros-dev/install/zed_components/lib/libzed_camera_component.so
[39.813s] -- Symlinking: /workspaces/isaac_ros-dev/install/zed_components/lib/libzed_camera_one_component.so
[39.822s] -- Symlinking: /workspaces/isaac_ros-dev/install/zed_components/include/zed_components//cost_traversability.hpp
[39.833s] -- Symlinking: /workspaces/isaac_ros-dev/install/zed_components/include/zed_components//sl_types.hpp
[39.838s] -- Symlinking: /workspaces/isaac_ros-dev/install/zed_components/include/zed_components//zed_camera_component.hpp
[39.843s] -- Symlinking: /workspaces/isaac_ros-dev/install/zed_components/include/zed_components//zed_camera_one_component.hpp
[39.848s] -- Symlinking: /workspaces/isaac_ros-dev/install/zed_components/include/zed_components//gnss_replay.hpp
[39.854s] -- Symlinking: /workspaces/isaac_ros-dev/install/zed_components/include/zed_components//json.hpp
[39.859s] -- Symlinking: /workspaces/isaac_ros-dev/install/zed_components/include/zed_components//sl_logging.hpp
[39.864s] -- Symlinking: /workspaces/isaac_ros-dev/install/zed_components/include/zed_components//sl_tools.hpp
[39.868s] -- Symlinking: /workspaces/isaac_ros-dev/install/zed_components/include/zed_components//sl_win_avg.hpp
[39.873s] -- Symlinking: /workspaces/isaac_ros-dev/install/zed_components/include/zed_components//visibility_control.hpp
[39.879s] -- Symlinking: /workspaces/isaac_ros-dev/install/zed_components/share/zed_components/environment/library_path.sh
[39.884s] -- Symlinking: /workspaces/isaac_ros-dev/install/zed_components/share/zed_components/environment/library_path.dsv
[39.889s] -- Symlinking: /workspaces/isaac_ros-dev/install/zed_components/share/ament_index/resource_index/package_run_dependencies/zed_components
[39.894s] -- Symlinking: /workspaces/isaac_ros-dev/install/zed_components/share/ament_index/resource_index/parent_prefix_path/zed_components
[39.900s] -- Symlinking: /workspaces/isaac_ros-dev/install/zed_components/share/zed_components/environment/ament_prefix_path.sh
[39.905s] -- Symlinking: /workspaces/isaac_ros-dev/install/zed_components/share/zed_components/environment/ament_prefix_path.dsv
[39.910s] -- Symlinking: /workspaces/isaac_ros-dev/install/zed_components/share/zed_components/environment/path.sh
[39.916s] -- Symlinking: /workspaces/isaac_ros-dev/install/zed_components/share/zed_components/environment/path.dsv
[39.923s] -- Symlinking: /workspaces/isaac_ros-dev/install/zed_components/share/zed_components/local_setup.bash
[39.932s] -- Symlinking: /workspaces/isaac_ros-dev/install/zed_components/share/zed_components/local_setup.sh
[39.936s] -- Symlinking: /workspaces/isaac_ros-dev/install/zed_components/share/zed_components/local_setup.zsh
[39.942s] -- Symlinking: /workspaces/isaac_ros-dev/install/zed_components/share/zed_components/local_setup.dsv
[39.951s] -- Symlinking: /workspaces/isaac_ros-dev/install/zed_components/share/zed_components/package.dsv
[39.959s] -- Symlinking: /workspaces/isaac_ros-dev/install/zed_components/share/ament_index/resource_index/packages/zed_components
[39.968s] -- Symlinking: /workspaces/isaac_ros-dev/install/zed_components/share/ament_index/resource_index/rclcpp_components/zed_components
[39.979s] -- Symlinking: /workspaces/isaac_ros-dev/install/zed_components/share/zed_components/cmake/ament_cmake_export_include_directories-extras.cmake
[39.991s] -- Symlinking: /workspaces/isaac_ros-dev/install/zed_components/share/zed_components/cmake/ament_cmake_export_libraries-extras.cmake
[40.002s] -- Symlinking: /workspaces/isaac_ros-dev/install/zed_components/share/zed_components/cmake/ament_cmake_export_dependencies-extras.cmake
[40.012s] -- Symlinking: /workspaces/isaac_ros-dev/install/zed_components/share/zed_components/cmake/zed_componentsConfig.cmake
[40.022s] -- Symlinking: /workspaces/isaac_ros-dev/install/zed_components/share/zed_components/cmake/zed_componentsConfig-version.cmake
[40.034s] -- Symlinking: /workspaces/isaac_ros-dev/install/zed_components/share/zed_components/package.xml
[40.056s] Invoked command in '/workspaces/isaac_ros-dev/build/zed_components' returned '0': CMAKE_PREFIX_PATH=${CMAKE_PREFIX_PATH}:/opt/ros/humble /usr/bin/cmake --install /workspaces/isaac_ros-dev/build/zed_components
