[0.000000] (-) TimerEvent: {}
[0.000171] (-) JobUnselected: {'identifier': 'isaac_common'}
[0.000196] (-) JobUnselected: {'identifier': 'isaac_common_py'}
[0.000218] (-) JobUnselected: {'identifier': 'isaac_ros_apriltag_interfaces'}
[0.000241] (-) JobUnselected: {'identifier': 'isaac_ros_bi3d_interfaces'}
[0.000263] (-) JobUnselected: {'identifier': 'isaac_ros_common'}
[0.000460] (-) JobUnselected: {'identifier': 'isaac_ros_launch_utils'}
[0.000520] (-) JobUnselected: {'identifier': 'isaac_ros_nitros_bridge_interfaces'}
[0.000530] (-) JobUnselected: {'identifier': 'isaac_ros_nova_interfaces'}
[0.000537] (-) JobUnselected: {'identifier': 'isaac_ros_pointcloud_interfaces'}
[0.000544] (-) JobUnselected: {'identifier': 'isaac_ros_r2b_galileo'}
[0.000550] (-) JobUnselected: {'identifier': 'isaac_ros_rosbag_utils'}
[0.000557] (-) JobUnselected: {'identifier': 'isaac_ros_tensor_list_interfaces'}
[0.000563] (-) JobUnselected: {'identifier': 'isaac_ros_test'}
[0.000570] (-) JobUnselected: {'identifier': 'isaac_ros_test_cmake'}
[0.000576] (-) JobUnselected: {'identifier': 'zed2i_isaac_vslam'}
[0.000583] (-) JobUnselected: {'identifier': 'zed_ros2'}
[0.000591] (zed_components) JobQueued: {'identifier': 'zed_components', 'dependencies': OrderedDict()}
[0.000600] (zed_wrapper) JobQueued: {'identifier': 'zed_wrapper', 'dependencies': OrderedDict([('zed_components', '/workspaces/isaac_ros-dev/install/zed_components')])}
[0.000610] (zed_components) JobStarted: {'identifier': 'zed_components'}
[0.006155] (zed_components) JobProgress: {'identifier': 'zed_components', 'progress': 'cmake'}
[0.006525] (zed_components) Command: {'cmd': ['/usr/bin/cmake', '/workspaces/isaac_ros-dev/src/zed-ros2-wrapper/zed_components', '-DCMAKE_BUILD_TYPE=Release', '-DAMENT_CMAKE_SYMLINK_INSTALL=1', '-DCMAKE_INSTALL_PREFIX=/workspaces/isaac_ros-dev/install/zed_components'], 'cwd': '/workspaces/isaac_ros-dev/build/zed_components', 'env': OrderedDict([('DALI_BUILD', '16741769'), ('LIBRARY_PATH', '/usr/local/cuda/lib64/stubs:'), ('NVIDIA_CTK_LIBCUDA_DIR', '/usr/lib/x86_64-linux-gnu'), ('PYTHONWARNINGS', 'ignore:::setuptools.command.install,ignore:::setuptools.command.easy_install,ignore:::pkg_resources,ignore:::setuptools.command.develop'), ('USER', 'jsthope'), ('TRT_INC_PATH', '/usr/include/x86_64-linux-gnu'), ('TF_ADJUST_SATURATION_FUSED', '1'), ('CUSOLVER_VERSION', '11.6.4.38'), ('HOSTNAME', 'ubuntu'), ('CUTENSOR_VERSION', '2.0.2.5'), ('SHLVL', '1'), ('LD_LIBRARY_PATH', '/workspaces/isaac_ros-dev/install/zed_components/lib:/opt/ros/humble/opt/rviz_ogre_vendor/lib:/opt/ros/humble/lib/x86_64-linux-gnu:/opt/ros/humble/lib:/usr/local/libcudss-linux-0.3.0.9_cuda12-archive/lib:/opt/hpcx/ucc/lib/:/opt/hpcx/ucx/lib/:/usr/local/cuda/compat/lib:/usr/local/nvidia/lib:/usr/local/nvidia/lib64:/opt/tritonserver/lib'), ('HOME', '/home/admin'), ('NVIDIA_TRITON_SERVER_VERSION', '24.08'), ('OLDPWD', '/workspaces/isaac_ros-dev'), ('HOST_USER_GID', '1000'), ('CUDA_CACHE_DISABLE', '1'), ('ROS_PYTHON_VERSION', '3'), ('MODEL_OPT_VERSION', '0.15.0'), ('ENV', '/etc/shinit_v2'), ('RDMACORE_VERSION', '39.0'), ('NVJPEG_VERSION', '12.3.3.23'), ('NVIDIA_BUILD_ID', '107631419'), ('CUDA_VERSION', '12.6.0.022'), ('TCMALLOC_RELEASE_RATE', '200'), ('CUBLAS_VERSION', '12.6.0.22'), ('NSIGHT_SYSTEMS_VERSION', '2024.4.2.133'), ('COLCON_PREFIX_PATH', '/workspaces/isaac_ros-dev/install'), ('ROS_DISTRO', 'humble'), ('OPAL_PREFIX', '/opt/hpcx/ompi'), ('NVIDIA_REQUIRE_CUDA', 'cuda>=9.0'), ('TRT_VERSION', '10.3.0.26+cuda12.5.1.007'), ('GDRCOPY_VERSION', '2.3.1-1'), ('_', '/usr/bin/colcon'), ('ROS_VERSION', '2'), ('NVIDIA_DRIVER_CAPABILITIES', 'all'), ('POLYGRAPHY_VERSION', '0.49.13'), ('CURAND_VERSION', '10.3.7.37'), ('MOFED_VERSION', '5.4-rdmacore39.0'), ('USERNAME', 'admin'), ('TERM', 'xterm'), ('ISAAC_ROS_WS', '/workspaces/isaac_ros-dev'), ('ROS_LOCALHOST_ONLY', '0'), ('TRANSFORMER_ENGINE_VERSION', '1.9'), ('PATH', '/opt/ros/humble/bin:/opt/ros/humble/vcstool/scripts:/opt/tritonserver/bin:/usr/local/mpi/bin:/usr/local/nvidia/bin:/usr/local/cuda/bin:/usr/local/sbin:/usr/local/bin:/usr/sbin:/usr/bin:/sbin:/bin:/usr/local/ucx/bin'), ('HOST_USER_UID', '1000'), ('CUDSS_DIR', '/usr/local/libcudss-linux-0.3.0.9_cuda12-archive'), ('CUDA_DRIVER_VERSION', '560.35.03'), ('_CUDA_COMPAT_STATUS', 'System has unsupported display driver / cuda driver combination (CUDA_ERROR_SYSTEM_DRIVER_MISMATCH) cuInit()=803'), ('DISPLAY', ':1'), ('NVIDIA_PRODUCT_NAME', 'Triton Server'), ('LANG', 'en_US.UTF-8'), ('RMW_IMPLEMENTATION', 'rmw_fastrtps_cpp'), ('NPP_VERSION', '12.3.1.23'), ('ROS_ROOT', '/opt/ros/humble'), ('UCX_MEM_EVENTS', 'no'), ('CUFFT_VERSION', '11.2.6.28'), ('TF_ENABLE_WINOGRAD_NONFUSED', '1'), ('AMENT_PREFIX_PATH', '/workspaces/isaac_ros-dev/install/zed2i_isaac_vslam:/workspaces/isaac_ros-dev/install/zed_wrapper:/workspaces/isaac_ros-dev/install/zed_components:/opt/ros/humble'), ('CUDNN_VERSION', '9.3.0.75'), ('NSIGHT_COMPUTE_VERSION', '2024.3.0.15'), ('DALI_VERSION', '1.40.0'), ('DEBIAN_FRONTEND', 'noninteractive'), ('SHELL', '/bin/bash'), ('DCGM_VERSION', '3.2.6'), ('CUDNN_FRONTEND_VERSION', '1.5.2'), ('OPENMPI_VERSION', '4.1.7'), ('TRTOSS_VERSION', '24.08'), ('OMPI_MCA_coll_hcoll_enable', '0'), ('CUSPARSE_VERSION', '12.5.2.23'), ('NVIDIA_REQUIRE_JETPACK_HOST_MOUNTS', ''), ('TRITON_SERVER_GPU_ENABLED', '1'), ('TRITON_SERVER_VERSION', '2.49.0'), ('BASH_ENV', '/etc/bash.bashrc'), ('PWD', '/workspaces/isaac_ros-dev/build/zed_components'), ('CUSPARSELT_VERSION', '0.6.2.3'), ('PYTHONPATH', '/opt/ros/humble/lib/python3.10/site-packages:/opt/ros/humble/local/lib/python3.10/dist-packages:/opt/ros/humble/vcstool:/opt/tritonserver/backends/dali/wheel/dali:'), ('_CUDA_COMPAT_PATH', '/usr/local/cuda/compat'), ('TRITON_SERVER_USER', 'triton-server'), ('TF_ADJUST_HUE_FUSED', '1'), ('NVIDIA_VISIBLE_DEVICES', 'void'), ('NCCL_VERSION', '2.22.3'), ('COLCON', '1'), ('OPENUCX_VERSION', '1.17.0'), ('HPCX_VERSION', '2.19'), ('CMAKE_PREFIX_PATH', '/workspaces/isaac_ros-dev/install/zed2i_isaac_vslam:/workspaces/isaac_ros-dev/install/zed_wrapper:/workspaces/isaac_ros-dev/install/zed_components:/usr/local/libcudss-linux-0.3.0.9_cuda12-archive::/opt/ros/humble'), ('TF_AUTOTUNE_THRESHOLD', '2'), ('TRT_LIB_PATH', '/usr/lib/x86_64-linux-gnu')]), 'shell': False}
[0.099650] (-) TimerEvent: {}
[0.132288] (zed_components) StdoutLine: {'line': b'-- The C compiler identification is GNU 11.4.0\n'}
[0.199766] (-) TimerEvent: {}
[0.228141] (zed_components) StdoutLine: {'line': b'-- The CXX compiler identification is GNU 11.4.0\n'}
[0.234453] (zed_components) StdoutLine: {'line': b'-- Detecting C compiler ABI info\n'}
[0.299937] (-) TimerEvent: {}
[0.311417] (zed_components) StdoutLine: {'line': b'-- Detecting C compiler ABI info - done\n'}
[0.319206] (zed_components) StdoutLine: {'line': b'-- Check for working C compiler: /usr/bin/cc - skipped\n'}
[0.319796] (zed_components) StdoutLine: {'line': b'-- Detecting C compile features\n'}
[0.320206] (zed_components) StdoutLine: {'line': b'-- Detecting C compile features - done\n'}
[0.322675] (zed_components) StdoutLine: {'line': b'-- Detecting CXX compiler ABI info\n'}
[0.400050] (-) TimerEvent: {}
[0.404182] (zed_components) StdoutLine: {'line': b'-- Detecting CXX compiler ABI info - done\n'}
[0.409310] (zed_components) StdoutLine: {'line': b'-- Check for working CXX compiler: /usr/bin/c++ - skipped\n'}
[0.409617] (zed_components) StdoutLine: {'line': b'-- Detecting CXX compile features\n'}
[0.410123] (zed_components) StdoutLine: {'line': b'-- Detecting CXX compile features - done\n'}
[0.417451] (zed_components) StdoutLine: {'line': b'-- Looking for sgemm_\n'}
[0.484739] (zed_components) StdoutLine: {'line': b'-- Looking for sgemm_ - not found\n'}
[0.486170] (zed_components) StdoutLine: {'line': b'-- Looking for pthread.h\n'}
[0.500153] (-) TimerEvent: {}
[0.549951] (zed_components) StdoutLine: {'line': b'-- Looking for pthread.h - found\n'}
[0.550076] (zed_components) StdoutLine: {'line': b'-- Performing Test CMAKE_HAVE_LIBC_PTHREAD\n'}
[0.600322] (-) TimerEvent: {}
[0.611033] (zed_components) StdoutLine: {'line': b'-- Performing Test CMAKE_HAVE_LIBC_PTHREAD - Success\n'}
[0.612359] (zed_components) StdoutLine: {'line': b'-- Found Threads: TRUE  \n'}
[0.637388] (zed_components) StdoutLine: {'line': b'-- Looking for sgemm_\n'}
[0.700499] (-) TimerEvent: {}
[0.742174] (zed_components) StdoutLine: {'line': b'-- Looking for sgemm_ - found\n'}
[0.742356] (zed_components) StdoutLine: {'line': b'-- Found BLAS: /usr/lib/x86_64-linux-gnu/libopenblas.so  \n'}
[0.776575] (zed_components) StdoutLine: {'line': b'-- Found CUDA: /usr/local/cuda (found suitable version "12.6", minimum required is "12") \n'}
[0.800638] (-) TimerEvent: {}
[0.840224] (zed_components) StdoutLine: {'line': b'-- Found CUDA: /usr/local/cuda (found version "12.6") \n'}
[0.843653] (zed_components) StdoutLine: {'line': b'-- Found ament_cmake_auto: 1.3.14 (/opt/ros/humble/share/ament_cmake_auto/cmake)\n'}
[0.900784] (-) TimerEvent: {}
[1.001114] (-) TimerEvent: {}
[1.101349] (-) TimerEvent: {}
[1.201680] (-) TimerEvent: {}
[1.241764] (zed_components) StdoutLine: {'line': b'-- Found Python3: /usr/bin/python3 (found version "3.10.12") found components: Interpreter \n'}
[1.284374] (zed_components) StdoutLine: {'line': b'-- Override CMake install command with custom implementation using symlinks instead of copying resources\n'}
[1.301748] (-) TimerEvent: {}
[1.391286] (zed_components) StdoutLine: {'line': b'-- Found rosidl_generator_c: 3.1.8 (/opt/ros/humble/share/rosidl_generator_c/cmake)\n'}
[1.395355] (zed_components) StdoutLine: {'line': b'-- Found rosidl_adapter: 3.1.8 (/opt/ros/humble/share/rosidl_adapter/cmake)\n'}
[1.401252] (zed_components) StdoutLine: {'line': b'-- Found rosidl_generator_cpp: 3.1.8 (/opt/ros/humble/share/rosidl_generator_cpp/cmake)\n'}
[1.401803] (-) TimerEvent: {}
[1.409341] (zed_components) StdoutLine: {'line': b'-- Using all available rosidl_typesupport_c: rosidl_typesupport_fastrtps_c;rosidl_typesupport_introspection_c\n'}
[1.424101] (zed_components) StdoutLine: {'line': b'-- Using all available rosidl_typesupport_cpp: rosidl_typesupport_fastrtps_cpp;rosidl_typesupport_introspection_cpp\n'}
[1.493808] (zed_components) StdoutLine: {'line': b'-- Found rmw_implementation_cmake: 6.1.2 (/opt/ros/humble/share/rmw_implementation_cmake/cmake)\n'}
[1.496014] (zed_components) StdoutLine: {'line': b'-- Found rmw_fastrtps_cpp: 6.2.10 (/opt/ros/humble/share/rmw_fastrtps_cpp/cmake)\n'}
[1.501957] (-) TimerEvent: {}
[1.587527] (zed_components) StdoutLine: {'line': b'-- Found OpenSSL: /usr/lib/x86_64-linux-gnu/libcrypto.so (found version "3.0.2")  \n'}
[1.602138] (-) TimerEvent: {}
[1.620378] (zed_components) StdoutLine: {'line': b'-- Found FastRTPS: /opt/ros/humble/include  \n'}
[1.675330] (zed_components) StdoutLine: {'line': b"-- Using RMW implementation 'rmw_fastrtps_cpp' as default\n"}
[1.702307] (-) TimerEvent: {}
[1.802574] (-) TimerEvent: {}
[1.854190] (zed_components) StdoutLine: {'line': b'-- Found eigen3_cmake_module: 0.1.1 (/opt/ros/humble/share/eigen3_cmake_module/cmake)\n'}
[1.854858] (zed_components) StdoutLine: {'line': b'-- Found Eigen3: TRUE (found version "3.4.0") \n'}
[1.854923] (zed_components) StdoutLine: {'line': b'-- Ensuring Eigen3 include directory is part of orocos-kdl CMake target\n'}
[1.902655] (-) TimerEvent: {}
[1.944577] (zed_components) StdoutLine: {'line': b'-- Found ament_lint_auto: 0.12.15 (/opt/ros/humble/share/ament_lint_auto/cmake)\n'}
[1.969218] (zed_components) StdoutLine: {'line': b"-- Added test 'copyright' to check source files copyright and LICENSE\n"}
[1.970109] (zed_components) StdoutLine: {'line': b"-- Added test 'cppcheck' to perform static code analysis on C / C++ code\n"}
[1.970227] (zed_components) StdoutLine: {'line': b'-- Configured cppcheck include dirs: /workspaces/isaac_ros-dev/src/zed-ros2-wrapper/zed_components/src/include;/workspaces/isaac_ros-dev/src/zed-ros2-wrapper/zed_components/src/zed_camera/include;/workspaces/isaac_ros-dev/src/zed-ros2-wrapper/zed_components/src/tools/include\n'}
[1.970264] (zed_components) StdoutLine: {'line': b'-- Configured cppcheck exclude dirs and/or files: \n'}
[1.970719] (zed_components) StdoutLine: {'line': b"-- Added test 'lint_cmake' to check CMake code style\n"}
[1.971588] (zed_components) StdoutLine: {'line': b"-- Added test 'uncrustify' to check C / C++ code style\n"}
[1.971627] (zed_components) StdoutLine: {'line': b'-- Configured uncrustify additional arguments: \n'}
[1.971822] (zed_components) StdoutLine: {'line': b"-- Added test 'xmllint' to check XML markup files\n"}
[1.973682] (zed_components) StdoutLine: {'line': b'-- Configuring done\n'}
[1.988513] (zed_components) StdoutLine: {'line': b'-- Generating done\n'}
[1.993444] (zed_components) StdoutLine: {'line': b'-- Build files have been written to: /workspaces/isaac_ros-dev/build/zed_components\n'}
[2.001315] (zed_components) CommandEnded: {'returncode': 0}
[2.002302] (zed_components) JobProgress: {'identifier': 'zed_components', 'progress': 'build'}
[2.002317] (zed_components) Command: {'cmd': ['/usr/bin/cmake', '--build', '/workspaces/isaac_ros-dev/build/zed_components', '--', '-j20', '-l20'], 'cwd': '/workspaces/isaac_ros-dev/build/zed_components', 'env': OrderedDict([('DALI_BUILD', '16741769'), ('LIBRARY_PATH', '/usr/local/cuda/lib64/stubs:'), ('NVIDIA_CTK_LIBCUDA_DIR', '/usr/lib/x86_64-linux-gnu'), ('PYTHONWARNINGS', 'ignore:::setuptools.command.install,ignore:::setuptools.command.easy_install,ignore:::pkg_resources,ignore:::setuptools.command.develop'), ('USER', 'jsthope'), ('TRT_INC_PATH', '/usr/include/x86_64-linux-gnu'), ('TF_ADJUST_SATURATION_FUSED', '1'), ('CUSOLVER_VERSION', '11.6.4.38'), ('HOSTNAME', 'ubuntu'), ('CUTENSOR_VERSION', '2.0.2.5'), ('SHLVL', '1'), ('LD_LIBRARY_PATH', '/workspaces/isaac_ros-dev/install/zed_components/lib:/opt/ros/humble/opt/rviz_ogre_vendor/lib:/opt/ros/humble/lib/x86_64-linux-gnu:/opt/ros/humble/lib:/usr/local/libcudss-linux-0.3.0.9_cuda12-archive/lib:/opt/hpcx/ucc/lib/:/opt/hpcx/ucx/lib/:/usr/local/cuda/compat/lib:/usr/local/nvidia/lib:/usr/local/nvidia/lib64:/opt/tritonserver/lib'), ('HOME', '/home/admin'), ('NVIDIA_TRITON_SERVER_VERSION', '24.08'), ('OLDPWD', '/workspaces/isaac_ros-dev'), ('HOST_USER_GID', '1000'), ('CUDA_CACHE_DISABLE', '1'), ('ROS_PYTHON_VERSION', '3'), ('MODEL_OPT_VERSION', '0.15.0'), ('ENV', '/etc/shinit_v2'), ('RDMACORE_VERSION', '39.0'), ('NVJPEG_VERSION', '12.3.3.23'), ('NVIDIA_BUILD_ID', '107631419'), ('CUDA_VERSION', '12.6.0.022'), ('TCMALLOC_RELEASE_RATE', '200'), ('CUBLAS_VERSION', '12.6.0.22'), ('NSIGHT_SYSTEMS_VERSION', '2024.4.2.133'), ('COLCON_PREFIX_PATH', '/workspaces/isaac_ros-dev/install'), ('ROS_DISTRO', 'humble'), ('OPAL_PREFIX', '/opt/hpcx/ompi'), ('NVIDIA_REQUIRE_CUDA', 'cuda>=9.0'), ('TRT_VERSION', '10.3.0.26+cuda12.5.1.007'), ('GDRCOPY_VERSION', '2.3.1-1'), ('_', '/usr/bin/colcon'), ('ROS_VERSION', '2'), ('NVIDIA_DRIVER_CAPABILITIES', 'all'), ('POLYGRAPHY_VERSION', '0.49.13'), ('CURAND_VERSION', '10.3.7.37'), ('MOFED_VERSION', '5.4-rdmacore39.0'), ('USERNAME', 'admin'), ('TERM', 'xterm'), ('ISAAC_ROS_WS', '/workspaces/isaac_ros-dev'), ('ROS_LOCALHOST_ONLY', '0'), ('TRANSFORMER_ENGINE_VERSION', '1.9'), ('PATH', '/opt/ros/humble/bin:/opt/ros/humble/vcstool/scripts:/opt/tritonserver/bin:/usr/local/mpi/bin:/usr/local/nvidia/bin:/usr/local/cuda/bin:/usr/local/sbin:/usr/local/bin:/usr/sbin:/usr/bin:/sbin:/bin:/usr/local/ucx/bin'), ('HOST_USER_UID', '1000'), ('CUDSS_DIR', '/usr/local/libcudss-linux-0.3.0.9_cuda12-archive'), ('CUDA_DRIVER_VERSION', '560.35.03'), ('_CUDA_COMPAT_STATUS', 'System has unsupported display driver / cuda driver combination (CUDA_ERROR_SYSTEM_DRIVER_MISMATCH) cuInit()=803'), ('DISPLAY', ':1'), ('NVIDIA_PRODUCT_NAME', 'Triton Server'), ('LANG', 'en_US.UTF-8'), ('RMW_IMPLEMENTATION', 'rmw_fastrtps_cpp'), ('NPP_VERSION', '12.3.1.23'), ('ROS_ROOT', '/opt/ros/humble'), ('UCX_MEM_EVENTS', 'no'), ('CUFFT_VERSION', '11.2.6.28'), ('TF_ENABLE_WINOGRAD_NONFUSED', '1'), ('AMENT_PREFIX_PATH', '/workspaces/isaac_ros-dev/install/zed2i_isaac_vslam:/workspaces/isaac_ros-dev/install/zed_wrapper:/workspaces/isaac_ros-dev/install/zed_components:/opt/ros/humble'), ('CUDNN_VERSION', '9.3.0.75'), ('NSIGHT_COMPUTE_VERSION', '2024.3.0.15'), ('DALI_VERSION', '1.40.0'), ('DEBIAN_FRONTEND', 'noninteractive'), ('SHELL', '/bin/bash'), ('DCGM_VERSION', '3.2.6'), ('CUDNN_FRONTEND_VERSION', '1.5.2'), ('OPENMPI_VERSION', '4.1.7'), ('TRTOSS_VERSION', '24.08'), ('OMPI_MCA_coll_hcoll_enable', '0'), ('CUSPARSE_VERSION', '12.5.2.23'), ('NVIDIA_REQUIRE_JETPACK_HOST_MOUNTS', ''), ('TRITON_SERVER_GPU_ENABLED', '1'), ('TRITON_SERVER_VERSION', '2.49.0'), ('BASH_ENV', '/etc/bash.bashrc'), ('PWD', '/workspaces/isaac_ros-dev/build/zed_components'), ('CUSPARSELT_VERSION', '0.6.2.3'), ('PYTHONPATH', '/opt/ros/humble/lib/python3.10/site-packages:/opt/ros/humble/local/lib/python3.10/dist-packages:/opt/ros/humble/vcstool:/opt/tritonserver/backends/dali/wheel/dali:'), ('_CUDA_COMPAT_PATH', '/usr/local/cuda/compat'), ('TRITON_SERVER_USER', 'triton-server'), ('TF_ADJUST_HUE_FUSED', '1'), ('NVIDIA_VISIBLE_DEVICES', 'void'), ('NCCL_VERSION', '2.22.3'), ('COLCON', '1'), ('OPENUCX_VERSION', '1.17.0'), ('HPCX_VERSION', '2.19'), ('CMAKE_PREFIX_PATH', '/workspaces/isaac_ros-dev/install/zed2i_isaac_vslam:/workspaces/isaac_ros-dev/install/zed_wrapper:/workspaces/isaac_ros-dev/install/zed_components:/usr/local/libcudss-linux-0.3.0.9_cuda12-archive::/opt/ros/humble'), ('TF_AUTOTUNE_THRESHOLD', '2'), ('TRT_LIB_PATH', '/usr/lib/x86_64-linux-gnu')]), 'shell': False}
[2.002705] (-) TimerEvent: {}
[2.054960] (zed_components) StdoutLine: {'line': b'[ 20%] \x1b[32mBuilding CXX object CMakeFiles/zed_camera_one_component.dir/src/tools/src/sl_tools.cpp.o\x1b[0m\n'}
[2.055395] (zed_components) StdoutLine: {'line': b'[ 20%] \x1b[32mBuilding CXX object CMakeFiles/zed_camera_component.dir/src/tools/src/gnss_replay.cpp.o\x1b[0m\n'}
[2.055583] (zed_components) StdoutLine: {'line': b'[ 30%] \x1b[32mBuilding CXX object CMakeFiles/zed_camera_one_component.dir/src/tools/src/gnss_replay.cpp.o\x1b[0m\n'}
[2.055861] (zed_components) StdoutLine: {'line': b'[ 40%] \x1b[32mBuilding CXX object CMakeFiles/zed_camera_component.dir/src/zed_camera/src/zed_camera_component.cpp.o\x1b[0m\n'}
[2.056253] (zed_components) StdoutLine: {'line': b'[ 50%] \x1b[32mBuilding CXX object CMakeFiles/zed_camera_component.dir/src/tools/src/sl_win_avg.cpp.o\x1b[0m\n'}
[2.057869] (zed_components) StdoutLine: {'line': b'[ 60%] \x1b[32mBuilding CXX object CMakeFiles/zed_camera_component.dir/src/tools/src/sl_tools.cpp.o\x1b[0m\n'}
[2.058210] (zed_components) StdoutLine: {'line': b'[ 70%] \x1b[32mBuilding CXX object CMakeFiles/zed_camera_one_component.dir/src/tools/src/sl_win_avg.cpp.o\x1b[0m\n'}
[2.060072] (zed_components) StdoutLine: {'line': b'[ 80%] \x1b[32mBuilding CXX object CMakeFiles/zed_camera_one_component.dir/src/zed_camera/src/zed_camera_one_component.cpp.o\x1b[0m\n'}
[2.102821] (-) TimerEvent: {}
[2.203120] (-) TimerEvent: {}
[2.303419] (-) TimerEvent: {}
[2.403705] (-) TimerEvent: {}
[2.503978] (-) TimerEvent: {}
[2.604345] (-) TimerEvent: {}
[2.704740] (-) TimerEvent: {}
[2.805129] (-) TimerEvent: {}
[2.905516] (-) TimerEvent: {}
[3.005905] (-) TimerEvent: {}
[3.106194] (-) TimerEvent: {}
[3.206494] (-) TimerEvent: {}
[3.306874] (-) TimerEvent: {}
[3.407258] (-) TimerEvent: {}
[3.507564] (-) TimerEvent: {}
[3.607847] (-) TimerEvent: {}
[3.708142] (-) TimerEvent: {}
[3.808517] (-) TimerEvent: {}
[3.908786] (-) TimerEvent: {}
[4.009147] (-) TimerEvent: {}
[4.109511] (-) TimerEvent: {}
[4.209773] (-) TimerEvent: {}
[4.310069] (-) TimerEvent: {}
[4.410429] (-) TimerEvent: {}
[4.510720] (-) TimerEvent: {}
[4.611022] (-) TimerEvent: {}
[4.711388] (-) TimerEvent: {}
[4.811676] (-) TimerEvent: {}
[4.911963] (-) TimerEvent: {}
[5.012316] (-) TimerEvent: {}
[5.112600] (-) TimerEvent: {}
[5.212866] (-) TimerEvent: {}
[5.313225] (-) TimerEvent: {}
[5.413599] (-) TimerEvent: {}
[5.513884] (-) TimerEvent: {}
[5.614246] (-) TimerEvent: {}
[5.714603] (-) TimerEvent: {}
[5.814886] (-) TimerEvent: {}
[5.915252] (-) TimerEvent: {}
[6.015634] (-) TimerEvent: {}
[6.115987] (-) TimerEvent: {}
[6.216348] (-) TimerEvent: {}
[6.316673] (-) TimerEvent: {}
[6.416994] (-) TimerEvent: {}
[6.517358] (-) TimerEvent: {}
[6.617741] (-) TimerEvent: {}
[6.718107] (-) TimerEvent: {}
[6.818480] (-) TimerEvent: {}
[6.918746] (-) TimerEvent: {}
[7.019105] (-) TimerEvent: {}
[7.119473] (-) TimerEvent: {}
[7.219855] (-) TimerEvent: {}
[7.320218] (-) TimerEvent: {}
[7.420593] (-) TimerEvent: {}
[7.520993] (-) TimerEvent: {}
[7.621350] (-) TimerEvent: {}
[7.721621] (-) TimerEvent: {}
[7.821968] (-) TimerEvent: {}
[7.922319] (-) TimerEvent: {}
[8.022679] (-) TimerEvent: {}
[8.122955] (-) TimerEvent: {}
[8.223308] (-) TimerEvent: {}
[8.323672] (-) TimerEvent: {}
[8.424035] (-) TimerEvent: {}
[8.524393] (-) TimerEvent: {}
[8.624776] (-) TimerEvent: {}
[8.725013] (-) TimerEvent: {}
[8.825310] (-) TimerEvent: {}
[8.925570] (-) TimerEvent: {}
[9.025783] (-) TimerEvent: {}
[9.126013] (-) TimerEvent: {}
[9.226296] (-) TimerEvent: {}
[9.326569] (-) TimerEvent: {}
[9.426784] (-) TimerEvent: {}
[9.527022] (-) TimerEvent: {}
[9.627310] (-) TimerEvent: {}
[9.727568] (-) TimerEvent: {}
[9.827777] (-) TimerEvent: {}
[9.928014] (-) TimerEvent: {}
[10.028305] (-) TimerEvent: {}
[10.128573] (-) TimerEvent: {}
[10.228788] (-) TimerEvent: {}
[10.329099] (-) TimerEvent: {}
[10.429395] (-) TimerEvent: {}
[10.529624] (-) TimerEvent: {}
[10.629846] (-) TimerEvent: {}
[10.730132] (-) TimerEvent: {}
[10.830428] (-) TimerEvent: {}
[10.930646] (-) TimerEvent: {}
[11.030887] (-) TimerEvent: {}
[11.131124] (-) TimerEvent: {}
[11.231415] (-) TimerEvent: {}
[11.331632] (-) TimerEvent: {}
[11.431840] (-) TimerEvent: {}
[11.532123] (-) TimerEvent: {}
[11.632410] (-) TimerEvent: {}
[11.732633] (-) TimerEvent: {}
[11.832858] (-) TimerEvent: {}
[11.933097] (-) TimerEvent: {}
[12.033394] (-) TimerEvent: {}
[12.133611] (-) TimerEvent: {}
[12.233841] (-) TimerEvent: {}
[12.334132] (-) TimerEvent: {}
[12.434425] (-) TimerEvent: {}
[12.534645] (-) TimerEvent: {}
[12.634874] (-) TimerEvent: {}
[12.735154] (-) TimerEvent: {}
[12.776810] (zed_components) StdoutLine: {'line': b'[ 90%] \x1b[32m\x1b[1mLinking CXX shared library libzed_camera_one_component.so\x1b[0m\n'}
[12.835320] (-) TimerEvent: {}
[12.935619] (-) TimerEvent: {}
[13.035916] (-) TimerEvent: {}
[13.049456] (zed_components) StdoutLine: {'line': b'[ 90%] Built target zed_camera_one_component\n'}
[13.136021] (-) TimerEvent: {}
[13.236389] (-) TimerEvent: {}
[13.336869] (-) TimerEvent: {}
[13.437172] (-) TimerEvent: {}
[13.537496] (-) TimerEvent: {}
[13.637809] (-) TimerEvent: {}
[13.738036] (-) TimerEvent: {}
[13.838349] (-) TimerEvent: {}
[13.938653] (-) TimerEvent: {}
[14.038970] (-) TimerEvent: {}
[14.139267] (-) TimerEvent: {}
[14.239584] (-) TimerEvent: {}
[14.339897] (-) TimerEvent: {}
[14.440182] (-) TimerEvent: {}
[14.540471] (-) TimerEvent: {}
[14.640784] (-) TimerEvent: {}
[14.741025] (-) TimerEvent: {}
[14.841313] (-) TimerEvent: {}
[14.941614] (-) TimerEvent: {}
[15.041878] (-) TimerEvent: {}
[15.142173] (-) TimerEvent: {}
[15.242468] (-) TimerEvent: {}
[15.342805] (-) TimerEvent: {}
[15.443107] (-) TimerEvent: {}
[15.543446] (-) TimerEvent: {}
[15.643718] (-) TimerEvent: {}
[15.744104] (-) TimerEvent: {}
[15.844488] (-) TimerEvent: {}
[15.944965] (-) TimerEvent: {}
[16.045285] (-) TimerEvent: {}
[16.145578] (-) TimerEvent: {}
[16.245871] (-) TimerEvent: {}
[16.346180] (-) TimerEvent: {}
[16.446463] (-) TimerEvent: {}
[16.546801] (-) TimerEvent: {}
[16.647114] (-) TimerEvent: {}
[16.747432] (-) TimerEvent: {}
[16.847743] (-) TimerEvent: {}
[16.948070] (-) TimerEvent: {}
[17.048380] (-) TimerEvent: {}
[17.148694] (-) TimerEvent: {}
[17.249016] (-) TimerEvent: {}
[17.349332] (-) TimerEvent: {}
[17.449655] (-) TimerEvent: {}
[17.549903] (-) TimerEvent: {}
[17.650195] (-) TimerEvent: {}
[17.750503] (-) TimerEvent: {}
[17.850794] (-) TimerEvent: {}
[17.951077] (-) TimerEvent: {}
[18.051391] (-) TimerEvent: {}
[18.151680] (-) TimerEvent: {}
[18.251901] (-) TimerEvent: {}
[18.352132] (-) TimerEvent: {}
[18.452436] (-) TimerEvent: {}
[18.552765] (-) TimerEvent: {}
[18.653043] (-) TimerEvent: {}
[18.753352] (-) TimerEvent: {}
[18.853657] (-) TimerEvent: {}
[18.953978] (-) TimerEvent: {}
[19.054208] (-) TimerEvent: {}
[19.154498] (-) TimerEvent: {}
[19.254796] (-) TimerEvent: {}
[19.355097] (-) TimerEvent: {}
[19.455380] (-) TimerEvent: {}
[19.555686] (-) TimerEvent: {}
[19.655984] (-) TimerEvent: {}
[19.756289] (-) TimerEvent: {}
[19.856570] (-) TimerEvent: {}
[19.956860] (-) TimerEvent: {}
[20.057095] (-) TimerEvent: {}
[20.157391] (-) TimerEvent: {}
[20.257738] (-) TimerEvent: {}
[20.358033] (-) TimerEvent: {}
[20.458348] (-) TimerEvent: {}
[20.558676] (-) TimerEvent: {}
[20.659006] (-) TimerEvent: {}
[20.759328] (-) TimerEvent: {}
[20.859649] (-) TimerEvent: {}
[20.959969] (-) TimerEvent: {}
[21.060275] (-) TimerEvent: {}
[21.160621] (-) TimerEvent: {}
[21.260974] (-) TimerEvent: {}
[21.361330] (-) TimerEvent: {}
[21.461705] (-) TimerEvent: {}
[21.562057] (-) TimerEvent: {}
[21.662406] (-) TimerEvent: {}
[21.762862] (-) TimerEvent: {}
[21.863181] (-) TimerEvent: {}
[21.963510] (-) TimerEvent: {}
[22.063936] (-) TimerEvent: {}
[22.164242] (-) TimerEvent: {}
[22.264526] (-) TimerEvent: {}
[22.364833] (-) TimerEvent: {}
[22.465146] (-) TimerEvent: {}
[22.565437] (-) TimerEvent: {}
[22.665779] (-) TimerEvent: {}
[22.766096] (-) TimerEvent: {}
[22.866412] (-) TimerEvent: {}
[22.966662] (-) TimerEvent: {}
[23.066982] (-) TimerEvent: {}
[23.167258] (-) TimerEvent: {}
[23.267516] (-) TimerEvent: {}
[23.367722] (-) TimerEvent: {}
[23.467965] (-) TimerEvent: {}
[23.568192] (-) TimerEvent: {}
[23.668422] (-) TimerEvent: {}
[23.768666] (-) TimerEvent: {}
[23.868995] (-) TimerEvent: {}
[23.969324] (-) TimerEvent: {}
[24.069570] (-) TimerEvent: {}
[24.169801] (-) TimerEvent: {}
[24.270018] (-) TimerEvent: {}
[24.370266] (-) TimerEvent: {}
[24.470558] (-) TimerEvent: {}
[24.570857] (-) TimerEvent: {}
[24.671160] (-) TimerEvent: {}
[24.771465] (-) TimerEvent: {}
[24.871708] (-) TimerEvent: {}
[24.971921] (-) TimerEvent: {}
[25.072120] (-) TimerEvent: {}
[25.172352] (-) TimerEvent: {}
[25.272645] (-) TimerEvent: {}
[25.372967] (-) TimerEvent: {}
[25.473340] (-) TimerEvent: {}
[25.573570] (-) TimerEvent: {}
[25.673810] (-) TimerEvent: {}
[25.774040] (-) TimerEvent: {}
[25.874324] (-) TimerEvent: {}
[25.974660] (-) TimerEvent: {}
[26.074937] (-) TimerEvent: {}
[26.175210] (-) TimerEvent: {}
[26.275517] (-) TimerEvent: {}
[26.375811] (-) TimerEvent: {}
[26.476140] (-) TimerEvent: {}
[26.576477] (-) TimerEvent: {}
[26.676686] (-) TimerEvent: {}
[26.776923] (-) TimerEvent: {}
[26.877209] (-) TimerEvent: {}
[26.977528] (-) TimerEvent: {}
[27.077876] (-) TimerEvent: {}
[27.178142] (-) TimerEvent: {}
[27.278460] (-) TimerEvent: {}
[27.378774] (-) TimerEvent: {}
[27.479094] (-) TimerEvent: {}
[27.579323] (-) TimerEvent: {}
[27.679607] (-) TimerEvent: {}
[27.779808] (-) TimerEvent: {}
[27.880024] (-) TimerEvent: {}
[27.980395] (-) TimerEvent: {}
[28.080653] (-) TimerEvent: {}
[28.181005] (-) TimerEvent: {}
[28.281228] (-) TimerEvent: {}
[28.381479] (-) TimerEvent: {}
[28.481683] (-) TimerEvent: {}
[28.581887] (-) TimerEvent: {}
[28.682103] (-) TimerEvent: {}
[28.782324] (-) TimerEvent: {}
[28.882647] (-) TimerEvent: {}
[28.982901] (-) TimerEvent: {}
[29.083169] (-) TimerEvent: {}
[29.183415] (-) TimerEvent: {}
[29.283729] (-) TimerEvent: {}
[29.384004] (-) TimerEvent: {}
[29.484253] (-) TimerEvent: {}
[29.584489] (-) TimerEvent: {}
[29.684722] (-) TimerEvent: {}
[29.784950] (-) TimerEvent: {}
[29.885257] (-) TimerEvent: {}
[29.985567] (-) TimerEvent: {}
[30.085903] (-) TimerEvent: {}
[30.186198] (-) TimerEvent: {}
[30.286519] (-) TimerEvent: {}
[30.386756] (-) TimerEvent: {}
[30.486966] (-) TimerEvent: {}
[30.587260] (-) TimerEvent: {}
[30.687570] (-) TimerEvent: {}
[30.787841] (-) TimerEvent: {}
[30.888140] (-) TimerEvent: {}
[30.988454] (-) TimerEvent: {}
[31.088781] (-) TimerEvent: {}
[31.189092] (-) TimerEvent: {}
[31.289387] (-) TimerEvent: {}
[31.389691] (-) TimerEvent: {}
[31.490005] (-) TimerEvent: {}
[31.590324] (-) TimerEvent: {}
[31.690643] (-) TimerEvent: {}
[31.790892] (-) TimerEvent: {}
[31.891171] (-) TimerEvent: {}
[31.991480] (-) TimerEvent: {}
[32.091766] (-) TimerEvent: {}
[32.192195] (-) TimerEvent: {}
[32.292607] (-) TimerEvent: {}
[32.392970] (-) TimerEvent: {}
[32.493250] (-) TimerEvent: {}
[32.593506] (-) TimerEvent: {}
[32.693870] (-) TimerEvent: {}
[32.794252] (-) TimerEvent: {}
[32.894573] (-) TimerEvent: {}
[32.994810] (-) TimerEvent: {}
[33.095015] (-) TimerEvent: {}
[33.195239] (-) TimerEvent: {}
[33.295512] (-) TimerEvent: {}
[33.395735] (-) TimerEvent: {}
[33.495949] (-) TimerEvent: {}
[33.596249] (-) TimerEvent: {}
[33.696612] (-) TimerEvent: {}
[33.796928] (-) TimerEvent: {}
[33.897216] (-) TimerEvent: {}
[33.997525] (-) TimerEvent: {}
[34.097903] (-) TimerEvent: {}
[34.198203] (-) TimerEvent: {}
[34.298428] (-) TimerEvent: {}
[34.398673] (-) TimerEvent: {}
[34.498890] (-) TimerEvent: {}
[34.599129] (-) TimerEvent: {}
[34.699356] (-) TimerEvent: {}
[34.799601] (-) TimerEvent: {}
[34.899999] (-) TimerEvent: {}
[35.000291] (-) TimerEvent: {}
[35.100610] (-) TimerEvent: {}
[35.200916] (-) TimerEvent: {}
[35.301185] (-) TimerEvent: {}
[35.401498] (-) TimerEvent: {}
[35.501905] (-) TimerEvent: {}
[35.602212] (-) TimerEvent: {}
[35.702535] (-) TimerEvent: {}
[35.802861] (-) TimerEvent: {}
[35.903176] (-) TimerEvent: {}
[36.003512] (-) TimerEvent: {}
[36.103782] (-) TimerEvent: {}
[36.204148] (-) TimerEvent: {}
[36.304509] (-) TimerEvent: {}
[36.404836] (-) TimerEvent: {}
[36.505142] (-) TimerEvent: {}
[36.605418] (-) TimerEvent: {}
[36.705891] (-) TimerEvent: {}
[36.806202] (-) TimerEvent: {}
[36.906452] (-) TimerEvent: {}
[37.006703] (-) TimerEvent: {}
[37.106940] (-) TimerEvent: {}
[37.207186] (-) TimerEvent: {}
[37.307444] (-) TimerEvent: {}
[37.407913] (-) TimerEvent: {}
[37.508384] (-) TimerEvent: {}
[37.608703] (-) TimerEvent: {}
[37.709066] (-) TimerEvent: {}
[37.809368] (-) TimerEvent: {}
[37.909631] (-) TimerEvent: {}
[38.009909] (-) TimerEvent: {}
[38.110216] (-) TimerEvent: {}
[38.210432] (-) TimerEvent: {}
[38.310667] (-) TimerEvent: {}
[38.410996] (-) TimerEvent: {}
[38.511286] (-) TimerEvent: {}
[38.611507] (-) TimerEvent: {}
[38.711789] (-) TimerEvent: {}
[38.812079] (-) TimerEvent: {}
[38.912380] (-) TimerEvent: {}
[39.012732] (-) TimerEvent: {}
[39.113010] (-) TimerEvent: {}
[39.213221] (-) TimerEvent: {}
[39.313556] (-) TimerEvent: {}
[39.413824] (-) TimerEvent: {}
[39.442409] (zed_components) StdoutLine: {'line': b'[100%] \x1b[32m\x1b[1mLinking CXX shared library libzed_camera_component.so\x1b[0m\n'}
[39.513932] (-) TimerEvent: {}
[39.614180] (-) TimerEvent: {}
[39.714499] (-) TimerEvent: {}
[39.784536] (zed_components) StdoutLine: {'line': b'[100%] Built target zed_camera_component\n'}
[39.791227] (zed_components) CommandEnded: {'returncode': 0}
[39.791634] (zed_components) JobProgress: {'identifier': 'zed_components', 'progress': 'install'}
[39.798782] (zed_components) Command: {'cmd': ['/usr/bin/cmake', '--install', '/workspaces/isaac_ros-dev/build/zed_components'], 'cwd': '/workspaces/isaac_ros-dev/build/zed_components', 'env': OrderedDict([('DALI_BUILD', '16741769'), ('LIBRARY_PATH', '/usr/local/cuda/lib64/stubs:'), ('NVIDIA_CTK_LIBCUDA_DIR', '/usr/lib/x86_64-linux-gnu'), ('PYTHONWARNINGS', 'ignore:::setuptools.command.install,ignore:::setuptools.command.easy_install,ignore:::pkg_resources,ignore:::setuptools.command.develop'), ('USER', 'jsthope'), ('TRT_INC_PATH', '/usr/include/x86_64-linux-gnu'), ('TF_ADJUST_SATURATION_FUSED', '1'), ('CUSOLVER_VERSION', '11.6.4.38'), ('HOSTNAME', 'ubuntu'), ('CUTENSOR_VERSION', '2.0.2.5'), ('SHLVL', '1'), ('LD_LIBRARY_PATH', '/workspaces/isaac_ros-dev/install/zed_components/lib:/opt/ros/humble/opt/rviz_ogre_vendor/lib:/opt/ros/humble/lib/x86_64-linux-gnu:/opt/ros/humble/lib:/usr/local/libcudss-linux-0.3.0.9_cuda12-archive/lib:/opt/hpcx/ucc/lib/:/opt/hpcx/ucx/lib/:/usr/local/cuda/compat/lib:/usr/local/nvidia/lib:/usr/local/nvidia/lib64:/opt/tritonserver/lib'), ('HOME', '/home/admin'), ('NVIDIA_TRITON_SERVER_VERSION', '24.08'), ('OLDPWD', '/workspaces/isaac_ros-dev'), ('HOST_USER_GID', '1000'), ('CUDA_CACHE_DISABLE', '1'), ('ROS_PYTHON_VERSION', '3'), ('MODEL_OPT_VERSION', '0.15.0'), ('ENV', '/etc/shinit_v2'), ('RDMACORE_VERSION', '39.0'), ('NVJPEG_VERSION', '12.3.3.23'), ('NVIDIA_BUILD_ID', '107631419'), ('CUDA_VERSION', '12.6.0.022'), ('TCMALLOC_RELEASE_RATE', '200'), ('CUBLAS_VERSION', '12.6.0.22'), ('NSIGHT_SYSTEMS_VERSION', '2024.4.2.133'), ('COLCON_PREFIX_PATH', '/workspaces/isaac_ros-dev/install'), ('ROS_DISTRO', 'humble'), ('OPAL_PREFIX', '/opt/hpcx/ompi'), ('NVIDIA_REQUIRE_CUDA', 'cuda>=9.0'), ('TRT_VERSION', '10.3.0.26+cuda12.5.1.007'), ('GDRCOPY_VERSION', '2.3.1-1'), ('_', '/usr/bin/colcon'), ('ROS_VERSION', '2'), ('NVIDIA_DRIVER_CAPABILITIES', 'all'), ('POLYGRAPHY_VERSION', '0.49.13'), ('CURAND_VERSION', '10.3.7.37'), ('MOFED_VERSION', '5.4-rdmacore39.0'), ('USERNAME', 'admin'), ('TERM', 'xterm'), ('ISAAC_ROS_WS', '/workspaces/isaac_ros-dev'), ('ROS_LOCALHOST_ONLY', '0'), ('TRANSFORMER_ENGINE_VERSION', '1.9'), ('PATH', '/opt/ros/humble/bin:/opt/ros/humble/vcstool/scripts:/opt/tritonserver/bin:/usr/local/mpi/bin:/usr/local/nvidia/bin:/usr/local/cuda/bin:/usr/local/sbin:/usr/local/bin:/usr/sbin:/usr/bin:/sbin:/bin:/usr/local/ucx/bin'), ('HOST_USER_UID', '1000'), ('CUDSS_DIR', '/usr/local/libcudss-linux-0.3.0.9_cuda12-archive'), ('CUDA_DRIVER_VERSION', '560.35.03'), ('_CUDA_COMPAT_STATUS', 'System has unsupported display driver / cuda driver combination (CUDA_ERROR_SYSTEM_DRIVER_MISMATCH) cuInit()=803'), ('DISPLAY', ':1'), ('NVIDIA_PRODUCT_NAME', 'Triton Server'), ('LANG', 'en_US.UTF-8'), ('RMW_IMPLEMENTATION', 'rmw_fastrtps_cpp'), ('NPP_VERSION', '12.3.1.23'), ('ROS_ROOT', '/opt/ros/humble'), ('UCX_MEM_EVENTS', 'no'), ('CUFFT_VERSION', '11.2.6.28'), ('TF_ENABLE_WINOGRAD_NONFUSED', '1'), ('AMENT_PREFIX_PATH', '/workspaces/isaac_ros-dev/install/zed2i_isaac_vslam:/workspaces/isaac_ros-dev/install/zed_wrapper:/workspaces/isaac_ros-dev/install/zed_components:/opt/ros/humble'), ('CUDNN_VERSION', '9.3.0.75'), ('NSIGHT_COMPUTE_VERSION', '2024.3.0.15'), ('DALI_VERSION', '1.40.0'), ('DEBIAN_FRONTEND', 'noninteractive'), ('SHELL', '/bin/bash'), ('DCGM_VERSION', '3.2.6'), ('CUDNN_FRONTEND_VERSION', '1.5.2'), ('OPENMPI_VERSION', '4.1.7'), ('TRTOSS_VERSION', '24.08'), ('OMPI_MCA_coll_hcoll_enable', '0'), ('CUSPARSE_VERSION', '12.5.2.23'), ('NVIDIA_REQUIRE_JETPACK_HOST_MOUNTS', ''), ('TRITON_SERVER_GPU_ENABLED', '1'), ('TRITON_SERVER_VERSION', '2.49.0'), ('BASH_ENV', '/etc/bash.bashrc'), ('PWD', '/workspaces/isaac_ros-dev/build/zed_components'), ('CUSPARSELT_VERSION', '0.6.2.3'), ('PYTHONPATH', '/opt/ros/humble/lib/python3.10/site-packages:/opt/ros/humble/local/lib/python3.10/dist-packages:/opt/ros/humble/vcstool:/opt/tritonserver/backends/dali/wheel/dali:'), ('_CUDA_COMPAT_PATH', '/usr/local/cuda/compat'), ('TRITON_SERVER_USER', 'triton-server'), ('TF_ADJUST_HUE_FUSED', '1'), ('NVIDIA_VISIBLE_DEVICES', 'void'), ('NCCL_VERSION', '2.22.3'), ('COLCON', '1'), ('OPENUCX_VERSION', '1.17.0'), ('HPCX_VERSION', '2.19'), ('CMAKE_PREFIX_PATH', '/workspaces/isaac_ros-dev/install/zed2i_isaac_vslam:/workspaces/isaac_ros-dev/install/zed_wrapper:/workspaces/isaac_ros-dev/install/zed_components:/usr/local/libcudss-linux-0.3.0.9_cuda12-archive::/opt/ros/humble'), ('TF_AUTOTUNE_THRESHOLD', '2'), ('TRT_LIB_PATH', '/usr/lib/x86_64-linux-gnu')]), 'shell': False}
[39.805537] (zed_components) StdoutLine: {'line': b'-- Install configuration: "Release"\n'}
[39.806058] (zed_components) StdoutLine: {'line': b'-- Execute custom install script\n'}
[39.806341] (zed_components) StdoutLine: {'line': b'-- Symlinking: /workspaces/isaac_ros-dev/install/zed_components/lib/libzed_camera_component.so\n'}
[39.813546] (zed_components) StdoutLine: {'line': b'-- Symlinking: /workspaces/isaac_ros-dev/install/zed_components/lib/libzed_camera_one_component.so\n'}
[39.814540] (-) TimerEvent: {}
[39.822225] (zed_components) StdoutLine: {'line': b'-- Symlinking: /workspaces/isaac_ros-dev/install/zed_components/include/zed_components//cost_traversability.hpp\n'}
[39.833144] (zed_components) StdoutLine: {'line': b'-- Symlinking: /workspaces/isaac_ros-dev/install/zed_components/include/zed_components//sl_types.hpp\n'}
[39.838050] (zed_components) StdoutLine: {'line': b'-- Symlinking: /workspaces/isaac_ros-dev/install/zed_components/include/zed_components//zed_camera_component.hpp\n'}
[39.843191] (zed_components) StdoutLine: {'line': b'-- Symlinking: /workspaces/isaac_ros-dev/install/zed_components/include/zed_components//zed_camera_one_component.hpp\n'}
[39.848683] (zed_components) StdoutLine: {'line': b'-- Symlinking: /workspaces/isaac_ros-dev/install/zed_components/include/zed_components//gnss_replay.hpp\n'}
[39.854824] (zed_components) StdoutLine: {'line': b'-- Symlinking: /workspaces/isaac_ros-dev/install/zed_components/include/zed_components//json.hpp\n'}
[39.859780] (zed_components) StdoutLine: {'line': b'-- Symlinking: /workspaces/isaac_ros-dev/install/zed_components/include/zed_components//sl_logging.hpp\n'}
[39.864305] (zed_components) StdoutLine: {'line': b'-- Symlinking: /workspaces/isaac_ros-dev/install/zed_components/include/zed_components//sl_tools.hpp\n'}
[39.868827] (zed_components) StdoutLine: {'line': b'-- Symlinking: /workspaces/isaac_ros-dev/install/zed_components/include/zed_components//sl_win_avg.hpp\n'}
[39.873713] (zed_components) StdoutLine: {'line': b'-- Symlinking: /workspaces/isaac_ros-dev/install/zed_components/include/zed_components//visibility_control.hpp\n'}
[39.879827] (zed_components) StdoutLine: {'line': b'-- Symlinking: /workspaces/isaac_ros-dev/install/zed_components/share/zed_components/environment/library_path.sh\n'}
[39.884423] (zed_components) StdoutLine: {'line': b'-- Symlinking: /workspaces/isaac_ros-dev/install/zed_components/share/zed_components/environment/library_path.dsv\n'}
[39.889465] (zed_components) StdoutLine: {'line': b'-- Symlinking: /workspaces/isaac_ros-dev/install/zed_components/share/ament_index/resource_index/package_run_dependencies/zed_components\n'}
[39.894150] (zed_components) StdoutLine: {'line': b'-- Symlinking: /workspaces/isaac_ros-dev/install/zed_components/share/ament_index/resource_index/parent_prefix_path/zed_components\n'}
[39.900181] (zed_components) StdoutLine: {'line': b'-- Symlinking: /workspaces/isaac_ros-dev/install/zed_components/share/zed_components/environment/ament_prefix_path.sh\n'}
[39.905528] (zed_components) StdoutLine: {'line': b'-- Symlinking: /workspaces/isaac_ros-dev/install/zed_components/share/zed_components/environment/ament_prefix_path.dsv\n'}
[39.910395] (zed_components) StdoutLine: {'line': b'-- Symlinking: /workspaces/isaac_ros-dev/install/zed_components/share/zed_components/environment/path.sh\n'}
[39.914611] (-) TimerEvent: {}
[39.916349] (zed_components) StdoutLine: {'line': b'-- Symlinking: /workspaces/isaac_ros-dev/install/zed_components/share/zed_components/environment/path.dsv\n'}
[39.923725] (zed_components) StdoutLine: {'line': b'-- Symlinking: /workspaces/isaac_ros-dev/install/zed_components/share/zed_components/local_setup.bash\n'}
[39.932268] (zed_components) StdoutLine: {'line': b'-- Symlinking: /workspaces/isaac_ros-dev/install/zed_components/share/zed_components/local_setup.sh\n'}
[39.936726] (zed_components) StdoutLine: {'line': b'-- Symlinking: /workspaces/isaac_ros-dev/install/zed_components/share/zed_components/local_setup.zsh\n'}
[39.942852] (zed_components) StdoutLine: {'line': b'-- Symlinking: /workspaces/isaac_ros-dev/install/zed_components/share/zed_components/local_setup.dsv\n'}
[39.951358] (zed_components) StdoutLine: {'line': b'-- Symlinking: /workspaces/isaac_ros-dev/install/zed_components/share/zed_components/package.dsv\n'}
[39.959114] (zed_components) StdoutLine: {'line': b'-- Symlinking: /workspaces/isaac_ros-dev/install/zed_components/share/ament_index/resource_index/packages/zed_components\n'}
[39.968292] (zed_components) StdoutLine: {'line': b'-- Symlinking: /workspaces/isaac_ros-dev/install/zed_components/share/ament_index/resource_index/rclcpp_components/zed_components\n'}
[39.979680] (zed_components) StdoutLine: {'line': b'-- Symlinking: /workspaces/isaac_ros-dev/install/zed_components/share/zed_components/cmake/ament_cmake_export_include_directories-extras.cmake\n'}
[39.991974] (zed_components) StdoutLine: {'line': b'-- Symlinking: /workspaces/isaac_ros-dev/install/zed_components/share/zed_components/cmake/ament_cmake_export_libraries-extras.cmake\n'}
[40.002260] (zed_components) StdoutLine: {'line': b'-- Symlinking: /workspaces/isaac_ros-dev/install/zed_components/share/zed_components/cmake/ament_cmake_export_dependencies-extras.cmake\n'}
[40.012803] (zed_components) StdoutLine: {'line': b'-- Symlinking: /workspaces/isaac_ros-dev/install/zed_components/share/zed_components/cmake/zed_componentsConfig.cmake\n'}
[40.014707] (-) TimerEvent: {}
[40.022539] (zed_components) StdoutLine: {'line': b'-- Symlinking: /workspaces/isaac_ros-dev/install/zed_components/share/zed_components/cmake/zed_componentsConfig-version.cmake\n'}
[40.034866] (zed_components) StdoutLine: {'line': b'-- Symlinking: /workspaces/isaac_ros-dev/install/zed_components/share/zed_components/package.xml\n'}
[40.055649] (zed_components) CommandEnded: {'returncode': 0}
[40.068032] (zed_components) JobEnded: {'identifier': 'zed_components', 'rc': 0}
[40.068346] (zed_wrapper) JobStarted: {'identifier': 'zed_wrapper'}
[40.077749] (zed_wrapper) JobProgress: {'identifier': 'zed_wrapper', 'progress': 'cmake'}
[40.078474] (zed_wrapper) Command: {'cmd': ['/usr/bin/cmake', '/workspaces/isaac_ros-dev/src/zed-ros2-wrapper/zed_wrapper', '-DCMAKE_BUILD_TYPE=Release', '-DAMENT_CMAKE_SYMLINK_INSTALL=1', '-DCMAKE_INSTALL_PREFIX=/workspaces/isaac_ros-dev/install/zed_wrapper'], 'cwd': '/workspaces/isaac_ros-dev/build/zed_wrapper', 'env': OrderedDict([('DALI_BUILD', '16741769'), ('LIBRARY_PATH', '/usr/local/cuda/lib64/stubs:'), ('NVIDIA_CTK_LIBCUDA_DIR', '/usr/lib/x86_64-linux-gnu'), ('PYTHONWARNINGS', 'ignore:::setuptools.command.install,ignore:::setuptools.command.easy_install,ignore:::pkg_resources,ignore:::setuptools.command.develop'), ('USER', 'jsthope'), ('TRT_INC_PATH', '/usr/include/x86_64-linux-gnu'), ('TF_ADJUST_SATURATION_FUSED', '1'), ('CUSOLVER_VERSION', '11.6.4.38'), ('HOSTNAME', 'ubuntu'), ('CUTENSOR_VERSION', '2.0.2.5'), ('SHLVL', '1'), ('LD_LIBRARY_PATH', '/workspaces/isaac_ros-dev/install/zed_components/lib:/opt/ros/humble/opt/rviz_ogre_vendor/lib:/opt/ros/humble/lib/x86_64-linux-gnu:/opt/ros/humble/lib:/usr/local/libcudss-linux-0.3.0.9_cuda12-archive/lib:/opt/hpcx/ucc/lib/:/opt/hpcx/ucx/lib/:/usr/local/cuda/compat/lib:/usr/local/nvidia/lib:/usr/local/nvidia/lib64:/opt/tritonserver/lib'), ('HOME', '/home/admin'), ('NVIDIA_TRITON_SERVER_VERSION', '24.08'), ('OLDPWD', '/workspaces/isaac_ros-dev'), ('HOST_USER_GID', '1000'), ('CUDA_CACHE_DISABLE', '1'), ('ROS_PYTHON_VERSION', '3'), ('MODEL_OPT_VERSION', '0.15.0'), ('ENV', '/etc/shinit_v2'), ('RDMACORE_VERSION', '39.0'), ('NVJPEG_VERSION', '12.3.3.23'), ('NVIDIA_BUILD_ID', '107631419'), ('CUDA_VERSION', '12.6.0.022'), ('TCMALLOC_RELEASE_RATE', '200'), ('CUBLAS_VERSION', '12.6.0.22'), ('NSIGHT_SYSTEMS_VERSION', '2024.4.2.133'), ('COLCON_PREFIX_PATH', '/workspaces/isaac_ros-dev/install'), ('ROS_DISTRO', 'humble'), ('OPAL_PREFIX', '/opt/hpcx/ompi'), ('NVIDIA_REQUIRE_CUDA', 'cuda>=9.0'), ('TRT_VERSION', '10.3.0.26+cuda12.5.1.007'), ('GDRCOPY_VERSION', '2.3.1-1'), ('_', '/usr/bin/colcon'), ('ROS_VERSION', '2'), ('NVIDIA_DRIVER_CAPABILITIES', 'all'), ('POLYGRAPHY_VERSION', '0.49.13'), ('CURAND_VERSION', '10.3.7.37'), ('MOFED_VERSION', '5.4-rdmacore39.0'), ('USERNAME', 'admin'), ('TERM', 'xterm'), ('ISAAC_ROS_WS', '/workspaces/isaac_ros-dev'), ('ROS_LOCALHOST_ONLY', '0'), ('TRANSFORMER_ENGINE_VERSION', '1.9'), ('PATH', '/opt/ros/humble/bin:/opt/ros/humble/vcstool/scripts:/opt/tritonserver/bin:/usr/local/mpi/bin:/usr/local/nvidia/bin:/usr/local/cuda/bin:/usr/local/sbin:/usr/local/bin:/usr/sbin:/usr/bin:/sbin:/bin:/usr/local/ucx/bin'), ('HOST_USER_UID', '1000'), ('CUDSS_DIR', '/usr/local/libcudss-linux-0.3.0.9_cuda12-archive'), ('CUDA_DRIVER_VERSION', '560.35.03'), ('_CUDA_COMPAT_STATUS', 'System has unsupported display driver / cuda driver combination (CUDA_ERROR_SYSTEM_DRIVER_MISMATCH) cuInit()=803'), ('DISPLAY', ':1'), ('NVIDIA_PRODUCT_NAME', 'Triton Server'), ('LANG', 'en_US.UTF-8'), ('RMW_IMPLEMENTATION', 'rmw_fastrtps_cpp'), ('NPP_VERSION', '12.3.1.23'), ('ROS_ROOT', '/opt/ros/humble'), ('UCX_MEM_EVENTS', 'no'), ('CUFFT_VERSION', '11.2.6.28'), ('TF_ENABLE_WINOGRAD_NONFUSED', '1'), ('AMENT_PREFIX_PATH', '/workspaces/isaac_ros-dev/install/zed2i_isaac_vslam:/workspaces/isaac_ros-dev/install/zed_wrapper:/workspaces/isaac_ros-dev/install/zed_components:/opt/ros/humble'), ('CUDNN_VERSION', '9.3.0.75'), ('NSIGHT_COMPUTE_VERSION', '2024.3.0.15'), ('DALI_VERSION', '1.40.0'), ('DEBIAN_FRONTEND', 'noninteractive'), ('SHELL', '/bin/bash'), ('DCGM_VERSION', '3.2.6'), ('CUDNN_FRONTEND_VERSION', '1.5.2'), ('OPENMPI_VERSION', '4.1.7'), ('TRTOSS_VERSION', '24.08'), ('OMPI_MCA_coll_hcoll_enable', '0'), ('CUSPARSE_VERSION', '12.5.2.23'), ('NVIDIA_REQUIRE_JETPACK_HOST_MOUNTS', ''), ('TRITON_SERVER_GPU_ENABLED', '1'), ('TRITON_SERVER_VERSION', '2.49.0'), ('BASH_ENV', '/etc/bash.bashrc'), ('PWD', '/workspaces/isaac_ros-dev/build/zed_wrapper'), ('CUSPARSELT_VERSION', '0.6.2.3'), ('PYTHONPATH', '/opt/ros/humble/lib/python3.10/site-packages:/opt/ros/humble/local/lib/python3.10/dist-packages:/opt/ros/humble/vcstool:/opt/tritonserver/backends/dali/wheel/dali:'), ('_CUDA_COMPAT_PATH', '/usr/local/cuda/compat'), ('TRITON_SERVER_USER', 'triton-server'), ('TF_ADJUST_HUE_FUSED', '1'), ('NVIDIA_VISIBLE_DEVICES', 'void'), ('NCCL_VERSION', '2.22.3'), ('COLCON', '1'), ('OPENUCX_VERSION', '1.17.0'), ('HPCX_VERSION', '2.19'), ('CMAKE_PREFIX_PATH', '/workspaces/isaac_ros-dev/install/zed_components:/workspaces/isaac_ros-dev/install/zed2i_isaac_vslam:/workspaces/isaac_ros-dev/install/zed_wrapper:/usr/local/libcudss-linux-0.3.0.9_cuda12-archive:/opt/ros/humble'), ('TF_AUTOTUNE_THRESHOLD', '2'), ('TRT_LIB_PATH', '/usr/lib/x86_64-linux-gnu')]), 'shell': False}
[40.114827] (-) TimerEvent: {}
[40.150023] (zed_wrapper) StdoutLine: {'line': b'-- The C compiler identification is GNU 11.4.0\n'}
[40.184879] (zed_wrapper) StdoutLine: {'line': b'-- The CXX compiler identification is GNU 11.4.0\n'}
[40.189542] (zed_wrapper) StdoutLine: {'line': b'-- Detecting C compiler ABI info\n'}
[40.214956] (-) TimerEvent: {}
[40.251833] (zed_wrapper) StdoutLine: {'line': b'-- Detecting C compiler ABI info - done\n'}
[40.256234] (zed_wrapper) StdoutLine: {'line': b'-- Check for working C compiler: /usr/bin/cc - skipped\n'}
[40.256345] (zed_wrapper) StdoutLine: {'line': b'-- Detecting C compile features\n'}
[40.256559] (zed_wrapper) StdoutLine: {'line': b'-- Detecting C compile features - done\n'}
[40.258892] (zed_wrapper) StdoutLine: {'line': b'-- Detecting CXX compiler ABI info\n'}
[40.315072] (-) TimerEvent: {}
[40.357501] (zed_wrapper) StdoutLine: {'line': b'-- Detecting CXX compiler ABI info - done\n'}
[40.364077] (zed_wrapper) StdoutLine: {'line': b'-- Check for working CXX compiler: /usr/bin/c++ - skipped\n'}
[40.364244] (zed_wrapper) StdoutLine: {'line': b'-- Detecting CXX compile features\n'}
[40.364551] (zed_wrapper) StdoutLine: {'line': b'-- Detecting CXX compile features - done\n'}
[40.369076] (zed_wrapper) StdoutLine: {'line': b'-- Found ament_cmake_auto: 1.3.14 (/opt/ros/humble/share/ament_cmake_auto/cmake)\n'}
[40.415140] (-) TimerEvent: {}
[40.515436] (-) TimerEvent: {}
[40.615647] (-) TimerEvent: {}
[40.715939] (-) TimerEvent: {}
[40.778106] (zed_wrapper) StdoutLine: {'line': b'-- Found Python3: /usr/bin/python3 (found version "3.10.12") found components: Interpreter \n'}
[40.815653] (zed_wrapper) StdoutLine: {'line': b'-- Override CMake install command with custom implementation using symlinks instead of copying resources\n'}
[40.815994] (-) TimerEvent: {}
[40.916172] (-) TimerEvent: {}
[40.942141] (zed_wrapper) StdoutLine: {'line': b'-- Found rosidl_generator_c: 3.1.8 (/opt/ros/humble/share/rosidl_generator_c/cmake)\n'}
[40.946603] (zed_wrapper) StdoutLine: {'line': b'-- Found rosidl_adapter: 3.1.8 (/opt/ros/humble/share/rosidl_adapter/cmake)\n'}
[40.952935] (zed_wrapper) StdoutLine: {'line': b'-- Found rosidl_generator_cpp: 3.1.8 (/opt/ros/humble/share/rosidl_generator_cpp/cmake)\n'}
[40.961235] (zed_wrapper) StdoutLine: {'line': b'-- Using all available rosidl_typesupport_c: rosidl_typesupport_fastrtps_c;rosidl_typesupport_introspection_c\n'}
[40.972626] (zed_wrapper) StdoutLine: {'line': b'-- Using all available rosidl_typesupport_cpp: rosidl_typesupport_fastrtps_cpp;rosidl_typesupport_introspection_cpp\n'}
[41.005007] (zed_wrapper) StdoutLine: {'line': b'-- Found rmw_implementation_cmake: 6.1.2 (/opt/ros/humble/share/rmw_implementation_cmake/cmake)\n'}
[41.009139] (zed_wrapper) StdoutLine: {'line': b'-- Found rmw_fastrtps_cpp: 6.2.10 (/opt/ros/humble/share/rmw_fastrtps_cpp/cmake)\n'}
[41.016248] (-) TimerEvent: {}
[41.116583] (-) TimerEvent: {}
[41.137222] (zed_wrapper) StdoutLine: {'line': b'-- Found OpenSSL: /usr/lib/x86_64-linux-gnu/libcrypto.so (found version "3.0.2")  \n'}
[41.165847] (zed_wrapper) StdoutLine: {'line': b'-- Found FastRTPS: /opt/ros/humble/include  \n'}
[41.203535] (zed_wrapper) StdoutLine: {'line': b"-- Using RMW implementation 'rmw_fastrtps_cpp' as default\n"}
[41.211760] (zed_wrapper) StdoutLine: {'line': b'-- Looking for pthread.h\n'}
[41.216625] (-) TimerEvent: {}
[41.269988] (zed_wrapper) StdoutLine: {'line': b'-- Looking for pthread.h - found\n'}
[41.270136] (zed_wrapper) StdoutLine: {'line': b'-- Performing Test CMAKE_HAVE_LIBC_PTHREAD\n'}
[41.316720] (-) TimerEvent: {}
[41.334078] (zed_wrapper) StdoutLine: {'line': b'-- Performing Test CMAKE_HAVE_LIBC_PTHREAD - Success\n'}
[41.334948] (zed_wrapper) StdoutLine: {'line': b'-- Found Threads: TRUE  \n'}
[41.416825] (-) TimerEvent: {}
[41.493824] (zed_wrapper) StdoutLine: {'line': b'-- Found eigen3_cmake_module: 0.1.1 (/opt/ros/humble/share/eigen3_cmake_module/cmake)\n'}
[41.494542] (zed_wrapper) StdoutLine: {'line': b'-- Found Eigen3: TRUE (found version "3.4.0") \n'}
[41.494607] (zed_wrapper) StdoutLine: {'line': b'-- Ensuring Eigen3 include directory is part of orocos-kdl CMake target\n'}
[41.516882] (-) TimerEvent: {}
[41.617192] (-) TimerEvent: {}
[41.624122] (zed_wrapper) StdoutLine: {'line': b'-- Configuring done\n'}
[41.627820] (zed_wrapper) StdoutLine: {'line': b'-- Generating done\n'}
[41.629779] (zed_wrapper) StdoutLine: {'line': b'-- Build files have been written to: /workspaces/isaac_ros-dev/build/zed_wrapper\n'}
[41.638161] (zed_wrapper) CommandEnded: {'returncode': 0}
[41.639062] (zed_wrapper) JobProgress: {'identifier': 'zed_wrapper', 'progress': 'build'}
[41.639178] (zed_wrapper) Command: {'cmd': ['/usr/bin/cmake', '--build', '/workspaces/isaac_ros-dev/build/zed_wrapper', '--', '-j20', '-l20'], 'cwd': '/workspaces/isaac_ros-dev/build/zed_wrapper', 'env': OrderedDict([('DALI_BUILD', '16741769'), ('LIBRARY_PATH', '/usr/local/cuda/lib64/stubs:'), ('NVIDIA_CTK_LIBCUDA_DIR', '/usr/lib/x86_64-linux-gnu'), ('PYTHONWARNINGS', 'ignore:::setuptools.command.install,ignore:::setuptools.command.easy_install,ignore:::pkg_resources,ignore:::setuptools.command.develop'), ('USER', 'jsthope'), ('TRT_INC_PATH', '/usr/include/x86_64-linux-gnu'), ('TF_ADJUST_SATURATION_FUSED', '1'), ('CUSOLVER_VERSION', '11.6.4.38'), ('HOSTNAME', 'ubuntu'), ('CUTENSOR_VERSION', '2.0.2.5'), ('SHLVL', '1'), ('LD_LIBRARY_PATH', '/workspaces/isaac_ros-dev/install/zed_components/lib:/opt/ros/humble/opt/rviz_ogre_vendor/lib:/opt/ros/humble/lib/x86_64-linux-gnu:/opt/ros/humble/lib:/usr/local/libcudss-linux-0.3.0.9_cuda12-archive/lib:/opt/hpcx/ucc/lib/:/opt/hpcx/ucx/lib/:/usr/local/cuda/compat/lib:/usr/local/nvidia/lib:/usr/local/nvidia/lib64:/opt/tritonserver/lib'), ('HOME', '/home/admin'), ('NVIDIA_TRITON_SERVER_VERSION', '24.08'), ('OLDPWD', '/workspaces/isaac_ros-dev'), ('HOST_USER_GID', '1000'), ('CUDA_CACHE_DISABLE', '1'), ('ROS_PYTHON_VERSION', '3'), ('MODEL_OPT_VERSION', '0.15.0'), ('ENV', '/etc/shinit_v2'), ('RDMACORE_VERSION', '39.0'), ('NVJPEG_VERSION', '12.3.3.23'), ('NVIDIA_BUILD_ID', '107631419'), ('CUDA_VERSION', '12.6.0.022'), ('TCMALLOC_RELEASE_RATE', '200'), ('CUBLAS_VERSION', '12.6.0.22'), ('NSIGHT_SYSTEMS_VERSION', '2024.4.2.133'), ('COLCON_PREFIX_PATH', '/workspaces/isaac_ros-dev/install'), ('ROS_DISTRO', 'humble'), ('OPAL_PREFIX', '/opt/hpcx/ompi'), ('NVIDIA_REQUIRE_CUDA', 'cuda>=9.0'), ('TRT_VERSION', '10.3.0.26+cuda12.5.1.007'), ('GDRCOPY_VERSION', '2.3.1-1'), ('_', '/usr/bin/colcon'), ('ROS_VERSION', '2'), ('NVIDIA_DRIVER_CAPABILITIES', 'all'), ('POLYGRAPHY_VERSION', '0.49.13'), ('CURAND_VERSION', '10.3.7.37'), ('MOFED_VERSION', '5.4-rdmacore39.0'), ('USERNAME', 'admin'), ('TERM', 'xterm'), ('ISAAC_ROS_WS', '/workspaces/isaac_ros-dev'), ('ROS_LOCALHOST_ONLY', '0'), ('TRANSFORMER_ENGINE_VERSION', '1.9'), ('PATH', '/opt/ros/humble/bin:/opt/ros/humble/vcstool/scripts:/opt/tritonserver/bin:/usr/local/mpi/bin:/usr/local/nvidia/bin:/usr/local/cuda/bin:/usr/local/sbin:/usr/local/bin:/usr/sbin:/usr/bin:/sbin:/bin:/usr/local/ucx/bin'), ('HOST_USER_UID', '1000'), ('CUDSS_DIR', '/usr/local/libcudss-linux-0.3.0.9_cuda12-archive'), ('CUDA_DRIVER_VERSION', '560.35.03'), ('_CUDA_COMPAT_STATUS', 'System has unsupported display driver / cuda driver combination (CUDA_ERROR_SYSTEM_DRIVER_MISMATCH) cuInit()=803'), ('DISPLAY', ':1'), ('NVIDIA_PRODUCT_NAME', 'Triton Server'), ('LANG', 'en_US.UTF-8'), ('RMW_IMPLEMENTATION', 'rmw_fastrtps_cpp'), ('NPP_VERSION', '12.3.1.23'), ('ROS_ROOT', '/opt/ros/humble'), ('UCX_MEM_EVENTS', 'no'), ('CUFFT_VERSION', '11.2.6.28'), ('TF_ENABLE_WINOGRAD_NONFUSED', '1'), ('AMENT_PREFIX_PATH', '/workspaces/isaac_ros-dev/install/zed2i_isaac_vslam:/workspaces/isaac_ros-dev/install/zed_wrapper:/workspaces/isaac_ros-dev/install/zed_components:/opt/ros/humble'), ('CUDNN_VERSION', '9.3.0.75'), ('NSIGHT_COMPUTE_VERSION', '2024.3.0.15'), ('DALI_VERSION', '1.40.0'), ('DEBIAN_FRONTEND', 'noninteractive'), ('SHELL', '/bin/bash'), ('DCGM_VERSION', '3.2.6'), ('CUDNN_FRONTEND_VERSION', '1.5.2'), ('OPENMPI_VERSION', '4.1.7'), ('TRTOSS_VERSION', '24.08'), ('OMPI_MCA_coll_hcoll_enable', '0'), ('CUSPARSE_VERSION', '12.5.2.23'), ('NVIDIA_REQUIRE_JETPACK_HOST_MOUNTS', ''), ('TRITON_SERVER_GPU_ENABLED', '1'), ('TRITON_SERVER_VERSION', '2.49.0'), ('BASH_ENV', '/etc/bash.bashrc'), ('PWD', '/workspaces/isaac_ros-dev/build/zed_wrapper'), ('CUSPARSELT_VERSION', '0.6.2.3'), ('PYTHONPATH', '/opt/ros/humble/lib/python3.10/site-packages:/opt/ros/humble/local/lib/python3.10/dist-packages:/opt/ros/humble/vcstool:/opt/tritonserver/backends/dali/wheel/dali:'), ('_CUDA_COMPAT_PATH', '/usr/local/cuda/compat'), ('TRITON_SERVER_USER', 'triton-server'), ('TF_ADJUST_HUE_FUSED', '1'), ('NVIDIA_VISIBLE_DEVICES', 'void'), ('NCCL_VERSION', '2.22.3'), ('COLCON', '1'), ('OPENUCX_VERSION', '1.17.0'), ('HPCX_VERSION', '2.19'), ('CMAKE_PREFIX_PATH', '/workspaces/isaac_ros-dev/install/zed_components:/workspaces/isaac_ros-dev/install/zed2i_isaac_vslam:/workspaces/isaac_ros-dev/install/zed_wrapper:/usr/local/libcudss-linux-0.3.0.9_cuda12-archive:/opt/ros/humble'), ('TF_AUTOTUNE_THRESHOLD', '2'), ('TRT_LIB_PATH', '/usr/lib/x86_64-linux-gnu')]), 'shell': False}
[41.665317] (zed_wrapper) CommandEnded: {'returncode': 0}
[41.665949] (zed_wrapper) JobProgress: {'identifier': 'zed_wrapper', 'progress': 'install'}
[41.666387] (zed_wrapper) Command: {'cmd': ['/usr/bin/cmake', '--install', '/workspaces/isaac_ros-dev/build/zed_wrapper'], 'cwd': '/workspaces/isaac_ros-dev/build/zed_wrapper', 'env': OrderedDict([('DALI_BUILD', '16741769'), ('LIBRARY_PATH', '/usr/local/cuda/lib64/stubs:'), ('NVIDIA_CTK_LIBCUDA_DIR', '/usr/lib/x86_64-linux-gnu'), ('PYTHONWARNINGS', 'ignore:::setuptools.command.install,ignore:::setuptools.command.easy_install,ignore:::pkg_resources,ignore:::setuptools.command.develop'), ('USER', 'jsthope'), ('TRT_INC_PATH', '/usr/include/x86_64-linux-gnu'), ('TF_ADJUST_SATURATION_FUSED', '1'), ('CUSOLVER_VERSION', '11.6.4.38'), ('HOSTNAME', 'ubuntu'), ('CUTENSOR_VERSION', '2.0.2.5'), ('SHLVL', '1'), ('LD_LIBRARY_PATH', '/workspaces/isaac_ros-dev/install/zed_components/lib:/opt/ros/humble/opt/rviz_ogre_vendor/lib:/opt/ros/humble/lib/x86_64-linux-gnu:/opt/ros/humble/lib:/usr/local/libcudss-linux-0.3.0.9_cuda12-archive/lib:/opt/hpcx/ucc/lib/:/opt/hpcx/ucx/lib/:/usr/local/cuda/compat/lib:/usr/local/nvidia/lib:/usr/local/nvidia/lib64:/opt/tritonserver/lib'), ('HOME', '/home/admin'), ('NVIDIA_TRITON_SERVER_VERSION', '24.08'), ('OLDPWD', '/workspaces/isaac_ros-dev'), ('HOST_USER_GID', '1000'), ('CUDA_CACHE_DISABLE', '1'), ('ROS_PYTHON_VERSION', '3'), ('MODEL_OPT_VERSION', '0.15.0'), ('ENV', '/etc/shinit_v2'), ('RDMACORE_VERSION', '39.0'), ('NVJPEG_VERSION', '12.3.3.23'), ('NVIDIA_BUILD_ID', '107631419'), ('CUDA_VERSION', '12.6.0.022'), ('TCMALLOC_RELEASE_RATE', '200'), ('CUBLAS_VERSION', '12.6.0.22'), ('NSIGHT_SYSTEMS_VERSION', '2024.4.2.133'), ('COLCON_PREFIX_PATH', '/workspaces/isaac_ros-dev/install'), ('ROS_DISTRO', 'humble'), ('OPAL_PREFIX', '/opt/hpcx/ompi'), ('NVIDIA_REQUIRE_CUDA', 'cuda>=9.0'), ('TRT_VERSION', '10.3.0.26+cuda12.5.1.007'), ('GDRCOPY_VERSION', '2.3.1-1'), ('_', '/usr/bin/colcon'), ('ROS_VERSION', '2'), ('NVIDIA_DRIVER_CAPABILITIES', 'all'), ('POLYGRAPHY_VERSION', '0.49.13'), ('CURAND_VERSION', '10.3.7.37'), ('MOFED_VERSION', '5.4-rdmacore39.0'), ('USERNAME', 'admin'), ('TERM', 'xterm'), ('ISAAC_ROS_WS', '/workspaces/isaac_ros-dev'), ('ROS_LOCALHOST_ONLY', '0'), ('TRANSFORMER_ENGINE_VERSION', '1.9'), ('PATH', '/opt/ros/humble/bin:/opt/ros/humble/vcstool/scripts:/opt/tritonserver/bin:/usr/local/mpi/bin:/usr/local/nvidia/bin:/usr/local/cuda/bin:/usr/local/sbin:/usr/local/bin:/usr/sbin:/usr/bin:/sbin:/bin:/usr/local/ucx/bin'), ('HOST_USER_UID', '1000'), ('CUDSS_DIR', '/usr/local/libcudss-linux-0.3.0.9_cuda12-archive'), ('CUDA_DRIVER_VERSION', '560.35.03'), ('_CUDA_COMPAT_STATUS', 'System has unsupported display driver / cuda driver combination (CUDA_ERROR_SYSTEM_DRIVER_MISMATCH) cuInit()=803'), ('DISPLAY', ':1'), ('NVIDIA_PRODUCT_NAME', 'Triton Server'), ('LANG', 'en_US.UTF-8'), ('RMW_IMPLEMENTATION', 'rmw_fastrtps_cpp'), ('NPP_VERSION', '12.3.1.23'), ('ROS_ROOT', '/opt/ros/humble'), ('UCX_MEM_EVENTS', 'no'), ('CUFFT_VERSION', '11.2.6.28'), ('TF_ENABLE_WINOGRAD_NONFUSED', '1'), ('AMENT_PREFIX_PATH', '/workspaces/isaac_ros-dev/install/zed2i_isaac_vslam:/workspaces/isaac_ros-dev/install/zed_wrapper:/workspaces/isaac_ros-dev/install/zed_components:/opt/ros/humble'), ('CUDNN_VERSION', '9.3.0.75'), ('NSIGHT_COMPUTE_VERSION', '2024.3.0.15'), ('DALI_VERSION', '1.40.0'), ('DEBIAN_FRONTEND', 'noninteractive'), ('SHELL', '/bin/bash'), ('DCGM_VERSION', '3.2.6'), ('CUDNN_FRONTEND_VERSION', '1.5.2'), ('OPENMPI_VERSION', '4.1.7'), ('TRTOSS_VERSION', '24.08'), ('OMPI_MCA_coll_hcoll_enable', '0'), ('CUSPARSE_VERSION', '12.5.2.23'), ('NVIDIA_REQUIRE_JETPACK_HOST_MOUNTS', ''), ('TRITON_SERVER_GPU_ENABLED', '1'), ('TRITON_SERVER_VERSION', '2.49.0'), ('BASH_ENV', '/etc/bash.bashrc'), ('PWD', '/workspaces/isaac_ros-dev/build/zed_wrapper'), ('CUSPARSELT_VERSION', '0.6.2.3'), ('PYTHONPATH', '/opt/ros/humble/lib/python3.10/site-packages:/opt/ros/humble/local/lib/python3.10/dist-packages:/opt/ros/humble/vcstool:/opt/tritonserver/backends/dali/wheel/dali:'), ('_CUDA_COMPAT_PATH', '/usr/local/cuda/compat'), ('TRITON_SERVER_USER', 'triton-server'), ('TF_ADJUST_HUE_FUSED', '1'), ('NVIDIA_VISIBLE_DEVICES', 'void'), ('NCCL_VERSION', '2.22.3'), ('COLCON', '1'), ('OPENUCX_VERSION', '1.17.0'), ('HPCX_VERSION', '2.19'), ('CMAKE_PREFIX_PATH', '/workspaces/isaac_ros-dev/install/zed_components:/workspaces/isaac_ros-dev/install/zed2i_isaac_vslam:/workspaces/isaac_ros-dev/install/zed_wrapper:/usr/local/libcudss-linux-0.3.0.9_cuda12-archive:/opt/ros/humble'), ('TF_AUTOTUNE_THRESHOLD', '2'), ('TRT_LIB_PATH', '/usr/lib/x86_64-linux-gnu')]), 'shell': False}
[41.673046] (zed_wrapper) StdoutLine: {'line': b'-- Install configuration: "Release"\n'}
[41.673418] (zed_wrapper) StdoutLine: {'line': b'-- Execute custom install script\n'}
[41.674101] (zed_wrapper) StdoutLine: {'line': b'-- Symlinking: /workspaces/isaac_ros-dev/install/zed_wrapper/share/zed_wrapper/config/common_mono.yaml\n'}
[41.681996] (zed_wrapper) StdoutLine: {'line': b'-- Symlinking: /workspaces/isaac_ros-dev/install/zed_wrapper/share/zed_wrapper/config/common_stereo.yaml\n'}
[41.692101] (zed_wrapper) StdoutLine: {'line': b'-- Symlinking: /workspaces/isaac_ros-dev/install/zed_wrapper/share/zed_wrapper/config/ffmpeg.yaml\n'}
[41.700991] (zed_wrapper) StdoutLine: {'line': b'-- Symlinking: /workspaces/isaac_ros-dev/install/zed_wrapper/share/zed_wrapper/config/virtual.yaml\n'}
[41.710049] (zed_wrapper) StdoutLine: {'line': b'-- Symlinking: /workspaces/isaac_ros-dev/install/zed_wrapper/share/zed_wrapper/config/zed.yaml\n'}
[41.717280] (-) TimerEvent: {}
[41.717635] (zed_wrapper) StdoutLine: {'line': b'-- Symlinking: /workspaces/isaac_ros-dev/install/zed_wrapper/share/zed_wrapper/config/zed2.yaml\n'}
[41.726262] (zed_wrapper) StdoutLine: {'line': b'-- Symlinking: /workspaces/isaac_ros-dev/install/zed_wrapper/share/zed_wrapper/config/zed2i.yaml\n'}
[41.738002] (zed_wrapper) StdoutLine: {'line': b'-- Symlinking: /workspaces/isaac_ros-dev/install/zed_wrapper/share/zed_wrapper/config/zedm.yaml\n'}
[41.743753] (zed_wrapper) StdoutLine: {'line': b'-- Symlinking: /workspaces/isaac_ros-dev/install/zed_wrapper/share/zed_wrapper/config/zedx.yaml\n'}
[41.750305] (zed_wrapper) StdoutLine: {'line': b'-- Symlinking: /workspaces/isaac_ros-dev/install/zed_wrapper/share/zed_wrapper/config/zedxm.yaml\n'}
[41.759024] (zed_wrapper) StdoutLine: {'line': b'-- Symlinking: /workspaces/isaac_ros-dev/install/zed_wrapper/share/zed_wrapper/config/zedxone4k.yaml\n'}
[41.764487] (zed_wrapper) StdoutLine: {'line': b'-- Symlinking: /workspaces/isaac_ros-dev/install/zed_wrapper/share/zed_wrapper/config/zedxonegs.yaml\n'}
[41.772188] (zed_wrapper) StdoutLine: {'line': b'-- Symlinking: /workspaces/isaac_ros-dev/install/zed_wrapper/share/zed_wrapper/urdf/include/materials.urdf.xacro\n'}
[41.781596] (zed_wrapper) StdoutLine: {'line': b'-- Symlinking: /workspaces/isaac_ros-dev/install/zed_wrapper/share/zed_wrapper/urdf/zed_descr.urdf.xacro\n'}
[41.791272] (zed_wrapper) StdoutLine: {'line': b'-- Symlinking: /workspaces/isaac_ros-dev/install/zed_wrapper/share/zed_wrapper/urdf/zed_macro.urdf.xacro\n'}
[41.799861] (zed_wrapper) StdoutLine: {'line': b'-- Symlinking: /workspaces/isaac_ros-dev/install/zed_wrapper/share/zed_wrapper/launch/__pycache__/zed_camera.launch.cpython-310.pyc\n'}
[41.808244] (zed_wrapper) StdoutLine: {'line': b'-- Symlinking: /workspaces/isaac_ros-dev/install/zed_wrapper/share/zed_wrapper/launch/zed_camera.launch.py\n'}
[41.817122] (zed_wrapper) StdoutLine: {'line': b'-- Symlinking: /workspaces/isaac_ros-dev/install/zed_wrapper/share/ament_index/resource_index/package_run_dependencies/zed_wrapper\n'}
[41.817332] (-) TimerEvent: {}
[41.824252] (zed_wrapper) StdoutLine: {'line': b'-- Symlinking: /workspaces/isaac_ros-dev/install/zed_wrapper/share/ament_index/resource_index/parent_prefix_path/zed_wrapper\n'}
[41.835111] (zed_wrapper) StdoutLine: {'line': b'-- Symlinking: /workspaces/isaac_ros-dev/install/zed_wrapper/share/zed_wrapper/environment/ament_prefix_path.sh\n'}
[41.842245] (zed_wrapper) StdoutLine: {'line': b'-- Symlinking: /workspaces/isaac_ros-dev/install/zed_wrapper/share/zed_wrapper/environment/ament_prefix_path.dsv\n'}
[41.848919] (zed_wrapper) StdoutLine: {'line': b'-- Symlinking: /workspaces/isaac_ros-dev/install/zed_wrapper/share/zed_wrapper/environment/path.sh\n'}
[41.858569] (zed_wrapper) StdoutLine: {'line': b'-- Symlinking: /workspaces/isaac_ros-dev/install/zed_wrapper/share/zed_wrapper/environment/path.dsv\n'}
[41.864511] (zed_wrapper) StdoutLine: {'line': b'-- Symlinking: /workspaces/isaac_ros-dev/install/zed_wrapper/share/zed_wrapper/local_setup.bash\n'}
[41.871632] (zed_wrapper) StdoutLine: {'line': b'-- Symlinking: /workspaces/isaac_ros-dev/install/zed_wrapper/share/zed_wrapper/local_setup.sh\n'}
[41.878084] (zed_wrapper) StdoutLine: {'line': b'-- Symlinking: /workspaces/isaac_ros-dev/install/zed_wrapper/share/zed_wrapper/local_setup.zsh\n'}
[41.883885] (zed_wrapper) StdoutLine: {'line': b'-- Symlinking: /workspaces/isaac_ros-dev/install/zed_wrapper/share/zed_wrapper/local_setup.dsv\n'}
[41.889395] (zed_wrapper) StdoutLine: {'line': b'-- Symlinking: /workspaces/isaac_ros-dev/install/zed_wrapper/share/zed_wrapper/package.dsv\n'}
[41.893680] (zed_wrapper) StdoutLine: {'line': b'-- Symlinking: /workspaces/isaac_ros-dev/install/zed_wrapper/share/ament_index/resource_index/packages/zed_wrapper\n'}
[41.902465] (zed_wrapper) StdoutLine: {'line': b'-- Symlinking: /workspaces/isaac_ros-dev/install/zed_wrapper/share/zed_wrapper/cmake/zed_wrapperConfig.cmake\n'}
[41.911418] (zed_wrapper) StdoutLine: {'line': b'-- Symlinking: /workspaces/isaac_ros-dev/install/zed_wrapper/share/zed_wrapper/cmake/zed_wrapperConfig-version.cmake\n'}
[41.917498] (-) TimerEvent: {}
[41.919765] (zed_wrapper) StdoutLine: {'line': b'-- Symlinking: /workspaces/isaac_ros-dev/install/zed_wrapper/share/zed_wrapper/package.xml\n'}
[41.931922] (zed_wrapper) CommandEnded: {'returncode': 0}
[41.939856] (zed_wrapper) JobEnded: {'identifier': 'zed_wrapper', 'rc': 0}
[41.940343] (-) EventReactorShutdown: {}
